{"/home/stas/Документы/KNGK/Portal/portal/apps/portal/components/app-bar.tsx": {"path":"/home/stas/Документы/KNGK/Portal/portal/apps/portal/components/app-bar.tsx","statementMap":{"0":{"start":{"line":4,"column":0},"end":{"line":4,"column":40}},"1":{"start":{"line":5,"column":0},"end":{"line":5,"column":33}},"2":{"start":{"line":6,"column":0},"end":{"line":6,"column":67}},"3":{"start":{"line":7,"column":0},"end":{"line":7,"column":75}},"4":{"start":{"line":8,"column":0},"end":{"line":8,"column":98}},"5":{"start":{"line":9,"column":0},"end":{"line":9,"column":24}},"6":{"start":{"line":10,"column":0},"end":{"line":10,"column":47}},"7":{"start":{"line":11,"column":0},"end":{"line":11,"column":49}},"8":{"start":{"line":12,"column":0},"end":{"line":12,"column":61}},"9":{"start":{"line":13,"column":0},"end":{"line":13,"column":61}},"10":{"start":{"line":15,"column":0},"end":{"line":15,"column":49}},"11":{"start":{"line":20,"column":0},"end":{"line":20,"column":65}},"12":{"start":{"line":21,"column":0},"end":{"line":21,"column":74}},"13":{"start":{"line":22,"column":0},"end":{"line":22,"column":62}},"14":{"start":{"line":24,"column":0},"end":{"line":24,"column":49}},"15":{"start":{"line":25,"column":0},"end":{"line":25,"column":48}},"16":{"start":{"line":26,"column":0},"end":{"line":26,"column":40}},"17":{"start":{"line":27,"column":0},"end":{"line":27,"column":55}},"18":{"start":{"line":28,"column":0},"end":{"line":28,"column":34}},"19":{"start":{"line":29,"column":0},"end":{"line":29,"column":43}},"20":{"start":{"line":32,"column":21},"end":{"line":32,"column":23}},"21":{"start":{"line":33,"column":13},"end":{"line":33,"column":31}},"22":{"start":{"line":35,"column":18},"end":{"line":95,"column":null}},"23":{"start":{"line":36,"column":2},"end":{"line":95,"column":4}},"24":{"start":{"line":102,"column":19},"end":{"line":221,"column":1}},"25":{"start":{"line":103,"column":18},"end":{"line":103,"column":31}},"26":{"start":{"line":104,"column":34},"end":{"line":104,"column":39}},"27":{"start":{"line":105,"column":34},"end":{"line":105,"column":68}},"28":{"start":{"line":106,"column":17},"end":{"line":106,"column":34}},"29":{"start":{"line":108,"column":19},"end":{"line":115,"column":4}},"30":{"start":{"line":110,"column":6},"end":{"line":110,"column":29}},"31":{"start":{"line":111,"column":6},"end":{"line":111,"column":26}},"32":{"start":{"line":113,"column":6},"end":{"line":113,"column":47}},"33":{"start":{"line":117,"column":23},"end":{"line":119,"column":3}},"34":{"start":{"line":118,"column":4},"end":{"line":118,"column":13}},"35":{"start":{"line":121,"column":28},"end":{"line":123,"column":3}},"36":{"start":{"line":122,"column":4},"end":{"line":122,"column":37}},"37":{"start":{"line":125,"column":29},"end":{"line":127,"column":3}},"38":{"start":{"line":126,"column":4},"end":{"line":126,"column":22}},"39":{"start":{"line":129,"column":15},"end":{"line":129,"column":32}},"40":{"start":{"line":131,"column":2},"end":{"line":220,"column":4}},"41":{"start":{"line":136,"column":12},"end":{"line":214,"column":null}},"42":{"start":{"line":223,"column":0},"end":{"line":223,"column":65}}},"fnMap":{"0":{"name":"(anonymous_2)","decl":{"start":{"line":35,"column":29},"end":{"line":35,"column":30}},"loc":{"start":{"line":36,"column":2},"end":{"line":95,"column":4}}},"1":{"name":"(anonymous_3)","decl":{"start":{"line":102,"column":19},"end":{"line":102,"column":20}},"loc":{"start":{"line":102,"column":62},"end":{"line":221,"column":1}}},"2":{"name":"(anonymous_4)","decl":{"start":{"line":109,"column":4},"end":{"line":109,"column":15}},"loc":{"start":{"line":109,"column":15},"end":{"line":114,"column":5}}},"3":{"name":"(anonymous_5)","decl":{"start":{"line":117,"column":23},"end":{"line":117,"column":32}},"loc":{"start":{"line":117,"column":34},"end":{"line":119,"column":3}}},"4":{"name":"(anonymous_6)","decl":{"start":{"line":121,"column":28},"end":{"line":121,"column":29}},"loc":{"start":{"line":121,"column":75},"end":{"line":123,"column":3}}},"5":{"name":"(anonymous_7)","decl":{"start":{"line":125,"column":29},"end":{"line":125,"column":38}},"loc":{"start":{"line":125,"column":40},"end":{"line":127,"column":3}}},"6":{"name":"(anonymous_8)","decl":{"start":{"line":135,"column":11},"end":{"line":135,"column":12}},"loc":{"start":{"line":136,"column":12},"end":{"line":214,"column":null}}}},"branchMap":{"0":{"loc":{"start":{"line":139,"column":25},"end":{"line":139,"column":37}},"type":"binary-expr","locations":[{"start":{"line":139,"column":25},"end":{"line":139,"column":37}},{"start":{"line":139,"column":41},"end":{"line":139,"column":57}}]},"1":{"loc":{"start":{"line":149,"column":79},"end":{"line":149,"column":91}},"type":"binary-expr","locations":[{"start":{"line":149,"column":79},"end":{"line":149,"column":91}},{"start":{"line":149,"column":95},"end":{"line":149,"column":112}}]},"2":{"loc":{"start":{"line":151,"column":18},"end":{"line":154,"column":null}},"type":"cond-expr","locations":[{"start":{"line":151,"column":18},"end":{"line":154,"column":null}},{"start":{"line":157,"column":18},"end":{"line":157,"column":74}}]},"3":{"loc":{"start":{"line":160,"column":15},"end":{"line":160,"column":27}},"type":"binary-expr","locations":[{"start":{"line":160,"column":15},"end":{"line":160,"column":27}},{"start":{"line":161,"column":16},"end":{"line":212,"column":null}}]},"4":{"loc":{"start":{"line":185,"column":23},"end":{"line":185,"column":53}},"type":"binary-expr","locations":[{"start":{"line":185,"column":23},"end":{"line":185,"column":53}},{"start":{"line":186,"column":24},"end":{"line":188,"column":null}}]},"5":{"loc":{"start":{"line":191,"column":23},"end":{"line":191,"column":50}},"type":"binary-expr","locations":[{"start":{"line":191,"column":23},"end":{"line":191,"column":50}},{"start":{"line":192,"column":24},"end":{"line":194,"column":null}}]},"6":{"loc":{"start":{"line":197,"column":23},"end":{"line":197,"column":53}},"type":"binary-expr","locations":[{"start":{"line":197,"column":23},"end":{"line":197,"column":53}},{"start":{"line":198,"column":24},"end":{"line":200,"column":null}}]}},"s":{"0":2,"1":2,"2":2,"3":2,"4":2,"5":2,"6":2,"7":2,"8":2,"9":2,"10":2,"11":2,"12":2,"13":2,"14":2,"15":2,"16":2,"17":2,"18":2,"19":2,"20":2,"21":2,"22":2,"23":0,"24":2,"25":0,"26":0,"27":0,"28":0,"29":0,"30":0,"31":0,"32":0,"33":0,"34":0,"35":0,"36":0,"37":0,"38":0,"39":0,"40":0,"41":0,"42":2},"f":{"0":0,"1":0,"2":0,"3":0,"4":0,"5":0,"6":0},"b":{"0":[0,0],"1":[0,0],"2":[0,0],"3":[0,0],"4":[0,0],"5":[0,0],"6":[0,0]}}
,"/home/stas/Документы/KNGK/Portal/portal/apps/portal/components/avatar.tsx": {"path":"/home/stas/Документы/KNGK/Portal/portal/apps/portal/components/avatar.tsx","statementMap":{"0":{"start":{"line":4,"column":0},"end":{"line":4,"column":26}},"1":{"start":{"line":5,"column":0},"end":{"line":5,"column":49}},"2":{"start":{"line":9,"column":0},"end":{"line":9,"column":68}},"3":{"start":{"line":10,"column":0},"end":{"line":10,"column":64}},"4":{"start":{"line":11,"column":0},"end":{"line":11,"column":68}},"5":{"start":{"line":22,"column":13},"end":{"line":40,"column":2}},"6":{"start":{"line":23,"column":57},"end":{"line":23,"column":62}},"7":{"start":{"line":23,"column":45},"end":{"line":23,"column":57}},"8":{"start":{"line":24,"column":12},"end":{"line":24,"column":36}},"9":{"start":{"line":26,"column":2},"end":{"line":28,"column":null}},"10":{"start":{"line":27,"column":4},"end":{"line":27,"column":54}},"11":{"start":{"line":30,"column":2},"end":{"line":32,"column":null}},"12":{"start":{"line":31,"column":4},"end":{"line":31,"column":47}},"13":{"start":{"line":34,"column":55},"end":{"line":34,"column":62}},"14":{"start":{"line":35,"column":16},"end":{"line":35,"column":60}},"15":{"start":{"line":37,"column":2},"end":{"line":37,"column":80}},"16":{"start":{"line":39,"column":2},"end":{"line":39,"column":43}}},"fnMap":{"0":{"name":"(anonymous_2)","decl":{"start":{"line":22,"column":22},"end":{"line":22,"column":23}},"loc":{"start":{"line":22,"column":65},"end":{"line":40,"column":1}}}},"branchMap":{"0":{"loc":{"start":{"line":23,"column":30},"end":{"line":23,"column":35}},"type":"default-arg","locations":[{"start":{"line":23,"column":30},"end":{"line":23,"column":35}}]},"1":{"loc":{"start":{"line":26,"column":2},"end":{"line":28,"column":null}},"type":"if","locations":[{"start":{"line":26,"column":2},"end":{"line":28,"column":null}},{"start":{"line":26,"column":2},"end":{"line":28,"column":null}}]},"2":{"loc":{"start":{"line":30,"column":2},"end":{"line":32,"column":null}},"type":"if","locations":[{"start":{"line":30,"column":2},"end":{"line":32,"column":null}},{"start":{"line":30,"column":2},"end":{"line":32,"column":null}}]},"3":{"loc":{"start":{"line":35,"column":27},"end":{"line":35,"column":41}},"type":"cond-expr","locations":[{"start":{"line":35,"column":27},"end":{"line":35,"column":41}},{"start":{"line":35,"column":44},"end":{"line":35,"column":60}}]},"4":{"loc":{"start":{"line":37,"column":16},"end":{"line":37,"column":27}},"type":"cond-expr","locations":[{"start":{"line":37,"column":16},"end":{"line":37,"column":27}},{"start":{"line":37,"column":30},"end":{"line":37,"column":79}}]},"5":{"loc":{"start":{"line":37,"column":45},"end":{"line":37,"column":48}},"type":"cond-expr","locations":[{"start":{"line":37,"column":45},"end":{"line":37,"column":48}},{"start":{"line":37,"column":51},"end":{"line":37,"column":79}}]},"6":{"loc":{"start":{"line":37,"column":66},"end":{"line":37,"column":71}},"type":"cond-expr","locations":[{"start":{"line":37,"column":66},"end":{"line":37,"column":71}},{"start":{"line":37,"column":74},"end":{"line":37,"column":79}}]}},"s":{"0":2,"1":2,"2":2,"3":2,"4":2,"5":2,"6":0,"7":0,"8":0,"9":0,"10":0,"11":0,"12":0,"13":0,"14":0,"15":0,"16":0},"f":{"0":0},"b":{"0":[0],"1":[0,0],"2":[0,0],"3":[0,0],"4":[0,0],"5":[0,0],"6":[0,0]}}
,"/home/stas/Документы/KNGK/Portal/portal/apps/portal/components/button.tsx": {"path":"/home/stas/Документы/KNGK/Portal/portal/apps/portal/components/button.tsx","statementMap":{"0":{"start":{"line":2,"column":0},"end":{"line":2,"column":26}},"1":{"start":{"line":3,"column":0},"end":{"line":3,"column":75}},"2":{"start":{"line":4,"column":0},"end":{"line":4,"column":63}},"3":{"start":{"line":5,"column":0},"end":{"line":5,"column":24}},"4":{"start":{"line":6,"column":0},"end":{"line":6,"column":71}},"5":{"start":{"line":7,"column":0},"end":{"line":7,"column":69}},"6":{"start":{"line":13,"column":18},"end":{"line":31,"column":null}},"7":{"start":{"line":14,"column":2},"end":{"line":31,"column":4}},"8":{"start":{"line":34,"column":19},"end":{"line":43,"column":1}},"9":{"start":{"line":34,"column":64},"end":{"line":34,"column":66}},"10":{"start":{"line":34,"column":66},"end":{"line":34,"column":73}},"11":{"start":{"line":35,"column":18},"end":{"line":35,"column":31}},"12":{"start":{"line":36,"column":15},"end":{"line":36,"column":83}},"13":{"start":{"line":38,"column":2},"end":{"line":42,"column":4}},"14":{"start":{"line":45,"column":0},"end":{"line":45,"column":26}}},"fnMap":{"0":{"name":"(anonymous_2)","decl":{"start":{"line":13,"column":29},"end":{"line":13,"column":30}},"loc":{"start":{"line":14,"column":2},"end":{"line":31,"column":4}}},"1":{"name":"(anonymous_3)","decl":{"start":{"line":34,"column":19},"end":{"line":34,"column":20}},"loc":{"start":{"line":34,"column":116},"end":{"line":43,"column":1}}}},"branchMap":{"0":{"loc":{"start":{"line":34,"column":35},"end":{"line":34,"column":43}},"type":"default-arg","locations":[{"start":{"line":34,"column":35},"end":{"line":34,"column":43}}]},"1":{"loc":{"start":{"line":36,"column":41},"end":{"line":36,"column":60}},"type":"cond-expr","locations":[{"start":{"line":36,"column":41},"end":{"line":36,"column":60}},{"start":{"line":36,"column":63},"end":{"line":36,"column":83}}]}},"s":{"0":1,"1":1,"2":1,"3":1,"4":1,"5":1,"6":1,"7":1,"8":1,"9":2,"10":2,"11":2,"12":2,"13":2,"14":1},"f":{"0":1,"1":2},"b":{"0":[0],"1":[2,0]}}
,"/home/stas/Документы/KNGK/Portal/portal/apps/portal/components/drawer.tsx": {"path":"/home/stas/Документы/KNGK/Portal/portal/apps/portal/components/drawer.tsx","statementMap":{"0":{"start":{"line":4,"column":0},"end":{"line":4,"column":42}},"1":{"start":{"line":5,"column":0},"end":{"line":5,"column":91}},"2":{"start":{"line":6,"column":0},"end":{"line":6,"column":24}},"3":{"start":{"line":7,"column":0},"end":{"line":7,"column":102}},"4":{"start":{"line":8,"column":0},"end":{"line":8,"column":29}},"5":{"start":{"line":9,"column":0},"end":{"line":9,"column":40}},"6":{"start":{"line":13,"column":0},"end":{"line":13,"column":85}},"7":{"start":{"line":14,"column":0},"end":{"line":14,"column":65}},"8":{"start":{"line":15,"column":0},"end":{"line":15,"column":26}},"9":{"start":{"line":16,"column":0},"end":{"line":16,"column":73}},"10":{"start":{"line":17,"column":0},"end":{"line":17,"column":88}},"11":{"start":{"line":18,"column":0},"end":{"line":18,"column":73}},"12":{"start":{"line":19,"column":0},"end":{"line":19,"column":88}},"13":{"start":{"line":20,"column":0},"end":{"line":20,"column":63}},"14":{"start":{"line":21,"column":0},"end":{"line":21,"column":78}},"15":{"start":{"line":22,"column":0},"end":{"line":22,"column":71}},"16":{"start":{"line":23,"column":0},"end":{"line":23,"column":86}},"17":{"start":{"line":24,"column":0},"end":{"line":24,"column":65}},"18":{"start":{"line":25,"column":0},"end":{"line":25,"column":80}},"19":{"start":{"line":26,"column":0},"end":{"line":26,"column":67}},"20":{"start":{"line":27,"column":0},"end":{"line":27,"column":82}},"21":{"start":{"line":28,"column":0},"end":{"line":28,"column":71}},"22":{"start":{"line":29,"column":0},"end":{"line":29,"column":86}},"23":{"start":{"line":30,"column":0},"end":{"line":30,"column":65}},"24":{"start":{"line":31,"column":0},"end":{"line":31,"column":80}},"25":{"start":{"line":32,"column":0},"end":{"line":32,"column":75}},"26":{"start":{"line":33,"column":0},"end":{"line":33,"column":90}},"27":{"start":{"line":34,"column":0},"end":{"line":34,"column":73}},"28":{"start":{"line":35,"column":0},"end":{"line":35,"column":88}},"29":{"start":{"line":36,"column":0},"end":{"line":36,"column":67}},"30":{"start":{"line":37,"column":0},"end":{"line":37,"column":82}},"31":{"start":{"line":38,"column":0},"end":{"line":38,"column":48}},"32":{"start":{"line":39,"column":0},"end":{"line":39,"column":47}},"33":{"start":{"line":42,"column":20},"end":{"line":42,"column":23}},"34":{"start":{"line":44,"column":18},"end":{"line":89,"column":null}},"35":{"start":{"line":45,"column":2},"end":{"line":89,"column":4}},"36":{"start":{"line":107,"column":42},"end":{"line":244,"column":1}},"37":{"start":{"line":108,"column":18},"end":{"line":108,"column":31}},"38":{"start":{"line":109,"column":16},"end":{"line":109,"column":26}},"39":{"start":{"line":110,"column":17},"end":{"line":110,"column":28}},"40":{"start":{"line":111,"column":17},"end":{"line":111,"column":60}},"41":{"start":{"line":112,"column":18},"end":{"line":112,"column":44}},"42":{"start":{"line":113,"column":44},"end":{"line":113,"column":49}},"43":{"start":{"line":115,"column":27},"end":{"line":145,"column":4}},"44":{"start":{"line":147,"column":19},"end":{"line":147,"column":48}},"45":{"start":{"line":150,"column":4},"end":{"line":198,"column":null}},"46":{"start":{"line":153,"column":10},"end":{"line":155,"column":null}},"47":{"start":{"line":154,"column":12},"end":{"line":154,"column":26}},"48":{"start":{"line":157,"column":27},"end":{"line":157,"column":56}},"49":{"start":{"line":159,"column":30},"end":{"line":163,"column":11}},"50":{"start":{"line":160,"column":12},"end":{"line":160,"column":33}},"51":{"start":{"line":160,"column":26},"end":{"line":160,"column":33}},"52":{"start":{"line":162,"column":12},"end":{"line":162,"column":101}},"53":{"start":{"line":165,"column":30},"end":{"line":169,"column":11}},"54":{"start":{"line":166,"column":12},"end":{"line":166,"column":33}},"55":{"start":{"line":166,"column":26},"end":{"line":166,"column":33}},"56":{"start":{"line":168,"column":12},"end":{"line":168,"column":97}},"57":{"start":{"line":171,"column":10},"end":{"line":196,"column":12}},"58":{"start":{"line":202,"column":2},"end":{"line":243,"column":4}},"59":{"start":{"line":246,"column":0},"end":{"line":248,"column":3}},"60":{"start":{"line":246,"column":36},"end":{"line":248,"column":2}},"61":{"start":{"line":250,"column":0},"end":{"line":250,"column":65}}},"fnMap":{"0":{"name":"(anonymous_2)","decl":{"start":{"line":44,"column":29},"end":{"line":44,"column":30}},"loc":{"start":{"line":45,"column":2},"end":{"line":89,"column":4}}},"1":{"name":"(anonymous_3)","decl":{"start":{"line":107,"column":42},"end":{"line":107,"column":43}},"loc":{"start":{"line":107,"column":72},"end":{"line":244,"column":1}}},"2":{"name":"(anonymous_4)","decl":{"start":{"line":152,"column":21},"end":{"line":152,"column":22}},"loc":{"start":{"line":152,"column":62},"end":{"line":197,"column":9}}},"3":{"name":"(anonymous_5)","decl":{"start":{"line":159,"column":30},"end":{"line":159,"column":31}},"loc":{"start":{"line":159,"column":47},"end":{"line":163,"column":11}}},"4":{"name":"(anonymous_6)","decl":{"start":{"line":165,"column":30},"end":{"line":165,"column":31}},"loc":{"start":{"line":165,"column":47},"end":{"line":169,"column":11}}},"5":{"name":"(anonymous_7)","decl":{"start":{"line":246,"column":29},"end":{"line":246,"column":32}},"loc":{"start":{"line":246,"column":36},"end":{"line":248,"column":2}}}},"branchMap":{"0":{"loc":{"start":{"line":147,"column":28},"end":{"line":147,"column":43}},"type":"cond-expr","locations":[{"start":{"line":147,"column":28},"end":{"line":147,"column":43}},{"start":{"line":147,"column":46},"end":{"line":147,"column":48}}]},"1":{"loc":{"start":{"line":153,"column":10},"end":{"line":155,"column":null}},"type":"if","locations":[{"start":{"line":153,"column":10},"end":{"line":155,"column":null}},{"start":{"line":153,"column":10},"end":{"line":155,"column":null}}]},"2":{"loc":{"start":{"line":153,"column":14},"end":{"line":153,"column":44}},"type":"binary-expr","locations":[{"start":{"line":153,"column":14},"end":{"line":153,"column":44}},{"start":{"line":153,"column":49},"end":{"line":153,"column":62}},{"start":{"line":153,"column":67},"end":{"line":153,"column":79}},{"start":{"line":153,"column":83},"end":{"line":153,"column":104}}]},"3":{"loc":{"start":{"line":160,"column":12},"end":{"line":160,"column":33}},"type":"if","locations":[{"start":{"line":160,"column":12},"end":{"line":160,"column":33}},{"start":{"line":160,"column":12},"end":{"line":160,"column":33}}]},"4":{"loc":{"start":{"line":166,"column":12},"end":{"line":166,"column":33}},"type":"if","locations":[{"start":{"line":166,"column":12},"end":{"line":166,"column":33}},{"start":{"line":166,"column":12},"end":{"line":166,"column":33}}]},"5":{"loc":{"start":{"line":190,"column":42},"end":{"line":190,"column":54}},"type":"cond-expr","locations":[{"start":{"line":190,"column":42},"end":{"line":190,"column":54}},{"start":{"line":190,"column":57},"end":{"line":190,"column":65}}]},"6":{"loc":{"start":{"line":205,"column":8},"end":{"line":222,"column":null}},"type":"cond-expr","locations":[{"start":{"line":205,"column":8},"end":{"line":222,"column":null}},{"start":{"line":225,"column":8},"end":{"line":239,"column":null}}]},"7":{"loc":{"start":{"line":204,"column":7},"end":{"line":204,"column":15}},"type":"binary-expr","locations":[{"start":{"line":204,"column":7},"end":{"line":204,"column":15}},{"start":{"line":204,"column":19},"end":{"line":204,"column":25}}]},"8":{"loc":{"start":{"line":207,"column":46},"end":{"line":207,"column":53}},"type":"cond-expr","locations":[{"start":{"line":207,"column":46},"end":{"line":207,"column":53}},{"start":{"line":207,"column":56},"end":{"line":207,"column":62}}]}},"s":{"0":2,"1":2,"2":2,"3":2,"4":2,"5":2,"6":2,"7":2,"8":2,"9":2,"10":2,"11":2,"12":2,"13":2,"14":2,"15":2,"16":2,"17":2,"18":2,"19":2,"20":2,"21":2,"22":2,"23":2,"24":2,"25":2,"26":2,"27":2,"28":2,"29":2,"30":2,"31":2,"32":2,"33":2,"34":2,"35":1,"36":2,"37":3,"38":3,"39":3,"40":3,"41":3,"42":3,"43":3,"44":3,"45":3,"46":33,"47":3,"48":30,"49":30,"50":0,"51":0,"52":0,"53":30,"54":0,"55":0,"56":0,"57":30,"58":3,"59":2,"60":0,"61":2},"f":{"0":1,"1":3,"2":33,"3":0,"4":0,"5":0},"b":{"0":[3,0],"1":[3,30],"2":[33,3,0,0],"3":[0,0],"4":[0,0],"5":[0,30],"6":[0,3],"7":[3,3],"8":[0,0]}}
,"/home/stas/Документы/KNGK/Portal/portal/apps/portal/components/gql-error.tsx": {"path":"/home/stas/Документы/KNGK/Portal/portal/apps/portal/components/gql-error.tsx","statementMap":{"0":{"start":{"line":4,"column":0},"end":{"line":4,"column":26}},"1":{"start":{"line":5,"column":0},"end":{"line":5,"column":68}},"2":{"start":{"line":6,"column":0},"end":{"line":6,"column":54}},"3":{"start":{"line":14,"column":18},"end":{"line":19,"column":null}},"4":{"start":{"line":15,"column":2},"end":{"line":19,"column":4}},"5":{"start":{"line":26,"column":13},"end":{"line":37,"column":2}},"6":{"start":{"line":27,"column":18},"end":{"line":27,"column":31}},"7":{"start":{"line":29,"column":2},"end":{"line":36,"column":4}},"8":{"start":{"line":33,"column":10},"end":{"line":33,"column":105}}},"fnMap":{"0":{"name":"(anonymous_1)","decl":{"start":{"line":14,"column":29},"end":{"line":14,"column":32}},"loc":{"start":{"line":15,"column":2},"end":{"line":19,"column":4}}},"1":{"name":"(anonymous_2)","decl":{"start":{"line":26,"column":24},"end":{"line":26,"column":25}},"loc":{"start":{"line":26,"column":66},"end":{"line":37,"column":1}}},"2":{"name":"(anonymous_3)","decl":{"start":{"line":32,"column":8},"end":{"line":32,"column":9}},"loc":{"start":{"line":33,"column":10},"end":{"line":33,"column":105}}}},"branchMap":{"0":{"loc":{"start":{"line":33,"column":58},"end":{"line":33,"column":87}},"type":"cond-expr","locations":[{"start":{"line":33,"column":58},"end":{"line":33,"column":87}},{"start":{"line":33,"column":90},"end":{"line":33,"column":103}}]}},"s":{"0":1,"1":1,"2":1,"3":1,"4":0,"5":1,"6":0,"7":0,"8":0},"f":{"0":0,"1":0,"2":0},"b":{"0":[0,0]}}
,"/home/stas/Документы/KNGK/Portal/portal/apps/portal/components/icon.tsx": {"path":"/home/stas/Документы/KNGK/Portal/portal/apps/portal/components/icon.tsx","statementMap":{"0":{"start":{"line":2,"column":0},"end":{"line":2,"column":26}},"1":{"start":{"line":3,"column":0},"end":{"line":3,"column":75}},"2":{"start":{"line":4,"column":0},"end":{"line":4,"column":42}},"3":{"start":{"line":6,"column":0},"end":{"line":6,"column":61}},"4":{"start":{"line":8,"column":18},"end":{"line":8,"column":20}},"5":{"start":{"line":17,"column":18},"end":{"line":23,"column":null}},"6":{"start":{"line":18,"column":2},"end":{"line":23,"column":4}},"7":{"start":{"line":19,"column":22},"end":{"line":22,"column":6}},"8":{"start":{"line":26,"column":17},"end":{"line":47,"column":1}},"9":{"start":{"line":26,"column":24},"end":{"line":26,"column":26}},"10":{"start":{"line":26,"column":26},"end":{"line":26,"column":34}},"11":{"start":{"line":27,"column":18},"end":{"line":27,"column":37}},"12":{"start":{"line":29,"column":32},"end":{"line":29,"column":34}},"13":{"start":{"line":31,"column":2},"end":{"line":34,"column":null}},"14":{"start":{"line":32,"column":20},"end":{"line":32,"column":29}},"15":{"start":{"line":33,"column":4},"end":{"line":33,"column":23}},"16":{"start":{"line":36,"column":2},"end":{"line":40,"column":null}},"17":{"start":{"line":37,"column":4},"end":{"line":37,"column":85}},"18":{"start":{"line":39,"column":4},"end":{"line":39,"column":29}},"19":{"start":{"line":42,"column":2},"end":{"line":46,"column":4}},"20":{"start":{"line":49,"column":0},"end":{"line":49,"column":24}}},"fnMap":{"0":{"name":"(anonymous_2)","decl":{"start":{"line":17,"column":59},"end":{"line":17,"column":62}},"loc":{"start":{"line":18,"column":2},"end":{"line":23,"column":4}}},"1":{"name":"(anonymous_3)","decl":{"start":{"line":19,"column":10},"end":{"line":19,"column":11}},"loc":{"start":{"line":19,"column":22},"end":{"line":22,"column":6}}},"2":{"name":"(anonymous_4)","decl":{"start":{"line":26,"column":17},"end":{"line":26,"column":18}},"loc":{"start":{"line":26,"column":71},"end":{"line":47,"column":1}}}},"branchMap":{"0":{"loc":{"start":{"line":20,"column":26},"end":{"line":20,"column":36}},"type":"cond-expr","locations":[{"start":{"line":20,"column":26},"end":{"line":20,"column":36}},{"start":{"line":20,"column":39},"end":{"line":20,"column":48}}]},"1":{"loc":{"start":{"line":21,"column":27},"end":{"line":21,"column":37}},"type":"cond-expr","locations":[{"start":{"line":21,"column":27},"end":{"line":21,"column":37}},{"start":{"line":21,"column":40},"end":{"line":21,"column":49}}]},"2":{"loc":{"start":{"line":31,"column":2},"end":{"line":34,"column":null}},"type":"if","locations":[{"start":{"line":31,"column":2},"end":{"line":34,"column":null}},{"start":{"line":31,"column":2},"end":{"line":34,"column":null}}]},"3":{"loc":{"start":{"line":36,"column":2},"end":{"line":40,"column":null}},"type":"if","locations":[{"start":{"line":36,"column":2},"end":{"line":40,"column":null}},{"start":{"line":36,"column":2},"end":{"line":40,"column":null}}]},"4":{"loc":{"start":{"line":37,"column":36},"end":{"line":37,"column":72}},"type":"cond-expr","locations":[{"start":{"line":37,"column":36},"end":{"line":37,"column":72}},{"start":{"line":37,"column":75},"end":{"line":37,"column":84}}]}},"s":{"0":2,"1":2,"2":2,"3":2,"4":2,"5":2,"6":0,"7":0,"8":2,"9":0,"10":0,"11":0,"12":0,"13":0,"14":0,"15":0,"16":0,"17":0,"18":0,"19":0,"20":2},"f":{"0":0,"1":0,"2":0},"b":{"0":[0,0],"1":[0,0],"2":[0,0],"3":[0,0],"4":[0,0]}}
,"/home/stas/Документы/KNGK/Portal/portal/apps/portal/components/isAdmin.tsx": {"path":"/home/stas/Документы/KNGK/Portal/portal/apps/portal/components/isAdmin.tsx","statementMap":{"0":{"start":{"line":3,"column":0},"end":{"line":3,"column":42}},"1":{"start":{"line":4,"column":0},"end":{"line":4,"column":48}},"2":{"start":{"line":6,"column":16},"end":{"line":10,"column":1}},"3":{"start":{"line":7,"column":18},"end":{"line":7,"column":44}},"4":{"start":{"line":9,"column":2},"end":{"line":9,"column":76}},"5":{"start":{"line":12,"column":0},"end":{"line":12,"column":32}},"6":{"start":{"line":14,"column":0},"end":{"line":14,"column":23}}},"fnMap":{"0":{"name":"(anonymous_1)","decl":{"start":{"line":6,"column":16},"end":{"line":6,"column":17}},"loc":{"start":{"line":6,"column":58},"end":{"line":10,"column":1}}}},"branchMap":{"0":{"loc":{"start":{"line":9,"column":12},"end":{"line":9,"column":19}},"type":"binary-expr","locations":[{"start":{"line":9,"column":12},"end":{"line":9,"column":19}},{"start":{"line":9,"column":23},"end":{"line":9,"column":35}},{"start":{"line":9,"column":39},"end":{"line":9,"column":59}},{"start":{"line":9,"column":63},"end":{"line":9,"column":71}}]}},"s":{"0":1,"1":1,"2":1,"3":0,"4":0,"5":1,"6":1},"f":{"0":0},"b":{"0":[0,0,0,0]}}
,"/home/stas/Документы/KNGK/Portal/portal/apps/portal/components/loading.tsx": {"path":"/home/stas/Документы/KNGK/Portal/portal/apps/portal/components/loading.tsx","statementMap":{"0":{"start":{"line":4,"column":0},"end":{"line":4,"column":26}},"1":{"start":{"line":6,"column":0},"end":{"line":6,"column":75}},"2":{"start":{"line":7,"column":0},"end":{"line":7,"column":74}},"3":{"start":{"line":8,"column":0},"end":{"line":8,"column":24}},"4":{"start":{"line":14,"column":18},"end":{"line":27,"column":null}},"5":{"start":{"line":15,"column":2},"end":{"line":27,"column":4}},"6":{"start":{"line":30,"column":13},"end":{"line":80,"column":2}},"7":{"start":{"line":40,"column":18},"end":{"line":40,"column":31}},"8":{"start":{"line":42,"column":2},"end":{"line":42,"column":30}},"9":{"start":{"line":42,"column":18},"end":{"line":42,"column":30}},"10":{"start":{"line":44,"column":2},"end":{"line":56,"column":null}},"11":{"start":{"line":45,"column":22},"end":{"line":48,"column":6}},"12":{"start":{"line":50,"column":4},"end":{"line":55,"column":6}},"13":{"start":{"line":59,"column":4},"end":{"line":67,"column":null}},"14":{"start":{"line":71,"column":2},"end":{"line":77,"column":null}},"15":{"start":{"line":72,"column":4},"end":{"line":76,"column":6}},"16":{"start":{"line":79,"column":2},"end":{"line":79,"column":18}}},"fnMap":{"0":{"name":"(anonymous_1)","decl":{"start":{"line":14,"column":29},"end":{"line":14,"column":30}},"loc":{"start":{"line":15,"column":2},"end":{"line":27,"column":4}}},"1":{"name":"(anonymous_2)","decl":{"start":{"line":39,"column":5},"end":{"line":39,"column":6}},"loc":{"start":{"line":39,"column":82},"end":{"line":80,"column":1}}}},"branchMap":{"0":{"loc":{"start":{"line":42,"column":2},"end":{"line":42,"column":30}},"type":"if","locations":[{"start":{"line":42,"column":2},"end":{"line":42,"column":30}},{"start":{"line":42,"column":2},"end":{"line":42,"column":30}}]},"1":{"loc":{"start":{"line":44,"column":2},"end":{"line":56,"column":null}},"type":"if","locations":[{"start":{"line":44,"column":2},"end":{"line":56,"column":null}},{"start":{"line":44,"column":2},"end":{"line":56,"column":null}}]},"2":{"loc":{"start":{"line":52,"column":18},"end":{"line":52,"column":82}},"type":"binary-expr","locations":[{"start":{"line":52,"column":18},"end":{"line":52,"column":82}},{"start":{"line":52,"column":86},"end":{"line":52,"column":101}}]},"3":{"loc":{"start":{"line":60,"column":13},"end":{"line":60,"column":18}},"type":"binary-expr","locations":[{"start":{"line":60,"column":13},"end":{"line":60,"column":18}},{"start":{"line":60,"column":22},"end":{"line":60,"column":31}}]},"4":{"loc":{"start":{"line":61,"column":16},"end":{"line":61,"column":70}},"type":"binary-expr","locations":[{"start":{"line":61,"column":16},"end":{"line":61,"column":70}},{"start":{"line":61,"column":74},"end":{"line":61,"column":89}}]},"5":{"loc":{"start":{"line":62,"column":21},"end":{"line":62,"column":34}},"type":"binary-expr","locations":[{"start":{"line":62,"column":21},"end":{"line":62,"column":34}},{"start":{"line":62,"column":38},"end":{"line":62,"column":43}}]},"6":{"loc":{"start":{"line":63,"column":12},"end":{"line":63,"column":16}},"type":"binary-expr","locations":[{"start":{"line":63,"column":12},"end":{"line":63,"column":16}},{"start":{"line":63,"column":20},"end":{"line":63,"column":22}}]},"7":{"loc":{"start":{"line":64,"column":17},"end":{"line":64,"column":26}},"type":"binary-expr","locations":[{"start":{"line":64,"column":17},"end":{"line":64,"column":26}},{"start":{"line":64,"column":30},"end":{"line":64,"column":31}}]},"8":{"loc":{"start":{"line":71,"column":2},"end":{"line":77,"column":null}},"type":"if","locations":[{"start":{"line":71,"column":2},"end":{"line":77,"column":null}},{"start":{"line":71,"column":2},"end":{"line":77,"column":null}}]}},"s":{"0":1,"1":1,"2":1,"3":1,"4":1,"5":0,"6":1,"7":0,"8":0,"9":0,"10":0,"11":0,"12":0,"13":0,"14":0,"15":0,"16":0},"f":{"0":0,"1":0},"b":{"0":[0,0],"1":[0,0],"2":[0,0],"3":[0,0],"4":[0,0],"5":[0,0],"6":[0,0],"7":[0,0],"8":[0,0]}}
,"/home/stas/Документы/KNGK/Portal/portal/apps/portal/components/login.tsx": {"path":"/home/stas/Документы/KNGK/Portal/portal/apps/portal/components/login.tsx","statementMap":{"0":{"start":{"line":4,"column":0},"end":{"line":4,"column":51}},"1":{"start":{"line":5,"column":0},"end":{"line":5,"column":29}},"2":{"start":{"line":7,"column":0},"end":{"line":7,"column":75}},"3":{"start":{"line":8,"column":0},"end":{"line":8,"column":null}},"4":{"start":{"line":23,"column":0},"end":{"line":23,"column":39}},"5":{"start":{"line":24,"column":0},"end":{"line":24,"column":36}},"6":{"start":{"line":25,"column":0},"end":{"line":25,"column":64}},"7":{"start":{"line":26,"column":0},"end":{"line":26,"column":69}},"8":{"start":{"line":27,"column":0},"end":{"line":27,"column":55}},"9":{"start":{"line":28,"column":0},"end":{"line":28,"column":85}},"10":{"start":{"line":31,"column":18},"end":{"line":102,"column":null}},"11":{"start":{"line":32,"column":2},"end":{"line":102,"column":4}},"12":{"start":{"line":116,"column":5},"end":{"line":243,"column":1}},"13":{"start":{"line":117,"column":23},"end":{"line":117,"column":36}},"14":{"start":{"line":119,"column":30},"end":{"line":123,"column":4}},"15":{"start":{"line":125,"column":23},"end":{"line":133,"column":3}},"16":{"start":{"line":125,"column":46},"end":{"line":133,"column":3}},"17":{"start":{"line":126,"column":47},"end":{"line":126,"column":55}},"18":{"start":{"line":127,"column":36},"end":{"line":127,"column":82}},"19":{"start":{"line":129,"column":4},"end":{"line":129,"column":44}},"20":{"start":{"line":130,"column":4},"end":{"line":132,"column":null}},"21":{"start":{"line":131,"column":6},"end":{"line":131,"column":41}},"22":{"start":{"line":135,"column":2},"end":{"line":146,"column":9}},"23":{"start":{"line":136,"column":17},"end":{"line":136,"column":35}},"24":{"start":{"line":138,"column":4},"end":{"line":145,"column":null}},"25":{"start":{"line":139,"column":6},"end":{"line":144,"column":9}},"26":{"start":{"line":148,"column":2},"end":{"line":151,"column":null}},"27":{"start":{"line":150,"column":4},"end":{"line":150,"column":19}},"28":{"start":{"line":153,"column":2},"end":{"line":242,"column":4}},"29":{"start":{"line":166,"column":14},"end":{"line":166,"column":33}},"30":{"start":{"line":168,"column":14},"end":{"line":173,"column":17}},"31":{"start":{"line":245,"column":0},"end":{"line":247,"column":3}},"32":{"start":{"line":245,"column":40},"end":{"line":247,"column":2}},"33":{"start":{"line":249,"column":0},"end":{"line":249,"column":68}}},"fnMap":{"0":{"name":"(anonymous_2)","decl":{"start":{"line":31,"column":29},"end":{"line":31,"column":30}},"loc":{"start":{"line":32,"column":2},"end":{"line":102,"column":4}}},"1":{"name":"(anonymous_3)","decl":{"start":{"line":116,"column":5},"end":{"line":116,"column":6}},"loc":{"start":{"line":116,"column":46},"end":{"line":243,"column":1}}},"2":{"name":"(anonymous_4)","decl":{"start":{"line":125,"column":23},"end":{"line":125,"column":24}},"loc":{"start":{"line":125,"column":46},"end":{"line":133,"column":3}}},"3":{"name":"(anonymous_5)","decl":{"start":{"line":125,"column":46},"end":{"line":125,"column":47}},"loc":{"start":{"line":125,"column":89},"end":{"line":133,"column":3}}},"4":{"name":"(anonymous_6)","decl":{"start":{"line":135,"column":12},"end":{"line":135,"column":15}},"loc":{"start":{"line":135,"column":17},"end":{"line":146,"column":3}}},"5":{"name":"(anonymous_7)","decl":{"start":{"line":165,"column":22},"end":{"line":165,"column":27}},"loc":{"start":{"line":165,"column":54},"end":{"line":174,"column":13}}},"6":{"name":"(anonymous_8)","decl":{"start":{"line":245,"column":33},"end":{"line":245,"column":36}},"loc":{"start":{"line":245,"column":40},"end":{"line":247,"column":2}}}},"branchMap":{"0":{"loc":{"start":{"line":127,"column":61},"end":{"line":127,"column":71}},"type":"cond-expr","locations":[{"start":{"line":127,"column":61},"end":{"line":127,"column":71}},{"start":{"line":127,"column":74},"end":{"line":127,"column":82}}]},"1":{"loc":{"start":{"line":130,"column":4},"end":{"line":132,"column":null}},"type":"if","locations":[{"start":{"line":130,"column":4},"end":{"line":132,"column":null}},{"start":{"line":130,"column":4},"end":{"line":132,"column":null}}]},"2":{"loc":{"start":{"line":138,"column":4},"end":{"line":145,"column":null}},"type":"if","locations":[{"start":{"line":138,"column":4},"end":{"line":145,"column":null}},{"start":{"line":138,"column":4},"end":{"line":145,"column":null}}]},"3":{"loc":{"start":{"line":148,"column":2},"end":{"line":151,"column":null}},"type":"if","locations":[{"start":{"line":148,"column":2},"end":{"line":151,"column":null}},{"start":{"line":148,"column":2},"end":{"line":151,"column":null}}]},"4":{"loc":{"start":{"line":191,"column":30},"end":{"line":191,"column":36}},"type":"binary-expr","locations":[{"start":{"line":191,"column":30},"end":{"line":191,"column":36}},{"start":{"line":191,"column":40},"end":{"line":191,"column":47}}]},"5":{"loc":{"start":{"line":203,"column":30},"end":{"line":203,"column":36}},"type":"binary-expr","locations":[{"start":{"line":203,"column":30},"end":{"line":203,"column":36}},{"start":{"line":203,"column":40},"end":{"line":203,"column":47}}]},"6":{"loc":{"start":{"line":217,"column":32},"end":{"line":217,"column":38}},"type":"binary-expr","locations":[{"start":{"line":217,"column":32},"end":{"line":217,"column":38}},{"start":{"line":217,"column":42},"end":{"line":217,"column":49}}]},"7":{"loc":{"start":{"line":222,"column":18},"end":{"line":222,"column":24}},"type":"binary-expr","locations":[{"start":{"line":222,"column":18},"end":{"line":222,"column":24}},{"start":{"line":222,"column":28},"end":{"line":222,"column":35}},{"start":{"line":222,"column":40},"end":{"line":222,"column":51}}]},"8":{"loc":{"start":{"line":223,"column":17},"end":{"line":223,"column":22}},"type":"binary-expr","locations":[{"start":{"line":223,"column":17},"end":{"line":223,"column":22}},{"start":{"line":223,"column":26},"end":{"line":223,"column":52}}]},"9":{"loc":{"start":{"line":231,"column":30},"end":{"line":231,"column":36}},"type":"binary-expr","locations":[{"start":{"line":231,"column":30},"end":{"line":231,"column":36}},{"start":{"line":231,"column":40},"end":{"line":231,"column":47}}]}},"s":{"0":1,"1":1,"2":1,"3":1,"4":1,"5":1,"6":1,"7":1,"8":1,"9":1,"10":1,"11":0,"12":1,"13":0,"14":0,"15":0,"16":0,"17":0,"18":0,"19":0,"20":0,"21":0,"22":0,"23":0,"24":0,"25":0,"26":0,"27":0,"28":0,"29":0,"30":0,"31":1,"32":0,"33":1},"f":{"0":0,"1":0,"2":0,"3":0,"4":0,"5":0,"6":0},"b":{"0":[0,0],"1":[0,0],"2":[0,0],"3":[0,0],"4":[0,0],"5":[0,0],"6":[0,0],"7":[0,0,0],"8":[0,0],"9":[0,0]}}
,"/home/stas/Документы/KNGK/Portal/portal/apps/portal/components/verticalcenter.tsx": {"path":"/home/stas/Документы/KNGK/Portal/portal/apps/portal/components/verticalcenter.tsx","statementMap":{"0":{"start":{"line":4,"column":0},"end":{"line":4,"column":26}},"1":{"start":{"line":6,"column":0},"end":{"line":6,"column":68}},"2":{"start":{"line":7,"column":0},"end":{"line":7,"column":24}},"3":{"start":{"line":12,"column":18},"end":{"line":24,"column":null}},"4":{"start":{"line":13,"column":2},"end":{"line":24,"column":4}},"5":{"start":{"line":31,"column":13},"end":{"line":43,"column":2}},"6":{"start":{"line":32,"column":23},"end":{"line":32,"column":36}},"7":{"start":{"line":34,"column":2},"end":{"line":42,"column":4}}},"fnMap":{"0":{"name":"(anonymous_1)","decl":{"start":{"line":12,"column":29},"end":{"line":12,"column":32}},"loc":{"start":{"line":13,"column":2},"end":{"line":24,"column":4}}},"1":{"name":"(anonymous_2)","decl":{"start":{"line":31,"column":62},"end":{"line":31,"column":63}},"loc":{"start":{"line":31,"column":98},"end":{"line":43,"column":1}}}},"branchMap":{"0":{"loc":{"start":{"line":31,"column":78},"end":{"line":31,"column":82}},"type":"default-arg","locations":[{"start":{"line":31,"column":78},"end":{"line":31,"column":82}}]}},"s":{"0":1,"1":1,"2":1,"3":1,"4":0,"5":1,"6":0,"7":0},"f":{"0":0,"1":0},"b":{"0":[0]}}
,"/home/stas/Документы/KNGK/Portal/portal/apps/portal/layouts/main.tsx": {"path":"/home/stas/Документы/KNGK/Portal/portal/apps/portal/layouts/main.tsx","statementMap":{"0":{"start":{"line":4,"column":0},"end":{"line":4,"column":74}},"1":{"start":{"line":5,"column":0},"end":{"line":5,"column":50}},"2":{"start":{"line":6,"column":0},"end":{"line":6,"column":55}},"3":{"start":{"line":7,"column":0},"end":{"line":7,"column":78}},"4":{"start":{"line":10,"column":0},"end":{"line":10,"column":40}},"5":{"start":{"line":11,"column":0},"end":{"line":11,"column":59}},"6":{"start":{"line":12,"column":0},"end":{"line":12,"column":61}},"7":{"start":{"line":13,"column":0},"end":{"line":13,"column":42}},"8":{"start":{"line":14,"column":0},"end":{"line":14,"column":48}},"9":{"start":{"line":15,"column":0},"end":{"line":15,"column":47}},"10":{"start":{"line":16,"column":0},"end":{"line":16,"column":56}},"11":{"start":{"line":19,"column":18},"end":{"line":37,"column":5}},"12":{"start":{"line":20,"column":2},"end":{"line":37,"column":4}},"13":{"start":{"line":43,"column":37},"end":{"line":94,"column":1}},"14":{"start":{"line":43,"column":48},"end":{"line":43,"column":50}},"15":{"start":{"line":43,"column":50},"end":{"line":43,"column":57}},"16":{"start":{"line":44,"column":18},"end":{"line":44,"column":31}},"17":{"start":{"line":45,"column":16},"end":{"line":45,"column":26}},"18":{"start":{"line":46,"column":18},"end":{"line":46,"column":44}},"19":{"start":{"line":48,"column":17},"end":{"line":48,"column":28}},"20":{"start":{"line":49,"column":21},"end":{"line":49,"column":113}},"21":{"start":{"line":49,"column":83},"end":{"line":49,"column":112}},"22":{"start":{"line":51,"column":15},"end":{"line":51,"column":56}},"23":{"start":{"line":52,"column":18},"end":{"line":52,"column":61}},"24":{"start":{"line":54,"column":18},"end":{"line":54,"column":87}},"25":{"start":{"line":55,"column":24},"end":{"line":55,"column":105}},"26":{"start":{"line":56,"column":38},"end":{"line":56,"column":70}},"27":{"start":{"line":58,"column":25},"end":{"line":58,"column":51}},"28":{"start":{"line":60,"column":2},"end":{"line":64,"column":34}},"29":{"start":{"line":61,"column":4},"end":{"line":63,"column":null}},"30":{"start":{"line":62,"column":6},"end":{"line":62,"column":27}},"31":{"start":{"line":66,"column":2},"end":{"line":70,"column":60}},"32":{"start":{"line":67,"column":4},"end":{"line":69,"column":null}},"33":{"start":{"line":68,"column":6},"end":{"line":68,"column":53}},"34":{"start":{"line":72,"column":27},"end":{"line":81,"column":3}},"35":{"start":{"line":73,"column":4},"end":{"line":79,"column":null}},"36":{"start":{"line":74,"column":6},"end":{"line":78,"column":9}},"37":{"start":{"line":80,"column":4},"end":{"line":80,"column":31}},"38":{"start":{"line":83,"column":2},"end":{"line":93,"column":4}},"39":{"start":{"line":96,"column":0},"end":{"line":96,"column":67}}},"fnMap":{"0":{"name":"(anonymous_3)","decl":{"start":{"line":19,"column":29},"end":{"line":19,"column":30}},"loc":{"start":{"line":20,"column":2},"end":{"line":37,"column":4}}},"1":{"name":"(anonymous_4)","decl":{"start":{"line":43,"column":37},"end":{"line":43,"column":38}},"loc":{"start":{"line":43,"column":83},"end":{"line":94,"column":1}}},"2":{"name":"(anonymous_5)","decl":{"start":{"line":49,"column":76},"end":{"line":49,"column":77}},"loc":{"start":{"line":49,"column":83},"end":{"line":49,"column":112}}},"3":{"name":"(anonymous_6)","decl":{"start":{"line":60,"column":12},"end":{"line":60,"column":15}},"loc":{"start":{"line":60,"column":17},"end":{"line":64,"column":3}}},"4":{"name":"(anonymous_7)","decl":{"start":{"line":66,"column":12},"end":{"line":66,"column":15}},"loc":{"start":{"line":66,"column":17},"end":{"line":70,"column":3}}},"5":{"name":"(anonymous_8)","decl":{"start":{"line":72,"column":27},"end":{"line":72,"column":36}},"loc":{"start":{"line":72,"column":38},"end":{"line":81,"column":3}}}},"branchMap":{"0":{"loc":{"start":{"line":49,"column":21},"end":{"line":49,"column":27}},"type":"binary-expr","locations":[{"start":{"line":49,"column":21},"end":{"line":49,"column":27}},{"start":{"line":49,"column":31},"end":{"line":49,"column":46}},{"start":{"line":49,"column":50},"end":{"line":49,"column":113}}]},"1":{"loc":{"start":{"line":54,"column":18},"end":{"line":54,"column":30}},"type":"binary-expr","locations":[{"start":{"line":54,"column":18},"end":{"line":54,"column":30}},{"start":{"line":54,"column":34},"end":{"line":54,"column":55}},{"start":{"line":54,"column":59},"end":{"line":54,"column":87}}]},"2":{"loc":{"start":{"line":55,"column":24},"end":{"line":55,"column":41}},"type":"binary-expr","locations":[{"start":{"line":55,"column":24},"end":{"line":55,"column":41}},{"start":{"line":55,"column":45},"end":{"line":55,"column":53}},{"start":{"line":55,"column":57},"end":{"line":55,"column":68}},{"start":{"line":55,"column":73},"end":{"line":55,"column":104}}]},"3":{"loc":{"start":{"line":55,"column":91},"end":{"line":55,"column":97}},"type":"cond-expr","locations":[{"start":{"line":55,"column":91},"end":{"line":55,"column":97}},{"start":{"line":55,"column":100},"end":{"line":55,"column":104}}]},"4":{"loc":{"start":{"line":61,"column":4},"end":{"line":63,"column":null}},"type":"if","locations":[{"start":{"line":61,"column":4},"end":{"line":63,"column":null}},{"start":{"line":61,"column":4},"end":{"line":63,"column":null}}]},"5":{"loc":{"start":{"line":61,"column":8},"end":{"line":61,"column":24}},"type":"binary-expr","locations":[{"start":{"line":61,"column":8},"end":{"line":61,"column":24}},{"start":{"line":61,"column":28},"end":{"line":61,"column":35}}]},"6":{"loc":{"start":{"line":67,"column":4},"end":{"line":69,"column":null}},"type":"if","locations":[{"start":{"line":67,"column":4},"end":{"line":69,"column":null}},{"start":{"line":67,"column":4},"end":{"line":69,"column":null}}]},"7":{"loc":{"start":{"line":67,"column":8},"end":{"line":67,"column":25}},"type":"binary-expr","locations":[{"start":{"line":67,"column":8},"end":{"line":67,"column":25}},{"start":{"line":67,"column":29},"end":{"line":67,"column":37}},{"start":{"line":67,"column":41},"end":{"line":67,"column":52}}]},"8":{"loc":{"start":{"line":68,"column":38},"end":{"line":68,"column":42}},"type":"cond-expr","locations":[{"start":{"line":68,"column":38},"end":{"line":68,"column":42}},{"start":{"line":68,"column":45},"end":{"line":68,"column":51}}]},"9":{"loc":{"start":{"line":73,"column":4},"end":{"line":79,"column":null}},"type":"if","locations":[{"start":{"line":73,"column":4},"end":{"line":79,"column":null}},{"start":{"line":73,"column":4},"end":{"line":79,"column":null}}]},"10":{"loc":{"start":{"line":73,"column":8},"end":{"line":73,"column":25}},"type":"binary-expr","locations":[{"start":{"line":73,"column":8},"end":{"line":73,"column":25}},{"start":{"line":73,"column":29},"end":{"line":73,"column":37}}]}},"s":{"0":1,"1":1,"2":1,"3":1,"4":1,"5":1,"6":1,"7":1,"8":1,"9":1,"10":1,"11":1,"12":0,"13":1,"14":0,"15":0,"16":0,"17":0,"18":0,"19":0,"20":0,"21":0,"22":0,"23":0,"24":0,"25":0,"26":0,"27":0,"28":0,"29":0,"30":0,"31":0,"32":0,"33":0,"34":0,"35":0,"36":0,"37":0,"38":0,"39":1},"f":{"0":0,"1":0,"2":0,"3":0,"4":0,"5":0},"b":{"0":[0,0,0],"1":[0,0,0],"2":[0,0,0,0],"3":[0,0],"4":[0,0],"5":[0,0],"6":[0,0],"7":[0,0,0],"8":[0,0],"9":[0,0],"10":[0,0]}}
,"/home/stas/Документы/KNGK/Portal/portal/apps/portal/lib/constants.ts": {"path":"/home/stas/Документы/KNGK/Portal/portal/apps/portal/lib/constants.ts","statementMap":{"0":{"start":{"line":6,"column":0},"end":{"line":6,"column":64}},"1":{"start":{"line":10,"column":13},"end":{"line":10,"column":34}},"2":{"start":{"line":11,"column":13},"end":{"line":11,"column":33}},"3":{"start":{"line":12,"column":13},"end":{"line":12,"column":38}},"4":{"start":{"line":13,"column":13},"end":{"line":24,"column":2}},"5":{"start":{"line":25,"column":13},"end":{"line":25,"column":37}},"6":{"start":{"line":26,"column":13},"end":{"line":28,"column":2}},"7":{"start":{"line":30,"column":13},"end":{"line":30,"column":40}},"8":{"start":{"line":33,"column":13},"end":{"line":71,"column":2}}},"fnMap":{},"branchMap":{},"s":{"0":15,"1":15,"2":15,"3":15,"4":15,"5":15,"6":15,"7":15,"8":15},"f":{},"b":{}}
,"/home/stas/Документы/KNGK/Portal/portal/apps/portal/lib/context.ts": {"path":"/home/stas/Документы/KNGK/Portal/portal/apps/portal/lib/context.ts","statementMap":{"0":{"start":{"line":4,"column":0},"end":{"line":4,"column":26}},"1":{"start":{"line":16,"column":13},"end":{"line":16,"column":84}}},"fnMap":{},"branchMap":{},"s":{"0":4,"1":4},"f":{},"b":{}}
,"/home/stas/Документы/KNGK/Portal/portal/apps/portal/lib/i18n-client.ts": {"path":"/home/stas/Документы/KNGK/Portal/portal/apps/portal/lib/i18n-client.ts","statementMap":{"0":{"start":{"line":4,"column":0},"end":{"line":4,"column":60}},"1":{"start":{"line":5,"column":0},"end":{"line":5,"column":73}},"2":{"start":{"line":11,"column":33},"end":{"line":11,"column":35}},"3":{"start":{"line":14,"column":13},"end":{"line":31,"column":3}},"4":{"start":{"line":34,"column":0},"end":{"line":34,"column":57}},"5":{"start":{"line":35,"column":13},"end":{"line":35,"column":53}},"6":{"start":{"line":36,"column":13},"end":{"line":36,"column":106}},"7":{"start":{"line":36,"column":76},"end":{"line":36,"column":105}},"8":{"start":{"line":46,"column":0},"end":{"line":46,"column":27}}},"fnMap":{"0":{"name":"(anonymous_1)","decl":{"start":{"line":36,"column":40},"end":{"line":36,"column":41}},"loc":{"start":{"line":36,"column":76},"end":{"line":36,"column":105}}}},"branchMap":{"0":{"loc":{"start":{"line":24,"column":8},"end":{"line":26,"column":26}},"type":"cond-expr","locations":[{"start":{"line":24,"column":8},"end":{"line":26,"column":26}},{"start":{"line":27,"column":8},"end":{"line":29,"column":19}}]},"1":{"loc":{"start":{"line":25,"column":10},"end":{"line":25,"column":26}},"type":"cond-expr","locations":[{"start":{"line":25,"column":10},"end":{"line":25,"column":26}},{"start":{"line":26,"column":10},"end":{"line":26,"column":26}}]},"2":{"loc":{"start":{"line":28,"column":10},"end":{"line":28,"column":19}},"type":"cond-expr","locations":[{"start":{"line":28,"column":10},"end":{"line":28,"column":19}},{"start":{"line":29,"column":10},"end":{"line":29,"column":19}}]}},"s":{"0":4,"1":4,"2":4,"3":4,"4":4,"5":4,"6":4,"7":0,"8":4},"f":{"0":0},"b":{"0":[4,0],"1":[4,0],"2":[0,0]}}
,"/home/stas/Документы/KNGK/Portal/portal/apps/portal/lib/queries.ts": {"path":"/home/stas/Документы/KNGK/Portal/portal/apps/portal/lib/queries.ts","statementMap":{"0":{"start":{"line":5,"column":0},"end":{"line":5,"column":30}},"1":{"start":{"line":8,"column":25},"end":{"line":47,"column":2}},"2":{"start":{"line":49,"column":13},"end":{"line":74,"column":2}},"3":{"start":{"line":76,"column":13},"end":{"line":80,"column":2}},"4":{"start":{"line":82,"column":13},"end":{"line":86,"column":2}},"5":{"start":{"line":88,"column":13},"end":{"line":99,"column":2}},"6":{"start":{"line":101,"column":13},"end":{"line":105,"column":2}},"7":{"start":{"line":107,"column":13},"end":{"line":126,"column":2}},"8":{"start":{"line":107,"column":51},"end":{"line":126,"column":2}},"9":{"start":{"line":137,"column":13},"end":{"line":146,"column":2}},"10":{"start":{"line":148,"column":13},"end":{"line":152,"column":2}},"11":{"start":{"line":154,"column":13},"end":{"line":164,"column":2}},"12":{"start":{"line":169,"column":13},"end":{"line":180,"column":2}},"13":{"start":{"line":185,"column":13},"end":{"line":196,"column":2}},"14":{"start":{"line":198,"column":13},"end":{"line":213,"column":2}},"15":{"start":{"line":215,"column":13},"end":{"line":219,"column":2}},"16":{"start":{"line":224,"column":13},"end":{"line":245,"column":2}},"17":{"start":{"line":247,"column":13},"end":{"line":268,"column":2}},"18":{"start":{"line":270,"column":13},"end":{"line":274,"column":2}},"19":{"start":{"line":280,"column":13},"end":{"line":297,"column":2}},"20":{"start":{"line":299,"column":13},"end":{"line":311,"column":2}},"21":{"start":{"line":313,"column":13},"end":{"line":361,"column":2}},"22":{"start":{"line":363,"column":13},"end":{"line":375,"column":2}}},"fnMap":{"0":{"name":"(anonymous_1)","decl":{"start":{"line":107,"column":24},"end":{"line":107,"column":25}},"loc":{"start":{"line":107,"column":51},"end":{"line":126,"column":2}}}},"branchMap":{},"s":{"0":2,"1":2,"2":2,"3":2,"4":2,"5":2,"6":2,"7":2,"8":0,"9":2,"10":2,"11":2,"12":2,"13":2,"14":2,"15":2,"16":2,"17":2,"18":2,"19":2,"20":2,"21":2,"22":2},"f":{"0":0},"b":{}}
,"/home/stas/Документы/KNGK/Portal/portal/apps/portal/lib/session-storage.ts": {"path":"/home/stas/Документы/KNGK/Portal/portal/apps/portal/lib/session-storage.ts","statementMap":{"0":{"start":{"line":8,"column":13},"end":{"line":8,"column":105}},"1":{"start":{"line":8,"column":53},"end":{"line":8,"column":103}},"2":{"start":{"line":10,"column":13},"end":{"line":12,"column":2}},"3":{"start":{"line":11,"column":2},"end":{"line":11,"column":53}},"4":{"start":{"line":11,"column":19},"end":{"line":11,"column":53}},"5":{"start":{"line":14,"column":13},"end":{"line":16,"column":2}},"6":{"start":{"line":15,"column":2},"end":{"line":15,"column":49}},"7":{"start":{"line":15,"column":19},"end":{"line":15,"column":49}}},"fnMap":{"0":{"name":"(anonymous_0)","decl":{"start":{"line":8,"column":26},"end":{"line":8,"column":27}},"loc":{"start":{"line":8,"column":53},"end":{"line":8,"column":103}}},"1":{"name":"(anonymous_1)","decl":{"start":{"line":10,"column":26},"end":{"line":10,"column":27}},"loc":{"start":{"line":10,"column":64},"end":{"line":12,"column":1}}},"2":{"name":"(anonymous_2)","decl":{"start":{"line":14,"column":29},"end":{"line":14,"column":30}},"loc":{"start":{"line":14,"column":52},"end":{"line":16,"column":1}}}},"branchMap":{"0":{"loc":{"start":{"line":8,"column":66},"end":{"line":8,"column":68}},"type":"cond-expr","locations":[{"start":{"line":8,"column":66},"end":{"line":8,"column":68}},{"start":{"line":8,"column":71},"end":{"line":8,"column":103}}]},"1":{"loc":{"start":{"line":8,"column":71},"end":{"line":8,"column":97}},"type":"binary-expr","locations":[{"start":{"line":8,"column":71},"end":{"line":8,"column":97}},{"start":{"line":8,"column":101},"end":{"line":8,"column":103}}]},"2":{"loc":{"start":{"line":11,"column":2},"end":{"line":11,"column":53}},"type":"if","locations":[{"start":{"line":11,"column":2},"end":{"line":11,"column":53}},{"start":{"line":11,"column":2},"end":{"line":11,"column":53}}]},"3":{"loc":{"start":{"line":15,"column":2},"end":{"line":15,"column":49}},"type":"if","locations":[{"start":{"line":15,"column":2},"end":{"line":15,"column":49}},{"start":{"line":15,"column":2},"end":{"line":15,"column":49}}]}},"s":{"0":3,"1":0,"2":3,"3":0,"4":0,"5":3,"6":0,"7":0},"f":{"0":0,"1":0,"2":0},"b":{"0":[0,0],"1":[0,0],"2":[0,0],"3":[0,0]}}
,"/home/stas/Документы/KNGK/Portal/portal/apps/portal/pages/index.tsx": {"path":"/home/stas/Документы/KNGK/Portal/portal/apps/portal/pages/index.tsx","statementMap":{"0":{"start":{"line":4,"column":0},"end":{"line":4,"column":26}},"1":{"start":{"line":5,"column":0},"end":{"line":5,"column":75}},"2":{"start":{"line":6,"column":0},"end":{"line":6,"column":54}},"3":{"start":{"line":7,"column":0},"end":{"line":7,"column":29}},"4":{"start":{"line":10,"column":0},"end":{"line":10,"column":35}},"5":{"start":{"line":11,"column":0},"end":{"line":11,"column":85}},"6":{"start":{"line":12,"column":0},"end":{"line":12,"column":62}},"7":{"start":{"line":15,"column":18},"end":{"line":20,"column":null}},"8":{"start":{"line":16,"column":2},"end":{"line":20,"column":4}},"9":{"start":{"line":23,"column":27},"end":{"line":41,"column":1}},"10":{"start":{"line":24,"column":16},"end":{"line":24,"column":21}},"11":{"start":{"line":25,"column":18},"end":{"line":25,"column":31}},"12":{"start":{"line":27,"column":2},"end":{"line":40,"column":4}},"13":{"start":{"line":43,"column":0},"end":{"line":47,"column":2}},"14":{"start":{"line":44,"column":2},"end":{"line":46,"column":4}},"15":{"start":{"line":49,"column":0},"end":{"line":49,"column":55}}},"fnMap":{"0":{"name":"(anonymous_1)","decl":{"start":{"line":15,"column":29},"end":{"line":15,"column":30}},"loc":{"start":{"line":16,"column":2},"end":{"line":20,"column":4}}},"1":{"name":"(anonymous_2)","decl":{"start":{"line":23,"column":27},"end":{"line":23,"column":28}},"loc":{"start":{"line":23,"column":57},"end":{"line":41,"column":1}}},"2":{"name":"(anonymous_3)","decl":{"start":{"line":43,"column":27},"end":{"line":43,"column":30}},"loc":{"start":{"line":43,"column":32},"end":{"line":47,"column":1}}}},"branchMap":{},"s":{"0":1,"1":1,"2":1,"3":1,"4":1,"5":1,"6":1,"7":1,"8":0,"9":1,"10":0,"11":0,"12":0,"13":1,"14":0,"15":1},"f":{"0":0,"1":0,"2":0},"b":{}}
,"/home/stas/Документы/KNGK/Portal/portal/apps/portal/src/auth/auth.resolver.ts": {"path":"/home/stas/Документы/KNGK/Portal/portal/apps/portal/src/auth/auth.resolver.ts","statementMap":{"0":{"start":{"line":4,"column":0},"end":{"line":4,"column":75}},"1":{"start":{"line":5,"column":0},"end":{"line":5,"column":81}},"2":{"start":{"line":9,"column":0},"end":{"line":9,"column":41}},"3":{"start":{"line":10,"column":0},"end":{"line":10,"column":44}},"4":{"start":{"line":12,"column":0},"end":{"line":12,"column":45}},"5":{"start":{"line":13,"column":0},"end":{"line":13,"column":55}},"6":{"start":{"line":18,"column":0},"end":{"line":128,"column":null}},"7":{"start":{"line":20,"column":21},"end":{"line":20,"column":34}},"8":{"start":{"line":21,"column":21},"end":{"line":21,"column":36}},"9":{"start":{"line":22,"column":21},"end":{"line":22,"column":33}},"10":{"start":{"line":34,"column":4},"end":{"line":34,"column":36}},"11":{"start":{"line":54,"column":23},"end":{"line":54,"column":46}},"12":{"start":{"line":54,"column":41},"end":{"line":54,"column":45}},"13":{"start":{"line":56,"column":17},"end":{"line":60,"column":8}},"14":{"start":{"line":59,"column":8},"end":{"line":59,"column":55}},"15":{"start":{"line":62,"column":4},"end":{"line":85,"column":null}},"16":{"start":{"line":63,"column":6},"end":{"line":84,"column":11}},"17":{"start":{"line":66,"column":10},"end":{"line":76,"column":null}},"18":{"start":{"line":67,"column":28},"end":{"line":70,"column":14}},"19":{"start":{"line":72,"column":12},"end":{"line":72,"column":74}},"20":{"start":{"line":73,"column":12},"end":{"line":73,"column":78}},"21":{"start":{"line":75,"column":12},"end":{"line":75,"column":24}},"22":{"start":{"line":78,"column":10},"end":{"line":78,"column":58}},"23":{"start":{"line":81,"column":10},"end":{"line":81,"column":98}},"24":{"start":{"line":83,"column":10},"end":{"line":83,"column":22}},"25":{"start":{"line":87,"column":4},"end":{"line":91,"column":7}},"26":{"start":{"line":88,"column":6},"end":{"line":90,"column":null}},"27":{"start":{"line":89,"column":8},"end":{"line":89,"column":61}},"28":{"start":{"line":94,"column":5},"end":{"line":94,"column":47}},"29":{"start":{"line":96,"column":4},"end":{"line":96,"column":40}},"30":{"start":{"line":107,"column":4},"end":{"line":107,"column":57}},"31":{"start":{"line":109,"column":4},"end":{"line":111,"column":null}},"32":{"start":{"line":110,"column":6},"end":{"line":110,"column":19}},"33":{"start":{"line":113,"column":4},"end":{"line":113,"column":16}},"34":{"start":{"line":124,"column":4},"end":{"line":124,"column":57}},"35":{"start":{"line":126,"column":4},"end":{"line":126,"column":41}},"36":{"start":{"line":33,"column":2},"end":{"line":35,"column":null}},"37":{"start":{"line":46,"column":2},"end":{"line":97,"column":null}},"38":{"start":{"line":106,"column":2},"end":{"line":114,"column":null}},"39":{"start":{"line":123,"column":2},"end":{"line":127,"column":null}},"40":{"start":{"line":18,"column":13},"end":{"line":128,"column":null}},"41":{"start":{"line":18,"column":13},"end":{"line":18,"column":25}}},"fnMap":{"0":{"name":"(anonymous_4)","decl":{"start":{"line":19,"column":2},"end":{"line":19,"column":null}},"loc":{"start":{"line":22,"column":43},"end":{"line":23,"column":6}}},"1":{"name":"(anonymous_5)","decl":{"start":{"line":33,"column":2},"end":{"line":33,"column":7}},"loc":{"start":{"line":33,"column":39},"end":{"line":35,"column":3}}},"2":{"name":"(anonymous_6)","decl":{"start":{"line":46,"column":2},"end":{"line":46,"column":7}},"loc":{"start":{"line":51,"column":35},"end":{"line":97,"column":3}}},"3":{"name":"(anonymous_7)","decl":{"start":{"line":54,"column":35},"end":{"line":54,"column":38}},"loc":{"start":{"line":54,"column":41},"end":{"line":54,"column":45}}},"4":{"name":"(anonymous_8)","decl":{"start":{"line":58,"column":13},"end":{"line":58,"column":14}},"loc":{"start":{"line":58,"column":38},"end":{"line":60,"column":7}}},"5":{"name":"(anonymous_9)","decl":{"start":{"line":65,"column":14},"end":{"line":65,"column":15}},"loc":{"start":{"line":65,"column":27},"end":{"line":79,"column":9}}},"6":{"name":"(anonymous_10)","decl":{"start":{"line":80,"column":15},"end":{"line":80,"column":16}},"loc":{"start":{"line":80,"column":25},"end":{"line":84,"column":9}}},"7":{"name":"(anonymous_11)","decl":{"start":{"line":87,"column":28},"end":{"line":87,"column":29}},"loc":{"start":{"line":87,"column":41},"end":{"line":91,"column":5}}},"8":{"name":"(anonymous_12)","decl":{"start":{"line":106,"column":2},"end":{"line":106,"column":7}},"loc":{"start":{"line":106,"column":43},"end":{"line":114,"column":3}}},"9":{"name":"(anonymous_13)","decl":{"start":{"line":123,"column":2},"end":{"line":123,"column":7}},"loc":{"start":{"line":123,"column":18},"end":{"line":127,"column":3}}}},"branchMap":{"0":{"loc":{"start":{"line":62,"column":4},"end":{"line":85,"column":null}},"type":"if","locations":[{"start":{"line":62,"column":4},"end":{"line":85,"column":null}},{"start":{"line":62,"column":4},"end":{"line":85,"column":null}}]},"1":{"loc":{"start":{"line":62,"column":8},"end":{"line":62,"column":20}},"type":"binary-expr","locations":[{"start":{"line":62,"column":8},"end":{"line":62,"column":20}},{"start":{"line":62,"column":24},"end":{"line":62,"column":42}}]},"2":{"loc":{"start":{"line":66,"column":10},"end":{"line":76,"column":null}},"type":"if","locations":[{"start":{"line":66,"column":10},"end":{"line":76,"column":null}},{"start":{"line":66,"column":10},"end":{"line":76,"column":null}}]},"3":{"loc":{"start":{"line":66,"column":14},"end":{"line":66,"column":27}},"type":"binary-expr","locations":[{"start":{"line":66,"column":14},"end":{"line":66,"column":27}},{"start":{"line":66,"column":31},"end":{"line":66,"column":51}},{"start":{"line":66,"column":55},"end":{"line":66,"column":77}}]},"4":{"loc":{"start":{"line":88,"column":6},"end":{"line":90,"column":null}},"type":"if","locations":[{"start":{"line":88,"column":6},"end":{"line":90,"column":null}},{"start":{"line":88,"column":6},"end":{"line":90,"column":null}}]},"5":{"loc":{"start":{"line":96,"column":12},"end":{"line":96,"column":30}},"type":"binary-expr","locations":[{"start":{"line":96,"column":12},"end":{"line":96,"column":30}},{"start":{"line":96,"column":35},"end":{"line":96,"column":39}}]},"6":{"loc":{"start":{"line":109,"column":4},"end":{"line":111,"column":null}},"type":"if","locations":[{"start":{"line":109,"column":4},"end":{"line":111,"column":null}},{"start":{"line":109,"column":4},"end":{"line":111,"column":null}}]}},"s":{"0":1,"1":1,"2":1,"3":1,"4":1,"5":1,"6":1,"7":1,"8":1,"9":1,"10":0,"11":0,"12":0,"13":0,"14":0,"15":0,"16":0,"17":0,"18":0,"19":0,"20":0,"21":0,"22":0,"23":0,"24":0,"25":0,"26":0,"27":0,"28":0,"29":0,"30":0,"31":0,"32":0,"33":0,"34":0,"35":0,"36":1,"37":1,"38":1,"39":1,"40":1,"41":1},"f":{"0":1,"1":0,"2":0,"3":0,"4":0,"5":0,"6":0,"7":0,"8":0,"9":0},"b":{"0":[0,0],"1":[0,0],"2":[0,0],"3":[0,0,0],"4":[0,0],"5":[0,0],"6":[0,0]}}
,"/home/stas/Документы/KNGK/Portal/portal/apps/portal/src/auth/auth.service.ts": {"path":"/home/stas/Документы/KNGK/Portal/portal/apps/portal/src/auth/auth.service.ts","statementMap":{"0":{"start":{"line":4,"column":0},"end":{"line":4,"column":95}},"1":{"start":{"line":5,"column":0},"end":{"line":5,"column":42}},"2":{"start":{"line":6,"column":0},"end":{"line":6,"column":26}},"3":{"start":{"line":10,"column":0},"end":{"line":10,"column":41}},"4":{"start":{"line":11,"column":0},"end":{"line":11,"column":40}},"5":{"start":{"line":12,"column":0},"end":{"line":12,"column":44}},"6":{"start":{"line":14,"column":0},"end":{"line":14,"column":51}},"7":{"start":{"line":19,"column":0},"end":{"line":202,"column":null}},"8":{"start":{"line":21,"column":21},"end":{"line":21,"column":34}},"9":{"start":{"line":22,"column":21},"end":{"line":22,"column":34}},"10":{"start":{"line":23,"column":21},"end":{"line":23,"column":33}},"11":{"start":{"line":24,"column":21},"end":{"line":24,"column":34}},"12":{"start":{"line":25,"column":21},"end":{"line":25,"column":36}},"13":{"start":{"line":26,"column":21},"end":{"line":26,"column":27}},"14":{"start":{"line":36,"column":9},"end":{"line":42,"column":4}},"15":{"start":{"line":37,"column":4},"end":{"line":39,"column":null}},"16":{"start":{"line":38,"column":6},"end":{"line":38,"column":43}},"17":{"start":{"line":41,"column":4},"end":{"line":41,"column":38}},"18":{"start":{"line":71,"column":2},"end":{"line":156,"column":4}},"19":{"start":{"line":72,"column":28},"end":{"line":72,"column":33}},"20":{"start":{"line":73,"column":29},"end":{"line":73,"column":34}},"21":{"start":{"line":74,"column":25},"end":{"line":74,"column":30}},"22":{"start":{"line":75,"column":25},"end":{"line":75,"column":30}},"23":{"start":{"line":77,"column":4},"end":{"line":93,"column":null}},"24":{"start":{"line":78,"column":28},"end":{"line":80,"column":8}},"25":{"start":{"line":82,"column":6},"end":{"line":90,"column":null}},"26":{"start":{"line":83,"column":8},"end":{"line":83,"column":32}},"27":{"start":{"line":85,"column":8},"end":{"line":85,"column":68}},"28":{"start":{"line":87,"column":8},"end":{"line":87,"column":34}},"29":{"start":{"line":89,"column":8},"end":{"line":89,"column":87}},"30":{"start":{"line":92,"column":6},"end":{"line":92,"column":27}},"31":{"start":{"line":95,"column":4},"end":{"line":111,"column":null}},"32":{"start":{"line":96,"column":24},"end":{"line":98,"column":8}},"33":{"start":{"line":100,"column":6},"end":{"line":108,"column":null}},"34":{"start":{"line":101,"column":8},"end":{"line":101,"column":28}},"35":{"start":{"line":103,"column":8},"end":{"line":103,"column":64}},"36":{"start":{"line":105,"column":8},"end":{"line":105,"column":30}},"37":{"start":{"line":107,"column":8},"end":{"line":107,"column":83}},"38":{"start":{"line":110,"column":6},"end":{"line":110,"column":23}},"39":{"start":{"line":113,"column":4},"end":{"line":129,"column":null}},"40":{"start":{"line":114,"column":24},"end":{"line":116,"column":8}},"41":{"start":{"line":118,"column":6},"end":{"line":126,"column":null}},"42":{"start":{"line":119,"column":8},"end":{"line":119,"column":28}},"43":{"start":{"line":121,"column":8},"end":{"line":121,"column":64}},"44":{"start":{"line":123,"column":8},"end":{"line":123,"column":30}},"45":{"start":{"line":125,"column":8},"end":{"line":125,"column":83}},"46":{"start":{"line":128,"column":6},"end":{"line":128,"column":23}},"47":{"start":{"line":131,"column":4},"end":{"line":149,"column":null}},"48":{"start":{"line":132,"column":27},"end":{"line":134,"column":8}},"49":{"start":{"line":136,"column":6},"end":{"line":142,"column":null}},"50":{"start":{"line":137,"column":8},"end":{"line":137,"column":31}},"51":{"start":{"line":139,"column":8},"end":{"line":139,"column":67}},"52":{"start":{"line":141,"column":8},"end":{"line":141,"column":86}},"53":{"start":{"line":144,"column":6},"end":{"line":144,"column":26}},"54":{"start":{"line":146,"column":6},"end":{"line":146,"column":31}},"55":{"start":{"line":148,"column":6},"end":{"line":148,"column":89}},"56":{"start":{"line":151,"column":4},"end":{"line":153,"column":null}},"57":{"start":{"line":152,"column":6},"end":{"line":152,"column":18}},"58":{"start":{"line":155,"column":4},"end":{"line":155,"column":17}},"59":{"start":{"line":195,"column":2},"end":{"line":201,"column":19}},"60":{"start":{"line":196,"column":4},"end":{"line":201,"column":18}},"61":{"start":{"line":52,"column":4},"end":{"line":52,"column":81}},"62":{"start":{"line":54,"column":4},"end":{"line":64,"column":9}},"63":{"start":{"line":59,"column":22},"end":{"line":59,"column":81}},"64":{"start":{"line":61,"column":8},"end":{"line":61,"column":93}},"65":{"start":{"line":63,"column":8},"end":{"line":63,"column":82}},"66":{"start":{"line":174,"column":21},"end":{"line":174,"column":76}},"67":{"start":{"line":176,"column":4},"end":{"line":180,"column":null}},"68":{"start":{"line":177,"column":6},"end":{"line":177,"column":85}},"69":{"start":{"line":179,"column":6},"end":{"line":179,"column":66}},"70":{"start":{"line":182,"column":4},"end":{"line":186,"column":7}},"71":{"start":{"line":183,"column":6},"end":{"line":183,"column":89}},"72":{"start":{"line":185,"column":6},"end":{"line":185,"column":83}},"73":{"start":{"line":19,"column":13},"end":{"line":202,"column":null}},"74":{"start":{"line":19,"column":13},"end":{"line":19,"column":24}}},"fnMap":{"0":{"name":"(anonymous_3)","decl":{"start":{"line":20,"column":2},"end":{"line":20,"column":null}},"loc":{"start":{"line":26,"column":38},"end":{"line":27,"column":6}}},"1":{"name":"(anonymous_4)","decl":{"start":{"line":36,"column":20},"end":{"line":36,"column":25}},"loc":{"start":{"line":36,"column":78},"end":{"line":42,"column":3}}},"2":{"name":"(anonymous_5)","decl":{"start":{"line":71,"column":15},"end":{"line":71,"column":20}},"loc":{"start":{"line":71,"column":44},"end":{"line":156,"column":3}}},"3":{"name":"(anonymous_6)","decl":{"start":{"line":195,"column":15},"end":{"line":195,"column":20}},"loc":{"start":{"line":196,"column":4},"end":{"line":201,"column":18}}},"4":{"name":"(anonymous_7)","decl":{"start":{"line":51,"column":2},"end":{"line":51,"column":7}},"loc":{"start":{"line":51,"column":70},"end":{"line":65,"column":3}}},"5":{"name":"(anonymous_8)","decl":{"start":{"line":59,"column":12},"end":{"line":59,"column":13}},"loc":{"start":{"line":59,"column":22},"end":{"line":59,"column":81}}},"6":{"name":"(anonymous_9)","decl":{"start":{"line":60,"column":13},"end":{"line":60,"column":14}},"loc":{"start":{"line":60,"column":38},"end":{"line":64,"column":7}}},"7":{"name":"(anonymous_10)","decl":{"start":{"line":165,"column":2},"end":{"line":165,"column":7}},"loc":{"start":{"line":173,"column":3},"end":{"line":187,"column":3}}},"8":{"name":"(anonymous_11)","decl":{"start":{"line":182,"column":65},"end":{"line":182,"column":66}},"loc":{"start":{"line":182,"column":75},"end":{"line":186,"column":5}}}},"branchMap":{"0":{"loc":{"start":{"line":37,"column":4},"end":{"line":39,"column":null}},"type":"if","locations":[{"start":{"line":37,"column":4},"end":{"line":39,"column":null}},{"start":{"line":37,"column":4},"end":{"line":39,"column":null}}]},"1":{"loc":{"start":{"line":37,"column":8},"end":{"line":37,"column":15}},"type":"binary-expr","locations":[{"start":{"line":37,"column":8},"end":{"line":37,"column":15}},{"start":{"line":37,"column":19},"end":{"line":37,"column":34}},{"start":{"line":37,"column":38},"end":{"line":37,"column":62}},{"start":{"line":37,"column":66},"end":{"line":37,"column":95}}]},"2":{"loc":{"start":{"line":77,"column":4},"end":{"line":93,"column":null}},"type":"if","locations":[{"start":{"line":77,"column":4},"end":{"line":93,"column":null}},{"start":{"line":77,"column":4},"end":{"line":93,"column":null}}]},"3":{"loc":{"start":{"line":95,"column":4},"end":{"line":111,"column":null}},"type":"if","locations":[{"start":{"line":95,"column":4},"end":{"line":111,"column":null}},{"start":{"line":95,"column":4},"end":{"line":111,"column":null}}]},"4":{"loc":{"start":{"line":113,"column":4},"end":{"line":129,"column":null}},"type":"if","locations":[{"start":{"line":113,"column":4},"end":{"line":129,"column":null}},{"start":{"line":113,"column":4},"end":{"line":129,"column":null}}]},"5":{"loc":{"start":{"line":151,"column":4},"end":{"line":153,"column":null}},"type":"if","locations":[{"start":{"line":151,"column":4},"end":{"line":153,"column":null}},{"start":{"line":151,"column":4},"end":{"line":153,"column":null}}]},"6":{"loc":{"start":{"line":151,"column":8},"end":{"line":151,"column":26}},"type":"binary-expr","locations":[{"start":{"line":151,"column":8},"end":{"line":151,"column":26}},{"start":{"line":151,"column":30},"end":{"line":151,"column":47}},{"start":{"line":151,"column":51},"end":{"line":151,"column":65}},{"start":{"line":151,"column":69},"end":{"line":151,"column":83}}]},"7":{"loc":{"start":{"line":59,"column":22},"end":{"line":59,"column":26}},"type":"binary-expr","locations":[{"start":{"line":59,"column":22},"end":{"line":59,"column":26}},{"start":{"line":59,"column":30},"end":{"line":59,"column":81}}]},"8":{"loc":{"start":{"line":59,"column":53},"end":{"line":59,"column":56}},"type":"binary-expr","locations":[{"start":{"line":59,"column":53},"end":{"line":59,"column":56}},{"start":{"line":59,"column":60},"end":{"line":59,"column":73}},{"start":{"line":59,"column":78},"end":{"line":59,"column":80}}]},"9":{"loc":{"start":{"line":176,"column":4},"end":{"line":180,"column":null}},"type":"if","locations":[{"start":{"line":176,"column":4},"end":{"line":180,"column":null}},{"start":{"line":176,"column":4},"end":{"line":180,"column":null}}]}},"s":{"0":2,"1":2,"2":2,"3":2,"4":2,"5":2,"6":2,"7":2,"8":1,"9":1,"10":1,"11":1,"12":1,"13":1,"14":1,"15":0,"16":0,"17":0,"18":1,"19":0,"20":0,"21":0,"22":0,"23":0,"24":0,"25":0,"26":0,"27":0,"28":0,"29":0,"30":0,"31":0,"32":0,"33":0,"34":0,"35":0,"36":0,"37":0,"38":0,"39":0,"40":0,"41":0,"42":0,"43":0,"44":0,"45":0,"46":0,"47":0,"48":0,"49":0,"50":0,"51":0,"52":0,"53":0,"54":0,"55":0,"56":0,"57":0,"58":0,"59":1,"60":0,"61":0,"62":0,"63":0,"64":0,"65":0,"66":0,"67":0,"68":0,"69":0,"70":0,"71":0,"72":0,"73":2,"74":2},"f":{"0":1,"1":0,"2":0,"3":0,"4":0,"5":0,"6":0,"7":0,"8":0},"b":{"0":[0,0],"1":[0,0,0,0],"2":[0,0],"3":[0,0],"4":[0,0],"5":[0,0],"6":[0,0,0,0],"7":[0,0],"8":[0,0,0],"9":[0,0]}}
,"/home/stas/Документы/KNGK/Portal/portal/apps/portal/src/controllers/admin/admin.controller.ts": {"path":"/home/stas/Документы/KNGK/Portal/portal/apps/portal/src/controllers/admin/admin.controller.ts","statementMap":{"0":{"start":{"line":4,"column":0},"end":{"line":4,"column":65}},"1":{"start":{"line":8,"column":0},"end":{"line":8,"column":58}},"2":{"start":{"line":12,"column":0},"end":{"line":19,"column":null}},"3":{"start":{"line":17,"column":4},"end":{"line":17,"column":28}},"4":{"start":{"line":15,"column":2},"end":{"line":18,"column":null}},"5":{"start":{"line":12,"column":13},"end":{"line":19,"column":null}},"6":{"start":{"line":12,"column":13},"end":{"line":12,"column":28}}},"fnMap":{"0":{"name":"(anonymous_4)","decl":{"start":{"line":15,"column":2},"end":{"line":15,"column":7}},"loc":{"start":{"line":15,"column":38},"end":{"line":18,"column":3}}}},"branchMap":{},"s":{"0":1,"1":1,"2":1,"3":0,"4":1,"5":1,"6":1},"f":{"0":0},"b":{}}
,"/home/stas/Документы/KNGK/Portal/portal/apps/portal/src/controllers/auth/auth.controller.ts": {"path":"/home/stas/Документы/KNGK/Portal/portal/apps/portal/src/controllers/auth/auth.controller.ts","statementMap":{"0":{"start":{"line":4,"column":0},"end":{"line":4,"column":65}},"1":{"start":{"line":6,"column":0},"end":{"line":6,"column":58}},"2":{"start":{"line":13,"column":0},"end":{"line":24,"column":null}},"3":{"start":{"line":16,"column":4},"end":{"line":16,"column":36}},"4":{"start":{"line":22,"column":4},"end":{"line":22,"column":37}},"5":{"start":{"line":15,"column":2},"end":{"line":17,"column":null}},"6":{"start":{"line":21,"column":2},"end":{"line":23,"column":null}},"7":{"start":{"line":13,"column":13},"end":{"line":24,"column":null}},"8":{"start":{"line":13,"column":13},"end":{"line":13,"column":27}}},"fnMap":{"0":{"name":"(anonymous_4)","decl":{"start":{"line":15,"column":9},"end":{"line":15,"column":14}},"loc":{"start":{"line":15,"column":51},"end":{"line":17,"column":3}}},"1":{"name":"(anonymous_5)","decl":{"start":{"line":21,"column":9},"end":{"line":21,"column":14}},"loc":{"start":{"line":21,"column":52},"end":{"line":23,"column":3}}}},"branchMap":{},"s":{"0":1,"1":1,"2":1,"3":0,"4":0,"5":1,"6":1,"7":1,"8":1},"f":{"0":0,"1":0},"b":{}}
,"/home/stas/Документы/KNGK/Portal/portal/apps/portal/src/controllers/calendar/calendar.controller.ts": {"path":"/home/stas/Документы/KNGK/Portal/portal/apps/portal/src/controllers/calendar/calendar.controller.ts","statementMap":{"0":{"start":{"line":4,"column":0},"end":{"line":4,"column":65}},"1":{"start":{"line":8,"column":0},"end":{"line":8,"column":58}},"2":{"start":{"line":12,"column":0},"end":{"line":18,"column":null}},"3":{"start":{"line":16,"column":4},"end":{"line":16,"column":34}},"4":{"start":{"line":15,"column":2},"end":{"line":17,"column":null}},"5":{"start":{"line":12,"column":13},"end":{"line":18,"column":null}},"6":{"start":{"line":12,"column":13},"end":{"line":12,"column":31}}},"fnMap":{"0":{"name":"(anonymous_4)","decl":{"start":{"line":15,"column":9},"end":{"line":15,"column":14}},"loc":{"start":{"line":15,"column":54},"end":{"line":17,"column":3}}}},"branchMap":{},"s":{"0":1,"1":1,"2":1,"3":0,"4":1,"5":1,"6":1},"f":{"0":0},"b":{}}
,"/home/stas/Документы/KNGK/Portal/portal/apps/portal/src/controllers/faq/faq.controller.ts": {"path":"/home/stas/Документы/KNGK/Portal/portal/apps/portal/src/controllers/faq/faq.controller.ts","statementMap":{"0":{"start":{"line":4,"column":0},"end":{"line":4,"column":65}},"1":{"start":{"line":8,"column":0},"end":{"line":8,"column":58}},"2":{"start":{"line":12,"column":0},"end":{"line":18,"column":null}},"3":{"start":{"line":16,"column":4},"end":{"line":16,"column":29}},"4":{"start":{"line":15,"column":2},"end":{"line":17,"column":null}},"5":{"start":{"line":12,"column":13},"end":{"line":18,"column":null}},"6":{"start":{"line":12,"column":13},"end":{"line":12,"column":26}}},"fnMap":{"0":{"name":"(anonymous_4)","decl":{"start":{"line":15,"column":9},"end":{"line":15,"column":14}},"loc":{"start":{"line":15,"column":49},"end":{"line":17,"column":3}}}},"branchMap":{},"s":{"0":1,"1":1,"2":1,"3":0,"4":1,"5":1,"6":1},"f":{"0":0},"b":{}}
,"/home/stas/Документы/KNGK/Portal/portal/apps/portal/src/controllers/health/health.controller.ts": {"path":"/home/stas/Документы/KNGK/Portal/portal/apps/portal/src/controllers/health/health.controller.ts","statementMap":{"0":{"start":{"line":4,"column":0},"end":{"line":4,"column":49}},"1":{"start":{"line":11,"column":0},"end":{"line":16,"column":null}},"2":{"start":{"line":14,"column":4},"end":{"line":14,"column":16}},"3":{"start":{"line":13,"column":2},"end":{"line":15,"column":null}},"4":{"start":{"line":11,"column":13},"end":{"line":16,"column":null}},"5":{"start":{"line":11,"column":13},"end":{"line":11,"column":29}}},"fnMap":{"0":{"name":"(anonymous_2)","decl":{"start":{"line":13,"column":9},"end":{"line":13,"column":14}},"loc":{"start":{"line":13,"column":21},"end":{"line":15,"column":3}}}},"branchMap":{},"s":{"0":1,"1":1,"2":0,"3":1,"4":1,"5":1},"f":{"0":0},"b":{}}
,"/home/stas/Документы/KNGK/Portal/portal/apps/portal/src/controllers/home/home.controller.ts": {"path":"/home/stas/Документы/KNGK/Portal/portal/apps/portal/src/controllers/home/home.controller.ts","statementMap":{"0":{"start":{"line":4,"column":0},"end":{"line":4,"column":65}},"1":{"start":{"line":8,"column":0},"end":{"line":8,"column":58}},"2":{"start":{"line":12,"column":0},"end":{"line":18,"column":null}},"3":{"start":{"line":16,"column":4},"end":{"line":16,"column":31}},"4":{"start":{"line":15,"column":2},"end":{"line":17,"column":null}},"5":{"start":{"line":12,"column":13},"end":{"line":18,"column":null}},"6":{"start":{"line":12,"column":13},"end":{"line":12,"column":27}}},"fnMap":{"0":{"name":"(anonymous_4)","decl":{"start":{"line":15,"column":9},"end":{"line":15,"column":14}},"loc":{"start":{"line":15,"column":54},"end":{"line":17,"column":3}}}},"branchMap":{},"s":{"0":1,"1":1,"2":1,"3":0,"4":1,"5":1,"6":1},"f":{"0":0},"b":{}}
,"/home/stas/Документы/KNGK/Portal/portal/apps/portal/src/controllers/mail/mail.controller.ts": {"path":"/home/stas/Документы/KNGK/Portal/portal/apps/portal/src/controllers/mail/mail.controller.ts","statementMap":{"0":{"start":{"line":4,"column":0},"end":{"line":4,"column":65}},"1":{"start":{"line":8,"column":0},"end":{"line":8,"column":58}},"2":{"start":{"line":12,"column":0},"end":{"line":18,"column":null}},"3":{"start":{"line":16,"column":4},"end":{"line":16,"column":30}},"4":{"start":{"line":15,"column":2},"end":{"line":17,"column":null}},"5":{"start":{"line":12,"column":13},"end":{"line":18,"column":null}},"6":{"start":{"line":12,"column":13},"end":{"line":12,"column":27}}},"fnMap":{"0":{"name":"(anonymous_4)","decl":{"start":{"line":15,"column":9},"end":{"line":15,"column":14}},"loc":{"start":{"line":15,"column":50},"end":{"line":17,"column":3}}}},"branchMap":{},"s":{"0":1,"1":1,"2":1,"3":0,"4":1,"5":1,"6":1},"f":{"0":0},"b":{}}
[...]
,"/home/stas/Документы/KNGK/Portal/portal/libs/logger/src/logger.service.ts": {"path":"/home/stas/Документы/KNGK/Portal/portal/libs/logger/src/logger.service.ts","statementMap":{"0":{"start":{"line":5,"column":0},"end":{"line":5,"column":40}},"1":{"start":{"line":8,"column":12},"end":{"line":8,"column":49}},"2":{"start":{"line":11,"column":2},"end":{"line":11,"column":21}},"3":{"start":{"line":13,"column":2},"end":{"line":21,"column":4}},"4":{"start":{"line":24,"column":12},"end":{"line":24,"column":19}},"5":{"start":{"line":25,"column":12},"end":{"line":25,"column":19}},"6":{"start":{"line":26,"column":4},"end":{"line":29,"column":null}},"7":{"start":{"line":27,"column":6},"end":{"line":27,"column":12}},"8":{"start":{"line":28,"column":6},"end":{"line":28,"column":26}},"9":{"start":{"line":30,"column":4},"end":{"line":34,"column":null}},"10":{"start":{"line":31,"column":6},"end":{"line":31,"column":22}},"11":{"start":{"line":33,"column":6},"end":{"line":33,"column":91}},"12":{"start":{"line":38,"column":4},"end":{"line":42,"column":null}},"13":{"start":{"line":39,"column":6},"end":{"line":39,"column":43}},"14":{"start":{"line":41,"column":6},"end":{"line":41,"column":112}},"15":{"start":{"line":46,"column":4},"end":{"line":50,"column":null}},"16":{"start":{"line":47,"column":6},"end":{"line":47,"column":35}},"17":{"start":{"line":49,"column":6},"end":{"line":49,"column":104}},"18":{"start":{"line":54,"column":4},"end":{"line":58,"column":null}},"19":{"start":{"line":55,"column":6},"end":{"line":55,"column":36}},"20":{"start":{"line":57,"column":6},"end":{"line":57,"column":105}},"21":{"start":{"line":62,"column":4},"end":{"line":66,"column":null}},"22":{"start":{"line":63,"column":6},"end":{"line":63,"column":38}},"23":{"start":{"line":65,"column":6},"end":{"line":65,"column":104}},"24":{"start":{"line":75,"column":4},"end":{"line":75,"column":55}},"25":{"start":{"line":82,"column":4},"end":{"line":84,"column":null}},"26":{"start":{"line":83,"column":6},"end":{"line":83,"column":47}},"27":{"start":{"line":91,"column":4},"end":{"line":91,"column":50}},"28":{"start":{"line":98,"column":4},"end":{"line":98,"column":52}},"29":{"start":{"line":102,"column":4},"end":{"line":102,"column":49}},"30":{"start":{"line":106,"column":4},"end":{"line":106,"column":50}},"31":{"start":{"line":10,"column":0},"end":{"line":10,"column":13}}},"fnMap":{"0":{"name":"(anonymous_0)","decl":{"start":{"line":10,"column":0},"end":{"line":10,"column":13}},"loc":{"start":{"line":10,"column":0},"end":{"line":108,"column":1}}},"1":{"name":"(anonymous_1)","decl":{"start":{"line":23,"column":2},"end":{"line":23,"column":5}},"loc":{"start":{"line":23,"column":36},"end":{"line":35,"column":3}}},"2":{"name":"(anonymous_2)","decl":{"start":{"line":37,"column":2},"end":{"line":37,"column":7}},"loc":{"start":{"line":37,"column":54},"end":{"line":43,"column":3}}},"3":{"name":"(anonymous_3)","decl":{"start":{"line":45,"column":2},"end":{"line":45,"column":6}},"loc":{"start":{"line":45,"column":37},"end":{"line":51,"column":3}}},"4":{"name":"(anonymous_4)","decl":{"start":{"line":53,"column":2},"end":{"line":53,"column":7}},"loc":{"start":{"line":53,"column":38},"end":{"line":59,"column":3}}},"5":{"name":"(anonymous_5)","decl":{"start":{"line":61,"column":2},"end":{"line":61,"column":9}},"loc":{"start":{"line":61,"column":40},"end":{"line":67,"column":3}}},"6":{"name":"(anonymous_6)","decl":{"start":{"line":74,"column":2},"end":{"line":74,"column":7}},"loc":{"start":{"line":74,"column":23},"end":{"line":76,"column":3}}},"7":{"name":"(anonymous_7)","decl":{"start":{"line":81,"column":2},"end":{"line":81,"column":10}},"loc":{"start":{"line":81,"column":23},"end":{"line":85,"column":3}}},"8":{"name":"(anonymous_8)","decl":{"start":{"line":90,"column":2},"end":{"line":90,"column":15}},"loc":{"start":{"line":90,"column":57},"end":{"line":92,"column":3}}},"9":{"name":"(anonymous_9)","decl":{"start":{"line":97,"column":2},"end":{"line":97,"column":16}},"loc":{"start":{"line":97,"column":29},"end":{"line":99,"column":3}}},"10":{"name":"(anonymous_10)","decl":{"start":{"line":101,"column":2},"end":{"line":101,"column":14}},"loc":{"start":{"line":101,"column":27},"end":{"line":103,"column":3}}},"11":{"name":"(anonymous_11)","decl":{"start":{"line":105,"column":2},"end":{"line":105,"column":14}},"loc":{"start":{"line":105,"column":27},"end":{"line":107,"column":3}}}},"branchMap":{"0":{"loc":{"start":{"line":26,"column":4},"end":{"line":29,"column":null}},"type":"if","locations":[{"start":{"line":26,"column":4},"end":{"line":29,"column":null}},{"start":{"line":26,"column":4},"end":{"line":29,"column":null}}]},"1":{"loc":{"start":{"line":30,"column":4},"end":{"line":34,"column":null}},"type":"if","locations":[{"start":{"line":30,"column":4},"end":{"line":34,"column":null}},{"start":{"line":30,"column":4},"end":{"line":34,"column":null}}]},"2":{"loc":{"start":{"line":38,"column":4},"end":{"line":42,"column":null}},"type":"if","locations":[{"start":{"line":38,"column":4},"end":{"line":42,"column":null}},{"start":{"line":38,"column":4},"end":{"line":42,"column":null}}]},"3":{"loc":{"start":{"line":46,"column":4},"end":{"line":50,"column":null}},"type":"if","locations":[{"start":{"line":46,"column":4},"end":{"line":50,"column":null}},{"start":{"line":46,"column":4},"end":{"line":50,"column":null}}]},"4":{"loc":{"start":{"line":54,"column":4},"end":{"line":58,"column":null}},"type":"if","locations":[{"start":{"line":54,"column":4},"end":{"line":58,"column":null}},{"start":{"line":54,"column":4},"end":{"line":58,"column":null}}]},"5":{"loc":{"start":{"line":62,"column":4},"end":{"line":66,"column":null}},"type":"if","locations":[{"start":{"line":62,"column":4},"end":{"line":66,"column":null}},{"start":{"line":62,"column":4},"end":{"line":66,"column":null}}]},"6":{"loc":{"start":{"line":82,"column":4},"end":{"line":84,"column":null}},"type":"if","locations":[{"start":{"line":82,"column":4},"end":{"line":84,"column":null}},{"start":{"line":82,"column":4},"end":{"line":84,"column":null}}]}},"s":{"0":32,"1":32,"2":12,"3":12,"4":0,"5":0,"6":0,"7":0,"8":0,"9":0,"10":0,"11":0,"12":0,"13":0,"14":0,"15":0,"16":0,"17":0,"18":0,"19":0,"20":0,"21":0,"22":0,"23":0,"24":0,"25":0,"26":0,"27":0,"28":0,"29":0,"30":0,"31":32},"f":{"0":12,"1":0,"2":0,"3":0,"4":0,"5":0,"6":0,"7":0,"8":0,"9":0,"10":0,"11":0},"b":{"0":[0,0],"1":[0,0],"2":[0,0],"3":[0,0],"4":[0,0],"5":[0,0],"6":[0,0]}}
,"/home/stas/Документы/KNGK/Portal/portal/libs/logging.interceptor/src/logging.interceptor.ts": {"path":"/home/stas/Документы/KNGK/Portal/portal/libs/logging.interceptor/src/logging.interceptor.ts","statementMap":{"0":{"start":{"line":5,"column":0},"end":{"line":5,"column":47}},"1":{"start":{"line":6,"column":0},"end":{"line":6,"column":98}},"2":{"start":{"line":7,"column":0},"end":{"line":7,"column":79}},"3":{"start":{"line":9,"column":0},"end":{"line":9,"column":37}},"4":{"start":{"line":12,"column":0},"end":{"line":12,"column":41}},"5":{"start":{"line":13,"column":0},"end":{"line":13,"column":59}},"6":{"start":{"line":21,"column":0},"end":{"line":92,"column":null}},"7":{"start":{"line":24,"column":31},"end":{"line":24,"column":43}},"8":{"start":{"line":24,"column":72},"end":{"line":24,"column":87}},"9":{"start":{"line":25,"column":4},"end":{"line":25,"column":73}},"10":{"start":{"line":29,"column":16},"end":{"line":29,"column":26}},"11":{"start":{"line":30,"column":17},"end":{"line":30,"column":34}},"12":{"start":{"line":32,"column":4},"end":{"line":90,"column":null}},"13":{"start":{"line":34,"column":21},"end":{"line":34,"column":55}},"14":{"start":{"line":36,"column":8},"end":{"line":45,"column":12}},"15":{"start":{"line":40,"column":14},"end":{"line":42,"column":null}},"16":{"start":{"line":50,"column":20},"end":{"line":50,"column":72}},"17":{"start":{"line":52,"column":8},"end":{"line":65,"column":null}},"18":{"start":{"line":53,"column":42},"end":{"line":53,"column":45}},"19":{"start":{"line":55,"column":10},"end":{"line":64,"column":14}},"20":{"start":{"line":59,"column":16},"end":{"line":61,"column":null}},"21":{"start":{"line":67,"column":48},"end":{"line":67,"column":83}},"22":{"start":{"line":68,"column":29},"end":{"line":68,"column":74}},"23":{"start":{"line":69,"column":21},"end":{"line":69,"column":34}},"24":{"start":{"line":70,"column":23},"end":{"line":70,"column":39}},"25":{"start":{"line":71,"column":24},"end":{"line":71,"column":90}},"26":{"start":{"line":73,"column":23},"end":{"line":73,"column":42}},"27":{"start":{"line":74,"column":8},"end":{"line":76,"column":null}},"28":{"start":{"line":75,"column":10},"end":{"line":75,"column":44}},"29":{"start":{"line":78,"column":8},"end":{"line":88,"column":12}},"30":{"start":{"line":82,"column":14},"end":{"line":85,"column":null}},"31":{"start":{"line":21,"column":13},"end":{"line":92,"column":null}},"32":{"start":{"line":21,"column":13},"end":{"line":21,"column":31}},"33":{"start":{"line":94,"column":13},"end":{"line":99,"column":4}}},"fnMap":{"0":{"name":"(anonymous_2)","decl":{"start":{"line":24,"column":2},"end":{"line":24,"column":31}},"loc":{"start":{"line":24,"column":100},"end":{"line":26,"column":3}}},"1":{"name":"(anonymous_3)","decl":{"start":{"line":28,"column":2},"end":{"line":28,"column":11}},"loc":{"start":{"line":28,"column":56},"end":{"line":91,"column":3}}},"2":{"name":"(anonymous_4)","decl":{"start":{"line":39,"column":16},"end":{"line":39,"column":19}},"loc":{"start":{"line":40,"column":14},"end":{"line":42,"column":null}}},"3":{"name":"(anonymous_5)","decl":{"start":{"line":58,"column":18},"end":{"line":58,"column":21}},"loc":{"start":{"line":59,"column":16},"end":{"line":61,"column":null}}},"4":{"name":"(anonymous_6)","decl":{"start":{"line":81,"column":16},"end":{"line":81,"column":19}},"loc":{"start":{"line":82,"column":14},"end":{"line":85,"column":null}}}},"branchMap":{"0":{"loc":{"start":{"line":33,"column":6},"end":{"line":46,"column":null}},"type":"switch","locations":[{"start":{"line":33,"column":6},"end":{"line":46,"column":null}},{"start":{"line":48,"column":6},"end":{"line":48,"column":18}},{"start":{"line":49,"column":6},"end":{"line":89,"column":null}}]},"1":{"loc":{"start":{"line":52,"column":8},"end":{"line":65,"column":null}},"type":"if","locations":[{"start":{"line":52,"column":8},"end":{"line":65,"column":null}},{"start":{"line":52,"column":8},"end":{"line":65,"column":null}}]},"2":{"loc":{"start":{"line":68,"column":29},"end":{"line":68,"column":47}},"type":"binary-expr","locations":[{"start":{"line":68,"column":29},"end":{"line":68,"column":47}},{"start":{"line":68,"column":51},"end":{"line":68,"column":74}}]},"3":{"loc":{"start":{"line":71,"column":24},"end":{"line":71,"column":34}},"type":"binary-expr","locations":[{"start":{"line":71,"column":24},"end":{"line":71,"column":34}},{"start":{"line":71,"column":38},"end":{"line":71,"column":55}},{"start":{"line":71,"column":59},"end":{"line":71,"column":90}}]},"4":{"loc":{"start":{"line":74,"column":8},"end":{"line":76,"column":null}},"type":"if","locations":[{"start":{"line":74,"column":8},"end":{"line":76,"column":null}},{"start":{"line":74,"column":8},"end":{"line":76,"column":null}}]}},"s":{"0":1,"1":1,"2":1,"3":1,"4":1,"5":1,"6":1,"7":1,"8":1,"9":1,"10":0,"11":0,"12":0,"13":0,"14":0,"15":0,"16":0,"17":0,"18":0,"19":0,"20":0,"21":0,"22":0,"23":0,"24":0,"25":0,"26":0,"27":0,"28":0,"29":0,"30":0,"31":1,"32":1,"33":1},"f":{"0":1,"1":0,"2":0,"3":0,"4":0},"b":{"0":[0,0,0],"1":[0,0],"2":[0,0],"3":[0,0,0],"4":[0,0]}}
,"/home/stas/Документы/KNGK/Portal/portal/libs/soap/src/index.ts": {"path":"/home/stas/Документы/KNGK/Portal/portal/libs/soap/src/index.ts","statementMap":{"0":{"start":{"line":3,"column":0},"end":{"line":3,"column":30}},"1":{"start":{"line":4,"column":0},"end":{"line":4,"column":31}},"2":{"start":{"line":5,"column":0},"end":{"line":5,"column":33}}},"fnMap":{},"branchMap":{},"s":{"0":2,"1":2,"2":2},"f":{},"b":{}}
,"/home/stas/Документы/KNGK/Portal/portal/libs/soap/src/soap.interface.ts": {"path":"/home/stas/Документы/KNGK/Portal/portal/libs/soap/src/soap.interface.ts","statementMap":{"0":{"start":{"line":11,"column":13},"end":{"line":11,"column":43}}},"fnMap":{},"branchMap":{},"s":{"0":4},"f":{},"b":{}}
,"/home/stas/Документы/KNGK/Portal/portal/libs/soap/src/soap.module.ts": {"path":"/home/stas/Документы/KNGK/Portal/portal/libs/soap/src/soap.module.ts","statementMap":{"0":{"start":{"line":4,"column":0},"end":{"line":4,"column":79}},"1":{"start":{"line":7,"column":0},"end":{"line":7,"column":105}},"2":{"start":{"line":8,"column":0},"end":{"line":8,"column":45}},"3":{"start":{"line":15,"column":23},"end":{"line":58,"column":null}},"4":{"start":{"line":17,"column":4},"end":{"line":20,"column":6}},"5":{"start":{"line":24,"column":4},"end":{"line":28,"column":6}},"6":{"start":{"line":32,"column":4},"end":{"line":34,"column":null}},"7":{"start":{"line":33,"column":6},"end":{"line":33,"column":56}},"8":{"start":{"line":35,"column":4},"end":{"line":41,"column":6}},"9":{"start":{"line":45,"column":4},"end":{"line":51,"column":null}},"10":{"start":{"line":46,"column":6},"end":{"line":50,"column":8}},"11":{"start":{"line":52,"column":4},"end":{"line":56,"column":6}},"12":{"start":{"line":54,"column":64},"end":{"line":54,"column":98}},"13":{"start":{"line":15,"column":13},"end":{"line":58,"column":null}},"14":{"start":{"line":15,"column":13},"end":{"line":15,"column":23}}},"fnMap":{"0":{"name":"(anonymous_1)","decl":{"start":{"line":16,"column":2},"end":{"line":16,"column":8}},"loc":{"start":{"line":16,"column":38},"end":{"line":21,"column":3}}},"1":{"name":"(anonymous_2)","decl":{"start":{"line":23,"column":2},"end":{"line":23,"column":8}},"loc":{"start":{"line":23,"column":54},"end":{"line":29,"column":3}}},"2":{"name":"(anonymous_3)","decl":{"start":{"line":31,"column":10},"end":{"line":31,"column":16}},"loc":{"start":{"line":31,"column":69},"end":{"line":42,"column":3}}},"3":{"name":"(anonymous_4)","decl":{"start":{"line":44,"column":10},"end":{"line":44,"column":16}},"loc":{"start":{"line":44,"column":75},"end":{"line":57,"column":3}}},"4":{"name":"(anonymous_5)","decl":{"start":{"line":54,"column":18},"end":{"line":54,"column":23}},"loc":{"start":{"line":54,"column":64},"end":{"line":54,"column":98}}}},"branchMap":{"0":{"loc":{"start":{"line":19,"column":53},"end":{"line":19,"column":60}},"type":"binary-expr","locations":[{"start":{"line":19,"column":53},"end":{"line":19,"column":60}},{"start":{"line":19,"column":64},"end":{"line":19,"column":66}}]},"1":{"loc":{"start":{"line":26,"column":15},"end":{"line":26,"column":30}},"type":"binary-expr","locations":[{"start":{"line":26,"column":15},"end":{"line":26,"column":30}},{"start":{"line":26,"column":34},"end":{"line":26,"column":36}}]},"2":{"loc":{"start":{"line":32,"column":4},"end":{"line":34,"column":null}},"type":"if","locations":[{"start":{"line":32,"column":4},"end":{"line":34,"column":null}},{"start":{"line":32,"column":4},"end":{"line":34,"column":null}}]},"3":{"loc":{"start":{"line":32,"column":8},"end":{"line":32,"column":27}},"type":"binary-expr","locations":[{"start":{"line":32,"column":8},"end":{"line":32,"column":27}},{"start":{"line":32,"column":31},"end":{"line":32,"column":49}}]},"4":{"loc":{"start":{"line":45,"column":4},"end":{"line":51,"column":null}},"type":"if","locations":[{"start":{"line":45,"column":4},"end":{"line":51,"column":null}},{"start":{"line":45,"column":4},"end":{"line":51,"column":null}}]},"5":{"loc":{"start":{"line":49,"column":16},"end":{"line":49,"column":30}},"type":"binary-expr","locations":[{"start":{"line":49,"column":16},"end":{"line":49,"column":30}},{"start":{"line":49,"column":34},"end":{"line":49,"column":36}}]},"6":{"loc":{"start":{"line":55,"column":16},"end":{"line":55,"column":64}},"type":"binary-expr","locations":[{"start":{"line":55,"column":16},"end":{"line":55,"column":64}},{"start":{"line":55,"column":69},"end":{"line":55,"column":114}}]}},"s":{"0":3,"1":3,"2":3,"3":3,"4":0,"5":2,"6":2,"7":2,"8":0,"9":2,"10":2,"11":0,"12":0,"13":3,"14":3},"f":{"0":0,"1":2,"2":2,"3":2,"4":0},"b":{"0":[0,0],"1":[2,2],"2":[2,0],"3":[2,2],"4":[2,0],"5":[2,2],"6":[0,0]}}
,"/home/stas/Документы/KNGK/Portal/portal/libs/soap/src/soap.service.ts": {"path":"/home/stas/Документы/KNGK/Portal/portal/libs/soap/src/soap.service.ts","statementMap":{"0":{"start":{"line":4,"column":0},"end":{"line":4,"column":52}},"1":{"start":{"line":5,"column":0},"end":{"line":5,"column":80}},"2":{"start":{"line":8,"column":0},"end":{"line":8,"column":41}},"3":{"start":{"line":9,"column":0},"end":{"line":9,"column":44}},"4":{"start":{"line":10,"column":0},"end":{"line":10,"column":81}},"5":{"start":{"line":17,"column":0},"end":{"line":58,"column":null}},"6":{"start":{"line":25,"column":42},"end":{"line":25,"column":59}},"7":{"start":{"line":26,"column":21},"end":{"line":26,"column":29}},"8":{"start":{"line":27,"column":21},"end":{"line":27,"column":36}},"9":{"start":{"line":31,"column":4},"end":{"line":43,"column":null}},"10":{"start":{"line":32,"column":6},"end":{"line":42,"column":8}},"11":{"start":{"line":45,"column":4},"end":{"line":56,"column":9}},"12":{"start":{"line":47,"column":8},"end":{"line":49,"column":null}},"13":{"start":{"line":48,"column":10},"end":{"line":48,"column":79}},"14":{"start":{"line":50,"column":8},"end":{"line":50,"column":36}},"15":{"start":{"line":53,"column":8},"end":{"line":53,"column":89}},"16":{"start":{"line":55,"column":8},"end":{"line":55,"column":20}},"17":{"start":{"line":17,"column":13},"end":{"line":58,"column":null}},"18":{"start":{"line":17,"column":13},"end":{"line":17,"column":24}}},"fnMap":{"0":{"name":"(anonymous_4)","decl":{"start":{"line":24,"column":2},"end":{"line":24,"column":null}},"loc":{"start":{"line":27,"column":49},"end":{"line":28,"column":6}}},"1":{"name":"(anonymous_5)","decl":{"start":{"line":30,"column":2},"end":{"line":30,"column":7}},"loc":{"start":{"line":30,"column":51},"end":{"line":57,"column":3}}},"2":{"name":"(anonymous_6)","decl":{"start":{"line":46,"column":12},"end":{"line":46,"column":13}},"loc":{"start":{"line":46,"column":31},"end":{"line":51,"column":7}}},"3":{"name":"(anonymous_7)","decl":{"start":{"line":52,"column":13},"end":{"line":52,"column":14}},"loc":{"start":{"line":52,"column":34},"end":{"line":56,"column":7}}}},"branchMap":{"0":{"loc":{"start":{"line":31,"column":4},"end":{"line":43,"column":null}},"type":"if","locations":[{"start":{"line":31,"column":4},"end":{"line":43,"column":null}},{"start":{"line":31,"column":4},"end":{"line":43,"column":null}}]},"1":{"loc":{"start":{"line":31,"column":8},"end":{"line":31,"column":22}},"type":"binary-expr","locations":[{"start":{"line":31,"column":8},"end":{"line":31,"column":22}},{"start":{"line":31,"column":26},"end":{"line":31,"column":49}},{"start":{"line":31,"column":53},"end":{"line":31,"column":76}}]},"2":{"loc":{"start":{"line":47,"column":8},"end":{"line":49,"column":null}},"type":"if","locations":[{"start":{"line":47,"column":8},"end":{"line":49,"column":null}},{"start":{"line":47,"column":8},"end":{"line":49,"column":null}}]},"3":{"loc":{"start":{"line":47,"column":12},"end":{"line":47,"column":29}},"type":"binary-expr","locations":[{"start":{"line":47,"column":12},"end":{"line":47,"column":29}},{"start":{"line":47,"column":33},"end":{"line":47,"column":63}},{"start":{"line":47,"column":67},"end":{"line":47,"column":102}}]}},"s":{"0":3,"1":3,"2":3,"3":3,"4":3,"5":3,"6":1,"7":1,"8":1,"9":0,"10":0,"11":0,"12":0,"13":0,"14":0,"15":0,"16":0,"17":3,"18":3},"f":{"0":1,"1":0,"2":0,"3":0},"b":{"0":[0,0],"1":[0,0,0],"2":[0,0],"3":[0,0,0]}}
}
