TN:
SF:apps/portal/components/app-bar.tsx
FN:35,(anonymous_2)
FN:102,(anonymous_3)
FN:109,(anonymous_4)
FN:117,(anonymous_5)
FN:121,(anonymous_6)
FN:125,(anonymous_7)
FN:135,(anonymous_8)
FNF:7
FNH:0
FNDA:0,(anonymous_2)
FNDA:0,(anonymous_3)
FNDA:0,(anonymous_4)
FNDA:0,(anonymous_5)
FNDA:0,(anonymous_6)
FNDA:0,(anonymous_7)
FNDA:0,(anonymous_8)
DA:4,2
DA:5,2
DA:6,2
DA:7,2
DA:8,2
DA:9,2
DA:10,2
DA:11,2
DA:12,2
DA:13,2
DA:15,2
DA:20,2
DA:21,2
DA:22,2
DA:24,2
DA:25,2
DA:26,2
DA:27,2
DA:28,2
DA:29,2
DA:32,2
DA:33,2
DA:35,2
DA:36,0
DA:102,2
DA:103,0
DA:104,0
DA:105,0
DA:106,0
DA:108,0
DA:110,0
DA:111,0
DA:113,0
DA:117,0
DA:118,0
DA:121,0
DA:122,0
DA:125,0
DA:126,0
DA:129,0
DA:131,0
DA:136,0
DA:223,2
LF:43
LH:25
BRDA:139,0,0,0
BRDA:139,0,1,0
BRDA:149,1,0,0
BRDA:149,1,1,0
BRDA:151,2,0,0
BRDA:151,2,1,0
BRDA:160,3,0,0
BRDA:160,3,1,0
BRDA:185,4,0,0
BRDA:185,4,1,0
BRDA:191,5,0,0
BRDA:191,5,1,0
BRDA:197,6,0,0
BRDA:197,6,1,0
BRF:14
BRH:0
end_of_record
TN:
SF:apps/portal/components/avatar.tsx
FN:22,(anonymous_2)
FNF:1
FNH:0
FNDA:0,(anonymous_2)
DA:4,2
DA:5,2
DA:9,2
DA:10,2
DA:11,2
DA:22,2
DA:23,0
DA:24,0
DA:26,0
DA:27,0
DA:30,0
DA:31,0
DA:34,0
DA:35,0
DA:37,0
DA:39,0
LF:16
LH:6
BRDA:23,0,0,0
BRDA:26,1,0,0
BRDA:26,1,1,0
BRDA:30,2,0,0
BRDA:30,2,1,0
BRDA:35,3,0,0
BRDA:35,3,1,0
BRDA:37,4,0,0
BRDA:37,4,1,0
BRDA:37,5,0,0
BRDA:37,5,1,0
BRDA:37,6,0,0
BRDA:37,6,1,0
BRF:13
BRH:0
end_of_record
TN:
SF:apps/portal/components/button.tsx
FN:13,(anonymous_2)
FN:34,(anonymous_3)
FNF:2
FNH:2
FNDA:1,(anonymous_2)
FNDA:2,(anonymous_3)
DA:2,1
DA:3,1
DA:4,1
DA:5,1
DA:6,1
DA:7,1
DA:13,1
DA:14,1
DA:34,2
DA:35,2
DA:36,2
DA:38,2
DA:45,1
LF:13
LH:13
BRDA:34,0,0,0
BRDA:36,1,0,2
BRDA:36,1,1,0
BRF:3
BRH:1
end_of_record
TN:
SF:apps/portal/components/drawer.tsx
FN:44,(anonymous_2)
FN:107,(anonymous_3)
FN:152,(anonymous_4)
FN:159,(anonymous_5)
FN:165,(anonymous_6)
FN:246,(anonymous_7)
FNF:6
FNH:3
FNDA:1,(anonymous_2)
FNDA:3,(anonymous_3)
FNDA:33,(anonymous_4)
FNDA:0,(anonymous_5)
FNDA:0,(anonymous_6)
FNDA:0,(anonymous_7)
DA:4,2
DA:5,2
DA:6,2
DA:7,2
DA:8,2
DA:9,2
DA:13,2
DA:14,2
DA:15,2
DA:16,2
DA:17,2
DA:18,2
DA:19,2
DA:20,2
DA:21,2
DA:22,2
DA:23,2
DA:24,2
DA:25,2
DA:26,2
DA:27,2
DA:28,2
DA:29,2
DA:30,2
DA:31,2
DA:32,2
DA:33,2
DA:34,2
DA:35,2
DA:36,2
DA:37,2
DA:38,2
DA:39,2
DA:42,2
DA:44,2
DA:45,1
DA:107,2
DA:108,3
DA:109,3
DA:110,3
DA:111,3
DA:112,3
DA:113,3
DA:115,3
DA:147,3
DA:150,3
DA:153,33
DA:154,3
DA:157,30
DA:159,30
DA:160,0
DA:162,0
DA:165,30
DA:166,0
DA:168,0
DA:171,30
DA:202,3
DA:246,2
DA:250,2
LF:59
LH:55
BRDA:147,0,0,3
BRDA:147,0,1,0
BRDA:153,1,0,3
BRDA:153,1,1,30
BRDA:153,2,0,33
BRDA:153,2,1,3
BRDA:153,2,2,0
BRDA:153,2,3,0
BRDA:160,3,0,0
BRDA:160,3,1,0
BRDA:166,4,0,0
BRDA:166,4,1,0
BRDA:190,5,0,0
BRDA:190,5,1,30
BRDA:205,6,0,0
BRDA:205,6,1,3
BRDA:204,7,0,3
BRDA:204,7,1,3
BRDA:207,8,0,0
BRDA:207,8,1,0
BRF:20
BRH:9
end_of_record
TN:
SF:apps/portal/components/gql-error.tsx
FN:14,(anonymous_1)
FN:26,(anonymous_2)
FN:32,(anonymous_3)
FNF:3
FNH:0
FNDA:0,(anonymous_1)
FNDA:0,(anonymous_2)
FNDA:0,(anonymous_3)
DA:4,1
DA:5,1
DA:6,1
DA:14,1
DA:15,0
DA:26,1
DA:27,0
DA:29,0
DA:33,0
LF:9
LH:5
BRDA:33,0,0,0
BRDA:33,0,1,0
BRF:2
BRH:0
end_of_record
TN:
SF:apps/portal/components/icon.tsx
FN:17,(anonymous_2)
FN:19,(anonymous_3)
FN:26,(anonymous_4)
FNF:3
FNH:0
FNDA:0,(anonymous_2)
FNDA:0,(anonymous_3)
FNDA:0,(anonymous_4)
DA:2,2
DA:3,2
DA:4,2
DA:6,2
DA:8,2
DA:17,2
DA:18,0
DA:19,0
DA:26,2
DA:27,0
DA:29,0
DA:31,0
DA:32,0
DA:33,0
DA:36,0
DA:37,0
DA:39,0
DA:42,0
DA:49,2
LF:19
LH:8
BRDA:20,0,0,0
BRDA:20,0,1,0
BRDA:21,1,0,0
BRDA:21,1,1,0
BRDA:31,2,0,0
BRDA:31,2,1,0
BRDA:36,3,0,0
BRDA:36,3,1,0
BRDA:37,4,0,0
BRDA:37,4,1,0
BRF:10
BRH:0
end_of_record
TN:
SF:apps/portal/components/isAdmin.tsx
FN:6,(anonymous_1)
FNF:1
FNH:0
FNDA:0,(anonymous_1)
DA:3,1
DA:4,1
DA:6,1
DA:7,0
DA:9,0
DA:12,1
DA:14,1
LF:7
LH:5
BRDA:9,0,0,0
BRDA:9,0,1,0
BRDA:9,0,2,0
BRDA:9,0,3,0
BRF:4
BRH:0
end_of_record
TN:
SF:apps/portal/components/loading.tsx
FN:14,(anonymous_1)
FN:39,(anonymous_2)
FNF:2
FNH:0
FNDA:0,(anonymous_1)
FNDA:0,(anonymous_2)
DA:4,1
DA:6,1
DA:7,1
DA:8,1
DA:14,1
DA:15,0
DA:30,1
DA:40,0
DA:42,0
DA:44,0
DA:45,0
DA:50,0
DA:59,0
DA:71,0
DA:72,0
DA:79,0
LF:16
LH:6
BRDA:42,0,0,0
BRDA:42,0,1,0
BRDA:44,1,0,0
BRDA:44,1,1,0
BRDA:52,2,0,0
BRDA:52,2,1,0
BRDA:60,3,0,0
BRDA:60,3,1,0
BRDA:61,4,0,0
BRDA:61,4,1,0
BRDA:62,5,0,0
BRDA:62,5,1,0
BRDA:63,6,0,0
BRDA:63,6,1,0
BRDA:64,7,0,0
BRDA:64,7,1,0
BRDA:71,8,0,0
BRDA:71,8,1,0
BRF:18
BRH:0
end_of_record
TN:
SF:apps/portal/components/login.tsx
FN:31,(anonymous_2)
FN:116,(anonymous_3)
FN:125,(anonymous_4)
FN:125,(anonymous_5)
FN:135,(anonymous_6)
FN:165,(anonymous_7)
FN:245,(anonymous_8)
FNF:7
FNH:0
FNDA:0,(anonymous_2)
FNDA:0,(anonymous_3)
FNDA:0,(anonymous_4)
FNDA:0,(anonymous_5)
FNDA:0,(anonymous_6)
FNDA:0,(anonymous_7)
FNDA:0,(anonymous_8)
DA:4,1
DA:5,1
DA:7,1
DA:8,1
DA:23,1
DA:24,1
DA:25,1
DA:26,1
DA:27,1
DA:28,1
DA:31,1
DA:32,0
DA:116,1
DA:117,0
DA:119,0
DA:125,0
DA:126,0
DA:127,0
DA:129,0
DA:130,0
DA:131,0
DA:135,0
DA:136,0
DA:138,0
DA:139,0
DA:148,0
DA:150,0
DA:153,0
DA:166,0
DA:168,0
DA:245,1
DA:249,1
LF:32
LH:14
BRDA:127,0,0,0
BRDA:127,0,1,0
BRDA:130,1,0,0
BRDA:130,1,1,0
BRDA:138,2,0,0
BRDA:138,2,1,0
BRDA:148,3,0,0
BRDA:148,3,1,0
BRDA:191,4,0,0
BRDA:191,4,1,0
BRDA:203,5,0,0
BRDA:203,5,1,0
BRDA:217,6,0,0
BRDA:217,6,1,0
BRDA:222,7,0,0
BRDA:222,7,1,0
BRDA:222,7,2,0
BRDA:223,8,0,0
BRDA:223,8,1,0
BRDA:231,9,0,0
BRDA:231,9,1,0
BRF:21
BRH:0
end_of_record
TN:
SF:apps/portal/components/verticalcenter.tsx
FN:12,(anonymous_1)
FN:31,(anonymous_2)
FNF:2
FNH:0
FNDA:0,(anonymous_1)
FNDA:0,(anonymous_2)
DA:4,1
DA:6,1
DA:7,1
DA:12,1
DA:13,0
DA:31,1
DA:32,0
DA:34,0
LF:8
LH:5
BRDA:31,0,0,0
BRF:1
BRH:0
end_of_record
TN:
SF:apps/portal/layouts/main.tsx
FN:19,(anonymous_3)
FN:43,(anonymous_4)
FN:49,(anonymous_5)
FN:60,(anonymous_6)
FN:66,(anonymous_7)
FN:72,(anonymous_8)
FNF:6
FNH:0
FNDA:0,(anonymous_3)
FNDA:0,(anonymous_4)
FNDA:0,(anonymous_5)
FNDA:0,(anonymous_6)
FNDA:0,(anonymous_7)
FNDA:0,(anonymous_8)
DA:4,1
DA:5,1
DA:6,1
DA:7,1
DA:10,1
DA:11,1
DA:12,1
DA:13,1
DA:14,1
DA:15,1
DA:16,1
DA:19,1
DA:20,0
DA:43,1
DA:44,0
DA:45,0
DA:46,0
DA:48,0
DA:49,0
DA:51,0
DA:52,0
DA:54,0
DA:55,0
DA:56,0
DA:58,0
DA:60,0
DA:61,0
DA:62,0
DA:66,0
DA:67,0
DA:68,0
DA:72,0
DA:73,0
DA:74,0
DA:80,0
DA:83,0
DA:96,1
LF:37
LH:14
BRDA:49,0,0,0
BRDA:49,0,1,0
BRDA:49,0,2,0
BRDA:54,1,0,0
BRDA:54,1,1,0
BRDA:54,1,2,0
BRDA:55,2,0,0
BRDA:55,2,1,0
BRDA:55,2,2,0
BRDA:55,2,3,0
BRDA:55,3,0,0
BRDA:55,3,1,0
BRDA:61,4,0,0
BRDA:61,4,1,0
BRDA:61,5,0,0
BRDA:61,5,1,0
BRDA:67,6,0,0
BRDA:67,6,1,0
BRDA:67,7,0,0
BRDA:67,7,1,0
BRDA:67,7,2,0
BRDA:68,8,0,0
BRDA:68,8,1,0
BRDA:73,9,0,0
BRDA:73,9,1,0
BRDA:73,10,0,0
BRDA:73,10,1,0
BRF:27
BRH:0
end_of_record
TN:
SF:apps/portal/lib/constants.ts
FNF:0
FNH:0
DA:6,15
DA:10,15
DA:11,15
DA:12,15
DA:13,15
DA:25,15
DA:26,15
DA:30,15
DA:33,15
LF:9
LH:9
BRF:0
BRH:0
end_of_record
TN:
SF:apps/portal/lib/context.ts
FNF:0
FNH:0
DA:4,4
DA:16,4
LF:2
LH:2
BRF:0
BRH:0
end_of_record
TN:
SF:apps/portal/lib/i18n-client.ts
FN:36,(anonymous_1)
FNF:1
FNH:0
FNDA:0,(anonymous_1)
DA:4,4
DA:5,4
DA:11,4
DA:14,4
DA:34,4
DA:35,4
DA:36,4
DA:46,4
LF:8
LH:8
BRDA:24,0,0,4
BRDA:24,0,1,0
BRDA:25,1,0,4
BRDA:25,1,1,0
BRDA:28,2,0,0
BRDA:28,2,1,0
BRF:6
BRH:2
end_of_record
TN:
SF:apps/portal/lib/queries.ts
FN:107,(anonymous_1)
FNF:1
FNH:0
FNDA:0,(anonymous_1)
DA:5,2
DA:8,2
DA:49,2
DA:76,2
DA:82,2
DA:88,2
DA:101,2
DA:107,2
DA:137,2
DA:148,2
DA:154,2
DA:169,2
DA:185,2
DA:198,2
DA:215,2
DA:224,2
DA:247,2
DA:270,2
DA:280,2
DA:299,2
DA:313,2
DA:363,2
LF:22
LH:22
BRF:0
BRH:0
end_of_record
TN:
SF:apps/portal/lib/session-storage.ts
FN:8,(anonymous_0)
FN:10,(anonymous_1)
FN:14,(anonymous_2)
FNF:3
FNH:0
FNDA:0,(anonymous_0)
FNDA:0,(anonymous_1)
FNDA:0,(anonymous_2)
DA:8,3
DA:10,3
DA:11,0
DA:14,3
DA:15,0
LF:5
LH:3
BRDA:8,0,0,0
BRDA:8,0,1,0
BRDA:8,1,0,0
BRDA:8,1,1,0
BRDA:11,2,0,0
BRDA:11,2,1,0
BRDA:15,3,0,0
BRDA:15,3,1,0
BRF:8
BRH:0
end_of_record
TN:
SF:apps/portal/pages/index.tsx
FN:15,(anonymous_1)
FN:23,(anonymous_2)
FN:43,(anonymous_3)
FNF:3
FNH:0
FNDA:0,(anonymous_1)
FNDA:0,(anonymous_2)
FNDA:0,(anonymous_3)
DA:4,1
DA:5,1
DA:6,1
DA:7,1
DA:10,1
DA:11,1
DA:12,1
DA:15,1
DA:16,0
DA:23,1
DA:24,0
DA:25,0
DA:27,0
DA:43,1
DA:44,0
DA:49,1
LF:16
LH:11
BRF:0
BRH:0
end_of_record
TN:
SF:apps/portal/src/auth/auth.resolver.ts
FN:19,(anonymous_4)
FN:33,(anonymous_5)
FN:46,(anonymous_6)
FN:54,(anonymous_7)
FN:58,(anonymous_8)
FN:65,(anonymous_9)
FN:80,(anonymous_10)
FN:87,(anonymous_11)
FN:106,(anonymous_12)
FN:123,(anonymous_13)
FNF:10
FNH:1
FNDA:1,(anonymous_4)
FNDA:0,(anonymous_5)
FNDA:0,(anonymous_6)
FNDA:0,(anonymous_7)
FNDA:0,(anonymous_8)
FNDA:0,(anonymous_9)
FNDA:0,(anonymous_10)
FNDA:0,(anonymous_11)
FNDA:0,(anonymous_12)
FNDA:0,(anonymous_13)
DA:4,1
DA:5,1
DA:9,1
DA:10,1
DA:12,1
DA:13,1
DA:18,1
DA:20,1
DA:21,1
DA:22,1
DA:33,1
DA:34,0
DA:46,1
DA:54,0
DA:56,0
DA:59,0
DA:62,0
DA:63,0
DA:66,0
DA:67,0
DA:72,0
DA:73,0
DA:75,0
DA:78,0
DA:81,0
DA:83,0
DA:87,0
DA:88,0
DA:89,0
DA:94,0
DA:96,0
DA:106,1
DA:107,0
DA:109,0
DA:110,0
DA:113,0
DA:123,1
DA:124,0
DA:126,0
LF:39
LH:14
BRDA:62,0,0,0
BRDA:62,0,1,0
BRDA:62,1,0,0
BRDA:62,1,1,0
BRDA:66,2,0,0
BRDA:66,2,1,0
BRDA:66,3,0,0
BRDA:66,3,1,0
BRDA:66,3,2,0
BRDA:88,4,0,0
BRDA:88,4,1,0
BRDA:96,5,0,0
BRDA:96,5,1,0
BRDA:109,6,0,0
BRDA:109,6,1,0
BRF:15
BRH:0
end_of_record
TN:
SF:apps/portal/src/auth/auth.service.ts
FN:20,(anonymous_3)
FN:36,(anonymous_4)
FN:71,(anonymous_5)
FN:195,(anonymous_6)
FN:51,(anonymous_7)
FN:59,(anonymous_8)
FN:60,(anonymous_9)
FN:165,(anonymous_10)
FN:182,(anonymous_11)
FNF:9
FNH:1
FNDA:1,(anonymous_3)
FNDA:0,(anonymous_4)
FNDA:0,(anonymous_5)
FNDA:0,(anonymous_6)
FNDA:0,(anonymous_7)
FNDA:0,(anonymous_8)
FNDA:0,(anonymous_9)
FNDA:0,(anonymous_10)
FNDA:0,(anonymous_11)
DA:4,2
DA:5,2
DA:6,2
DA:10,2
DA:11,2
DA:12,2
DA:14,2
DA:19,2
DA:21,1
DA:22,1
DA:23,1
DA:24,1
DA:25,1
DA:26,1
DA:36,1
DA:37,0
DA:38,0
DA:41,0
DA:52,0
DA:54,0
DA:59,0
DA:61,0
DA:63,0
DA:71,1
DA:72,0
DA:73,0
DA:74,0
DA:75,0
DA:77,0
DA:78,0
DA:82,0
DA:83,0
DA:85,0
DA:87,0
DA:89,0
DA:92,0
DA:95,0
DA:96,0
DA:100,0
DA:101,0
DA:103,0
DA:105,0
DA:107,0
DA:110,0
DA:113,0
DA:114,0
DA:118,0
DA:119,0
DA:121,0
DA:123,0
DA:125,0
DA:128,0
DA:131,0
DA:132,0
DA:136,0
DA:137,0
DA:139,0
DA:141,0
DA:144,0
DA:146,0
DA:148,0
DA:151,0
DA:152,0
DA:155,0
DA:174,0
DA:176,0
DA:177,0
DA:179,0
DA:182,0
DA:183,0
DA:185,0
DA:195,1
DA:196,0
LF:73
LH:17
BRDA:37,0,0,0
BRDA:37,0,1,0
BRDA:37,1,0,0
BRDA:37,1,1,0
BRDA:37,1,2,0
BRDA:37,1,3,0
BRDA:77,2,0,0
BRDA:77,2,1,0
BRDA:95,3,0,0
BRDA:95,3,1,0
BRDA:113,4,0,0
BRDA:113,4,1,0
BRDA:151,5,0,0
BRDA:151,5,1,0
BRDA:151,6,0,0
BRDA:151,6,1,0
BRDA:151,6,2,0
BRDA:151,6,3,0
BRDA:59,7,0,0
BRDA:59,7,1,0
BRDA:59,8,0,0
BRDA:59,8,1,0
BRDA:59,8,2,0
BRDA:176,9,0,0
BRDA:176,9,1,0
BRF:25
BRH:0
end_of_record
TN:
SF:apps/portal/src/controllers/admin/admin.controller.ts
FN:15,(anonymous_4)
FNF:1
FNH:0
FNDA:0,(anonymous_4)
DA:4,1
DA:8,1
DA:12,1
DA:15,1
DA:17,0
LF:5
LH:4
BRF:0
BRH:0
end_of_record
TN:
SF:apps/portal/src/controllers/auth/auth.controller.ts
FN:15,(anonymous_4)
FN:21,(anonymous_5)
FNF:2
FNH:0
FNDA:0,(anonymous_4)
FNDA:0,(anonymous_5)
DA:4,1
DA:6,1
DA:13,1
DA:15,1
DA:16,0
DA:21,1
DA:22,0
LF:7
LH:5
BRF:0
BRH:0
end_of_record
TN:
SF:apps/portal/src/controllers/calendar/calendar.controller.ts
FN:15,(anonymous_4)
FNF:1
FNH:0
FNDA:0,(anonymous_4)
DA:4,1
DA:8,1
DA:12,1
DA:15,1
DA:16,0
LF:5
LH:4
BRF:0
BRH:0
end_of_record
TN:
SF:apps/portal/src/controllers/faq/faq.controller.ts
FN:15,(anonymous_4)
FNF:1
FNH:0
FNDA:0,(anonymous_4)
DA:4,1
DA:8,1
DA:12,1
DA:15,1
DA:16,0
LF:5
LH:4
BRF:0
BRH:0
end_of_record
TN:
SF:apps/portal/src/controllers/health/health.controller.ts
FN:13,(anonymous_2)
FNF:1
FNH:0
FNDA:0,(anonymous_2)
DA:4,1
DA:11,1
DA:13,1
DA:14,0
LF:4
LH:3
BRF:0
BRH:0
end_of_record
TN:
SF:apps/portal/src/controllers/home/home.controller.ts
FN:15,(anonymous_4)
FNF:1
FNH:0
FNDA:0,(anonymous_4)
DA:4,1
DA:8,1
DA:12,1
DA:15,1
DA:16,0
LF:5
LH:4
BRF:0
BRH:0
end_of_record
TN:
SF:apps/portal/src/controllers/mail/mail.controller.ts
FN:15,(anonymous_4)
FNF:1
FNH:0
FNDA:0,(anonymous_4)
DA:4,1
DA:8,1
DA:12,1
DA:15,1
DA:16,0
LF:5
LH:4
BRF:0
BRH:0
end_of_record
TN:
SF:apps/portal/src/controllers/media/media.controller.ts
FN:16,(anonymous_4)
FN:22,(anonymous_5)
FNF:2
FNH:0
FNDA:0,(anonymous_4)
FNDA:0,(anonymous_5)
DA:5,1
DA:9,1
DA:13,1
DA:16,1
DA:17,0
DA:22,1
DA:23,0
LF:7
LH:5
BRF:0
BRH:0
end_of_record
TN:
SF:apps/portal/src/controllers/meetings/meetings.controller.ts
FN:15,(anonymous_4)
FNF:1
FNH:0
FNDA:0,(anonymous_4)
DA:4,1
DA:8,1
DA:12,1
DA:15,1
DA:16,0
LF:5
LH:4
BRF:0
BRH:0
end_of_record
TN:
SF:apps/portal/src/controllers/news/news.controller.ts
FN:15,(anonymous_4)
FNF:1
FNH:0
FNDA:0,(anonymous_4)
DA:4,1
DA:8,1
DA:12,1
DA:15,1
DA:16,0
LF:5
LH:4
BRF:0
BRH:0
end_of_record
TN:
SF:apps/portal/src/controllers/phonebook/phonebook.controller.ts
FN:14,(anonymous_4)
FNF:1
FNH:0
FNDA:0,(anonymous_4)
DA:4,1
DA:7,1
DA:11,1
DA:14,1
DA:15,0
LF:5
LH:4
BRF:0
BRH:0
end_of_record
TN:
SF:apps/portal/src/controllers/profile/profile.controller.ts
FN:15,(anonymous_4)
FN:21,(anonymous_5)
FN:27,(anonymous_6)
FN:33,(anonymous_7)
FNF:4
FNH:0
FNDA:0,(anonymous_4)
FNDA:0,(anonymous_5)
FNDA:0,(anonymous_6)
FNDA:0,(anonymous_7)
DA:4,1
DA:8,1
DA:12,1
DA:15,1
DA:16,0
DA:21,1
DA:22,0
DA:27,1
DA:28,0
DA:33,1
DA:34,0
LF:11
LH:7
BRF:0
BRH:0
end_of_record
TN:
SF:apps/portal/src/controllers/services/services.controller.ts
FN:15,(anonymous_4)
FNF:1
FNH:0
FNDA:0,(anonymous_4)
DA:4,1
DA:8,1
DA:12,1
DA:15,1
DA:16,0
LF:5
LH:4
BRF:0
BRH:0
end_of_record
TN:
SF:apps/portal/src/controllers/settings/settings.controller.ts
FN:15,(anonymous_4)
FNF:1
FNH:0
FNDA:0,(anonymous_4)
DA:4,1
DA:8,1
DA:12,1
DA:15,1
DA:16,0
LF:5
LH:4
BRF:0
BRH:0
end_of_record
TN:
SF:apps/portal/src/group/group.entity.ts
FN:11,(anonymous_2)
FN:49,(anonymous_3)
FNF:2
FNH:0
FNDA:0,(anonymous_2)
FNDA:0,(anonymous_3)
DA:4,19
DA:7,19
DA:11,19
DA:13,19
DA:16,19
DA:19,19
DA:25,19
DA:31,19
DA:39,19
DA:47,19
DA:49,0
LF:11
LH:10
BRF:0
BRH:0
end_of_record
TN:
SF:apps/portal/src/group/group.module.ts
FNF:0
FNH:0
DA:3,6
DA:4,6
DA:7,6
DA:8,6
DA:9,6
DA:10,6
DA:11,6
DA:29,6
LF:8
LH:8
BRF:0
BRH:0
end_of_record
TN:
SF:apps/portal/src/group/group.resolver.ts
FNF:0
FNH:0
DA:3,7
DA:6,7
LF:2
LH:2
BRF:0
BRH:0
end_of_record
TN:
SF:apps/portal/src/group/group.service.ts
FN:18,(anonymous_4)
FN:58,(anonymous_5)
FN:67,(anonymous_6)
FN:83,(anonymous_7)
FN:99,(anonymous_8)
FN:24,(anonymous_9)
FNF:6
FNH:1
FNDA:6,(anonymous_4)
FNDA:0,(anonymous_5)
FNDA:0,(anonymous_6)
FNDA:0,(anonymous_7)
FNDA:0,(anonymous_8)
FNDA:0,(anonymous_9)
DA:4,15
DA:5,15
DA:6,15
DA:9,15
DA:11,15
DA:13,15
DA:17,15
DA:19,6
DA:21,6
DA:25,0
DA:27,0
DA:30,0
DA:31,0
DA:33,0
DA:41,0
DA:44,0
DA:49,0
DA:58,6
DA:59,0
DA:67,6
DA:68,0
DA:69,0
DA:71,0
DA:73,0
DA:83,6
DA:84,0
DA:85,0
DA:87,0
DA:89,0
DA:99,6
DA:100,0
DA:101,0
DA:103,0
DA:105,0
LF:34
LH:13
BRDA:27,0,0,0
BRDA:27,0,1,0
BRF:2
BRH:0
end_of_record
TN:
SF:apps/portal/src/guards/admin.guard.ts
FN:13,(anonymous_1)
FN:30,(anonymous_2)
FN:14,(anonymous_3)
FN:32,(anonymous_4)
FNF:4
FNH:1
FNDA:8,(anonymous_1)
FNDA:0,(anonymous_2)
FNDA:0,(anonymous_3)
FNDA:0,(anonymous_4)
DA:5,7
DA:6,7
DA:13,7
DA:15,0
DA:17,0
DA:24,0
DA:27,0
DA:30,8
DA:33,0
DA:34,0
DA:36,0
LF:11
LH:4
BRDA:17,0,0,0
BRDA:17,0,1,0
BRDA:18,1,0,0
BRDA:18,1,1,0
BRDA:18,1,2,0
BRDA:18,1,3,0
BRDA:18,1,4,0
BRF:7
BRH:0
end_of_record
TN:
SF:apps/portal/src/guards/gqlauth.guard.ts
FN:13,(anonymous_1)
FN:24,(anonymous_2)
FN:14,(anonymous_3)
FN:26,(anonymous_4)
FNF:4
FNH:1
FNDA:9,(anonymous_1)
FNDA:0,(anonymous_2)
FNDA:0,(anonymous_3)
FNDA:0,(anonymous_4)
DA:5,10
DA:6,10
DA:13,10
DA:15,0
DA:17,0
DA:18,0
DA:21,0
DA:24,9
DA:27,0
DA:28,0
DA:30,0
LF:11
LH:4
BRDA:17,0,0,0
BRDA:17,0,1,0
BRDA:17,1,0,0
BRDA:17,1,1,0
BRDA:17,1,2,0
BRDA:17,1,3,0
BRF:6
BRH:0
end_of_record
TN:
SF:apps/portal/src/guards/session.guard.ts
FN:11,(anonymous_1)
FNF:1
FNH:0
FNDA:0,(anonymous_1)
DA:4,13
DA:10,13
DA:12,0
DA:14,0
DA:15,0
DA:18,0
DA:19,0
DA:21,0
LF:8
LH:2
BRDA:14,0,0,0
BRDA:14,0,1,0
BRDA:14,1,0,0
BRDA:14,1,1,0
BRDA:14,1,2,0
BRDA:14,1,3,0
BRF:6
BRH:0
end_of_record
TN:
SF:apps/portal/src/media/media.directory.entity.ts
FN:36,(anonymous_2)
FN:41,(anonymous_3)
FNF:2
FNH:0
FNDA:0,(anonymous_2)
FNDA:0,(anonymous_3)
DA:4,2
DA:15,2
DA:19,2
DA:21,2
DA:24,2
DA:27,2
DA:33,2
DA:36,0
DA:38,2
DA:41,0
DA:43,2
LF:11
LH:9
BRF:0
BRH:0
end_of_record
TN:
SF:apps/portal/src/media/media.entity.ts
FN:37,(anonymous_2)
FN:57,(anonymous_3)
FN:62,(anonymous_4)
FNF:3
FNH:0
FNDA:0,(anonymous_2)
FNDA:0,(anonymous_3)
FNDA:0,(anonymous_4)
DA:4,2
DA:15,2
DA:16,2
DA:20,2
DA:22,2
DA:25,2
DA:28,2
DA:34,2
DA:37,0
DA:39,2
DA:47,2
DA:54,2
DA:57,0
DA:59,2
DA:62,0
DA:64,2
LF:16
LH:13
BRF:0
BRH:0
end_of_record
TN:
SF:apps/portal/src/media/media.resolver.ts
FN:19,(anonymous_4)
FN:28,(anonymous_5)
FN:39,(anonymous_6)
FN:78,(anonymous_7)
FNF:4
FNH:1
FNDA:1,(anonymous_4)
FNDA:0,(anonymous_5)
FNDA:0,(anonymous_6)
FNDA:0,(anonymous_7)
DA:4,1
DA:5,1
DA:10,1
DA:12,1
DA:14,1
DA:18,1
DA:19,1
DA:28,1
DA:29,0
DA:39,1
DA:47,0
DA:48,0
DA:49,0
DA:50,0
DA:51,0
DA:52,0
DA:53,0
DA:57,0
DA:68,0
DA:78,1
DA:79,0
LF:21
LH:10
BRDA:48,0,0,0
BRDA:48,0,1,0
BRDA:50,1,0,0
BRDA:50,1,1,0
BRF:4
BRH:0
end_of_record
TN:
SF:apps/portal/src/media/media.service.ts
FN:17,(anonymous_4)
FN:32,(anonymous_5)
FN:44,(anonymous_6)
FN:58,(anonymous_7)
FN:68,(anonymous_8)
FNF:5
FNH:1
FNDA:1,(anonymous_4)
FNDA:0,(anonymous_5)
FNDA:0,(anonymous_6)
FNDA:0,(anonymous_7)
FNDA:0,(anonymous_8)
DA:4,2
DA:5,2
DA:6,2
DA:9,2
DA:10,2
DA:12,2
DA:16,2
DA:18,1
DA:22,1
DA:24,1
DA:32,1
DA:33,0
DA:36,0
DA:44,1
DA:45,0
DA:47,0
DA:49,0
DA:58,0
DA:59,0
DA:68,1
DA:69,0
DA:71,0
DA:73,0
LF:23
LH:13
BRDA:73,0,0,0
BRDA:73,0,1,0
BRF:2
BRH:0
end_of_record
TN:
SF:apps/portal/src/news/news.entity.ts
FN:48,(anonymous_2)
FNF:1
FNH:0
FNDA:0,(anonymous_2)
DA:4,2
DA:15,2
DA:19,2
DA:21,2
DA:24,2
DA:27,2
DA:33,2
DA:39,2
DA:45,2
DA:48,0
DA:50,2
LF:11
LH:10
BRF:0
BRH:0
end_of_record
TN:
SF:apps/portal/src/news/news.resolver.ts
FN:19,(anonymous_4)
FN:28,(anonymous_5)
FN:40,(anonymous_6)
FN:68,(anonymous_7)
FNF:4
FNH:1
FNDA:1,(anonymous_4)
FNDA:0,(anonymous_5)
FNDA:0,(anonymous_6)
FNDA:0,(anonymous_7)
DA:4,1
DA:5,1
DA:9,1
DA:10,1
DA:11,1
DA:13,1
DA:18,1
DA:19,1
DA:28,1
DA:29,0
DA:40,1
DA:49,0
DA:50,0
DA:51,0
DA:52,0
DA:53,0
DA:57,0
DA:68,1
DA:69,0
LF:19
LH:11
BRDA:50,0,0,0
BRDA:50,0,1,0
BRDA:52,1,0,0
BRDA:52,1,1,0
BRF:4
BRH:0
end_of_record
TN:
SF:apps/portal/src/news/news.service.ts
FN:19,(anonymous_4)
FN:32,(anonymous_5)
FN:42,(anonymous_6)
FN:51,(anonymous_7)
FN:61,(anonymous_8)
FNF:5
FNH:1
FNDA:1,(anonymous_4)
FNDA:0,(anonymous_5)
FNDA:0,(anonymous_6)
FNDA:0,(anonymous_7)
FNDA:0,(anonymous_8)
DA:4,2
DA:5,2
DA:6,2
DA:14,2
DA:18,2
DA:24,1
DA:32,1
DA:34,0
DA:42,1
DA:43,0
DA:51,0
DA:52,0
DA:61,1
DA:62,0
DA:64,0
LF:15
LH:9
BRDA:64,0,0,0
BRDA:64,0,1,0
BRF:2
BRH:0
end_of_record
TN:
SF:apps/portal/src/profile/profile.entity.ts
FN:22,(anonymous_2)
FN:269,(anonymous_3)
FN:246,(anonymous_4)
FN:157,(anonymous_5)
FN:160,(anonymous_6)
FNF:5
FNH:0
FNDA:0,(anonymous_2)
FNDA:0,(anonymous_3)
FNDA:0,(anonymous_4)
FNDA:0,(anonymous_5)
FNDA:0,(anonymous_6)
DA:4,24
DA:18,24
DA:22,24
DA:24,24
DA:27,24
DA:30,24
DA:38,24
DA:46,24
DA:52,24
DA:58,24
DA:64,24
DA:70,24
DA:76,24
DA:82,24
DA:88,24
DA:95,24
DA:101,24
DA:107,24
DA:113,24
DA:119,24
DA:125,24
DA:131,24
DA:137,24
DA:143,24
DA:149,24
DA:155,24
DA:157,0
DA:158,24
DA:160,0
DA:162,24
DA:168,24
DA:174,24
DA:180,24
DA:186,24
DA:192,24
DA:198,24
DA:204,24
DA:210,24
DA:216,24
DA:223,24
DA:230,24
DA:236,24
DA:242,24
DA:246,24
DA:247,0
DA:251,0
DA:254,0
DA:258,0
DA:269,0
LF:49
LH:42
BRDA:247,0,0,0
BRDA:247,0,1,0
BRDA:248,1,0,0
BRDA:248,1,1,0
BRDA:251,2,0,0
BRDA:251,2,1,0
BRDA:254,3,0,0
BRDA:254,3,1,0
BRDA:255,4,0,0
BRDA:255,4,1,0
BRDA:258,5,0,0
BRDA:258,5,1,0
BRF:12
BRH:0
end_of_record
TN:
SF:apps/portal/src/profile/profile.module.ts
FNF:0
FNH:0
DA:4,6
DA:5,6
DA:8,6
DA:9,6
DA:10,6
DA:11,6
DA:12,6
DA:13,6
DA:31,6
LF:9
LH:9
BRF:0
BRH:0
end_of_record
TN:
SF:apps/portal/src/profile/profile.resolver.ts
FN:19,(anonymous_4)
FN:34,(anonymous_5)
FN:48,(anonymous_6)
FN:62,(anonymous_7)
FN:74,(anonymous_8)
FN:88,(anonymous_9)
FNF:6
FNH:1
FNDA:7,(anonymous_4)
FNDA:0,(anonymous_5)
FNDA:0,(anonymous_6)
FNDA:0,(anonymous_7)
FNDA:0,(anonymous_8)
FNDA:0,(anonymous_9)
DA:4,7
DA:5,7
DA:6,7
DA:10,7
DA:11,7
DA:12,7
DA:18,7
DA:19,7
DA:34,7
DA:42,0
DA:48,0
DA:62,7
DA:63,0
DA:74,7
DA:75,0
DA:88,7
DA:89,0
LF:17
LH:12
BRDA:75,0,0,0
BRDA:75,0,1,0
BRDA:89,1,0,0
BRDA:89,1,1,0
BRF:4
BRH:0
end_of_record
TN:
SF:apps/portal/src/profile/profile.service.ts
FN:34,(anonymous_5)
FN:42,(anonymous_6)
FN:57,(anonymous_7)
FN:78,(anonymous_8)
FN:87,(anonymous_9)
FN:95,(anonymous_10)
FN:107,(anonymous_11)
FN:257,(anonymous_12)
FN:273,(anonymous_13)
FN:289,(anonymous_14)
FN:131,(anonymous_15)
FN:152,(anonymous_16)
FN:182,(anonymous_17)
FN:186,(anonymous_18)
FN:305,(anonymous_19)
FN:329,(anonymous_20)
FN:334,(anonymous_21)
FN:401,(anonymous_22)
FN:406,(anonymous_23)
FN:444,(anonymous_24)
FNF:20
FNH:1
FNDA:2,(anonymous_5)
FNDA:0,(anonymous_6)
FNDA:0,(anonymous_7)
FNDA:0,(anonymous_8)
FNDA:0,(anonymous_9)
FNDA:0,(anonymous_10)
FNDA:0,(anonymous_11)
FNDA:0,(anonymous_12)
FNDA:0,(anonymous_13)
FNDA:0,(anonymous_14)
FNDA:0,(anonymous_15)
FNDA:0,(anonymous_16)
FNDA:0,(anonymous_17)
FNDA:0,(anonymous_18)
FNDA:0,(anonymous_19)
FNDA:0,(anonymous_20)
FNDA:0,(anonymous_21)
FNDA:0,(anonymous_22)
FNDA:0,(anonymous_23)
FNDA:0,(anonymous_24)
DA:4,12
DA:5,12
DA:6,12
DA:7,12
DA:11,12
DA:12,12
DA:13,12
DA:14,12
DA:17,12
DA:21,12
DA:22,2
DA:24,2
DA:36,2
DA:37,2
DA:38,2
DA:39,2
DA:42,2
DA:43,0
DA:45,0
DA:47,0
DA:48,0
DA:51,0
DA:52,0
DA:55,0
DA:56,0
DA:58,0
DA:69,0
DA:78,2
DA:79,0
DA:87,2
DA:88,0
DA:95,2
DA:97,0
DA:108,0
DA:132,0
DA:133,0
DA:135,0
DA:136,0
DA:139,0
DA:142,0
DA:154,0
DA:159,0
DA:160,0
DA:162,0
DA:171,0
DA:173,0
DA:174,0
DA:176,0
DA:179,0
DA:182,0
DA:185,0
DA:186,0
DA:189,0
DA:191,0
DA:192,0
DA:194,0
DA:232,0
DA:233,0
DA:234,0
DA:235,0
DA:237,0
DA:241,0
DA:242,0
DA:243,0
DA:244,0
DA:248,0
DA:257,2
DA:258,0
DA:259,0
DA:261,0
DA:263,0
DA:273,2
DA:274,0
DA:275,0
DA:277,0
DA:279,0
DA:289,2
DA:290,0
DA:291,0
DA:293,0
DA:295,0
DA:307,0
DA:308,0
DA:311,0
DA:313,0
DA:315,0
DA:316,0
DA:319,0
DA:321,0
DA:322,0
DA:325,0
DA:329,0
DA:331,0
DA:334,0
DA:335,0
DA:337,0
DA:339,0
DA:340,0
DA:341,0
DA:343,0
DA:344,0
DA:345,0
DA:347,0
DA:348,0
DA:349,0
DA:351,0
DA:352,0
DA:354,0
DA:361,0
DA:362,0
DA:364,0
DA:365,0
DA:367,0
DA:368,0
DA:370,0
DA:371,0
DA:373,0
DA:374,0
DA:376,0
DA:377,0
DA:379,0
DA:380,0
DA:382,0
DA:383,0
DA:385,0
DA:386,0
DA:388,0
DA:389,0
DA:391,0
DA:392,0
DA:395,0
DA:398,0
DA:401,0
DA:403,0
DA:406,0
DA:410,0
DA:411,0
DA:414,0
DA:415,0
DA:416,0
DA:422,0
DA:423,0
DA:425,0
DA:429,0
DA:430,0
DA:433,0
DA:435,0
DA:436,0
DA:440,0
DA:443,0
DA:445,0
DA:452,0
DA:454,0
DA:455,0
DA:457,0
DA:458,0
DA:461,0
DA:464,0
LF:158
LH:23
BRDA:47,0,0,0
BRDA:47,0,1,0
BRDA:51,1,0,0
BRDA:51,1,1,0
BRDA:55,2,0,0
BRDA:55,2,1,0
BRDA:132,3,0,0
BRDA:132,3,1,0
BRDA:135,4,0,0
BRDA:135,4,1,0
BRDA:152,5,0,0
BRDA:155,6,0,0
BRDA:155,6,1,0
BRDA:154,7,0,0
BRDA:154,7,1,0
BRDA:165,8,0,0
BRDA:166,9,0,0
BRDA:167,10,0,0
BRDA:168,11,0,0
BRDA:169,12,0,0
BRDA:170,13,0,0
BRDA:174,14,0,0
BRDA:174,14,1,0
BRDA:174,15,0,0
BRDA:174,15,1,0
BRDA:176,16,0,0
BRDA:176,16,1,0
BRDA:180,17,0,0
BRDA:180,17,1,0
BRDA:182,18,0,0
BRDA:182,18,1,0
BRDA:186,19,0,0
BRDA:186,19,1,0
BRDA:186,20,0,0
BRDA:186,20,1,0
BRDA:189,21,0,0
BRDA:189,21,1,0
BRDA:191,22,0,0
BRDA:191,22,1,0
BRDA:192,23,0,0
BRDA:192,23,1,0
BRDA:192,24,0,0
BRDA:192,24,1,0
BRDA:203,25,0,0
BRDA:203,25,1,0
BRDA:203,26,0,0
BRDA:203,26,1,0
BRDA:232,27,0,0
BRDA:232,27,1,0
BRDA:232,28,0,0
BRDA:232,28,1,0
BRDA:241,29,0,0
BRDA:241,29,1,0
BRDA:307,30,0,0
BRDA:307,30,1,0
BRDA:307,31,0,0
BRDA:307,31,1,0
BRDA:315,32,0,0
BRDA:315,32,1,0
BRDA:321,33,0,0
BRDA:321,33,1,0
BRDA:331,34,0,0
BRDA:331,34,1,0
BRDA:338,35,0,0
BRDA:338,35,1,0
BRDA:338,35,2,0
BRDA:338,35,3,0
BRDA:338,35,4,0
BRDA:338,35,5,0
BRDA:338,35,6,0
BRDA:338,35,7,0
BRDA:338,35,8,0
BRDA:338,35,9,0
BRDA:338,35,10,0
BRDA:338,35,11,0
BRDA:338,35,12,0
BRDA:338,35,13,0
BRDA:338,35,14,0
BRDA:338,35,15,0
BRDA:338,35,16,0
BRDA:338,35,17,0
BRDA:338,35,18,0
BRDA:338,35,19,0
BRDA:338,35,20,0
BRDA:338,35,21,0
BRDA:338,35,22,0
BRDA:338,35,23,0
BRDA:338,35,24,0
BRDA:338,35,25,0
BRDA:338,35,26,0
BRDA:338,35,27,0
BRDA:351,36,0,0
BRDA:351,36,1,0
BRDA:352,37,0,0
BRDA:352,37,1,0
BRDA:391,38,0,0
BRDA:391,38,1,0
BRDA:399,39,0,0
BRDA:399,39,1,0
BRDA:401,40,0,0
BRDA:401,40,1,0
BRDA:404,41,0,0
BRDA:404,41,1,0
BRDA:406,42,0,0
BRDA:406,42,1,0
BRDA:429,43,0,0
BRDA:429,43,1,0
BRDA:454,44,0,0
BRDA:454,44,1,0
BRDA:457,45,0,0
BRDA:457,45,1,0
BRF:111
BRH:0
end_of_record
TN:
SF:apps/portal/src/shared/interfaces.ts
FN:4,(anonymous_0)
FN:12,(anonymous_1)
FNF:2
FNH:2
FNDA:30,(anonymous_0)
FNDA:30,(anonymous_1)
DA:4,30
DA:5,30
DA:6,30
DA:7,30
DA:12,30
DA:13,30
DA:14,30
DA:15,30
DA:16,30
DA:17,30
DA:18,30
LF:11
LH:11
BRDA:4,0,0,30
BRDA:4,0,1,30
BRDA:12,1,0,30
BRDA:12,1,1,30
BRF:4
BRH:4
end_of_record
TN:
SF:apps/portal/src/shared/upload.ts
FN:16,(anonymous_0)
FN:21,(anonymous_1)
FN:22,(anonymous_2)
FN:25,(anonymous_3)
FN:29,(anonymous_4)
FN:32,(anonymous_5)
FN:35,(anonymous_6)
FN:44,(anonymous_7)
FNF:8
FNH:0
FNDA:0,(anonymous_0)
FNDA:0,(anonymous_1)
FNDA:0,(anonymous_2)
FNDA:0,(anonymous_3)
FNDA:0,(anonymous_4)
FNDA:0,(anonymous_5)
FNDA:0,(anonymous_6)
FNDA:0,(anonymous_7)
DA:16,2
DA:20,0
DA:22,0
DA:23,0
DA:25,0
DA:26,0
DA:28,0
DA:30,0
DA:33,0
DA:37,0
DA:39,0
DA:45,0
LF:12
LH:1
BRF:0
BRH:0
end_of_record
TN:
SF:apps/portal/src/ticket/attachments/attachments.resolver.ts
FNF:0
FNH:0
DA:4,1
DA:10,1
LF:2
LH:2
BRF:0
BRH:0
end_of_record
TN:
SF:apps/portal/src/ticket/attachments/attachments.service.ts
FNF:0
FNH:0
DA:4,1
DA:10,1
LF:2
LH:2
BRF:0
BRH:0
end_of_record
TN:
SF:apps/portal/src/ticket/comments/comments.resolver.ts
FNF:0
FNH:0
DA:4,1
DA:10,1
LF:2
LH:2
BRF:0
BRH:0
end_of_record
TN:
SF:apps/portal/src/ticket/comments/comments.service.ts
FNF:0
FNH:0
DA:4,1
DA:10,1
LF:2
LH:2
BRF:0
BRH:0
end_of_record
TN:
SF:apps/portal/src/ticket/department/department.resolver.ts
FNF:0
FNH:0
DA:4,1
DA:10,1
LF:2
LH:2
BRF:0
BRH:0
end_of_record
TN:
SF:apps/portal/src/ticket/department/department.service.ts
FNF:0
FNH:0
DA:4,1
DA:10,1
LF:2
LH:2
BRF:0
BRH:0
end_of_record
TN:
SF:apps/portal/src/ticket/group-service/group-service.resolver.ts
FNF:0
FNH:0
DA:4,1
DA:10,1
LF:2
LH:2
BRF:0
BRH:0
end_of_record
TN:
SF:apps/portal/src/ticket/group-service/group-service.service.ts
FNF:0
FNH:0
DA:4,1
DA:10,1
LF:2
LH:2
BRF:0
BRH:0
end_of_record
TN:
SF:apps/portal/src/ticket/old-service/old-service.resolver.ts
FN:20,(anonymous_4)
FN:29,(anonymous_5)
FN:39,(anonymous_6)
FN:54,(anonymous_7)
FN:70,(anonymous_8)
FN:85,(anonymous_9)
FN:95,(anonymous_10)
FN:111,(anonymous_11)
FN:126,(anonymous_12)
FNF:9
FNH:1
FNDA:1,(anonymous_4)
FNDA:0,(anonymous_5)
FNDA:0,(anonymous_6)
FNDA:0,(anonymous_7)
FNDA:0,(anonymous_8)
FNDA:0,(anonymous_9)
FNDA:0,(anonymous_10)
FNDA:0,(anonymous_11)
FNDA:0,(anonymous_12)
DA:4,1
DA:5,1
DA:10,1
DA:13,1
DA:15,1
DA:19,1
DA:20,1
DA:29,1
DA:30,0
DA:32,0
DA:33,0
DA:39,0
DA:40,0
DA:44,0
DA:54,1
DA:61,0
DA:63,0
DA:64,0
DA:70,0
DA:71,0
DA:75,0
DA:85,1
DA:86,0
DA:88,0
DA:89,0
DA:95,0
DA:96,0
DA:100,0
DA:111,1
DA:117,0
DA:119,0
DA:120,0
DA:126,0
DA:127,0
DA:131,0
LF:35
LH:11
BRDA:32,0,0,0
BRDA:32,0,1,0
BRDA:63,1,0,0
BRDA:63,1,1,0
BRDA:88,2,0,0
BRDA:88,2,1,0
BRDA:119,3,0,0
BRDA:119,3,1,0
BRF:8
BRH:0
end_of_record
TN:
SF:apps/portal/src/ticket/old-service/old-service.service.ts
FN:35,(anonymous_2)
FN:42,(anonymous_3)
FN:43,(anonymous_4)
FN:49,(anonymous_5)
FN:52,(anonymous_6)
FN:60,(anonymous_7)
FN:75,(anonymous_8)
FN:87,(anonymous_9)
FN:92,(anonymous_10)
FN:100,(anonymous_11)
FN:106,(anonymous_12)
FN:126,(anonymous_13)
FN:144,(anonymous_14)
FN:156,(anonymous_15)
FN:157,(anonymous_16)
FN:169,(anonymous_17)
FN:178,(anonymous_18)
FN:193,(anonymous_19)
FN:205,(anonymous_20)
FN:210,(anonymous_21)
FN:219,(anonymous_22)
FN:221,(anonymous_23)
FN:238,(anonymous_24)
FN:242,(anonymous_25)
FN:281,(anonymous_26)
FNF:25
FNH:1
FNDA:1,(anonymous_2)
FNDA:0,(anonymous_3)
FNDA:0,(anonymous_4)
FNDA:0,(anonymous_5)
FNDA:0,(anonymous_6)
FNDA:0,(anonymous_7)
FNDA:0,(anonymous_8)
FNDA:0,(anonymous_9)
FNDA:0,(anonymous_10)
FNDA:0,(anonymous_11)
FNDA:0,(anonymous_12)
FNDA:0,(anonymous_13)
FNDA:0,(anonymous_14)
FNDA:0,(anonymous_15)
FNDA:0,(anonymous_16)
FNDA:0,(anonymous_17)
FNDA:0,(anonymous_18)
FNDA:0,(anonymous_19)
FNDA:0,(anonymous_20)
FNDA:0,(anonymous_21)
FNDA:0,(anonymous_22)
FNDA:0,(anonymous_23)
FNDA:0,(anonymous_24)
FNDA:0,(anonymous_25)
FNDA:0,(anonymous_26)
DA:4,2
DA:8,2
DA:9,2
DA:10,2
DA:32,2
DA:35,1
DA:42,1
DA:43,0
DA:44,0
DA:47,0
DA:50,0
DA:51,0
DA:53,0
DA:61,0
DA:73,0
DA:76,0
DA:79,0
DA:87,1
DA:92,0
DA:93,0
DA:96,0
DA:98,0
DA:99,0
DA:101,0
DA:107,0
DA:109,0
DA:113,0
DA:127,0
DA:128,0
DA:130,0
DA:131,0
DA:142,0
DA:145,0
DA:147,0
DA:156,1
DA:157,0
DA:158,0
DA:161,0
DA:170,0
DA:171,0
DA:173,0
DA:174,0
DA:177,0
DA:179,0
DA:191,0
DA:194,0
DA:197,0
DA:205,1
DA:210,0
DA:211,0
DA:214,0
DA:220,0
DA:221,0
DA:222,0
DA:223,0
DA:235,0
DA:238,0
DA:239,0
DA:240,0
DA:242,0
DA:249,0
DA:252,0
DA:254,0
DA:279,0
DA:282,0
LF:65
LH:10
BRDA:50,0,0,0
BRDA:50,0,1,0
BRDA:50,1,0,0
BRDA:50,1,1,0
BRDA:50,1,2,0
BRDA:50,1,3,0
BRDA:98,2,0,0
BRDA:98,2,1,0
BRDA:121,3,0,0
BRDA:121,3,1,0
BRDA:130,4,0,0
BRDA:130,4,1,0
BRDA:130,5,0,0
BRDA:130,5,1,0
BRDA:130,5,2,0
BRDA:170,6,0,0
BRDA:170,6,1,0
BRDA:170,7,0,0
BRDA:170,7,1,0
BRDA:170,7,2,0
BRDA:170,7,3,0
BRDA:173,8,0,0
BRDA:173,8,1,0
BRDA:220,9,0,0
BRDA:220,9,1,0
BRDA:220,10,0,0
BRDA:220,10,1,0
BRDA:220,10,2,0
BRDA:220,10,3,0
BRDA:222,11,0,0
BRDA:222,11,1,0
BRDA:239,12,0,0
BRDA:239,12,1,0
BRDA:240,13,0,0
BRDA:240,13,1,0
BRF:35
BRH:0
end_of_record
TN:
SF:apps/portal/src/ticket/service/service.resolver.ts
FNF:0
FNH:0
DA:4,1
DA:10,1
LF:2
LH:2
BRF:0
BRH:0
end_of_record
TN:
SF:apps/portal/src/ticket/service/service.service.ts
FNF:0
FNH:0
DA:4,1
DA:10,1
LF:2
LH:2
BRF:0
BRH:0
end_of_record
TN:
SF:apps/portal/src/ticket/tickets/tickets.resolver.ts
FNF:0
FNH:0
DA:4,1
DA:10,1
LF:2
LH:2
BRF:0
BRH:0
end_of_record
TN:
SF:apps/portal/src/ticket/tickets/tickets.service.ts
FNF:0
FNH:0
DA:4,1
DA:10,1
LF:2
LH:2
BRF:0
BRH:0
end_of_record
TN:
SF:apps/portal/src/user/user.entity.ts
FN:28,(anonymous_3)
FN:92,(anonymous_4)
FN:95,(anonymous_5)
FN:87,(anonymous_6)
FN:48,(anonymous_7)
FN:54,(anonymous_8)
FN:77,(anonymous_9)
FN:81,(anonymous_10)
FNF:8
FNH:0
FNDA:0,(anonymous_3)
FNDA:0,(anonymous_4)
FNDA:0,(anonymous_5)
FNDA:0,(anonymous_6)
FNDA:0,(anonymous_7)
FNDA:0,(anonymous_8)
FNDA:0,(anonymous_9)
FNDA:0,(anonymous_10)
DA:4,17
DA:18,17
DA:22,17
DA:23,17
DA:24,17
DA:28,17
DA:30,17
DA:33,17
DA:36,17
DA:42,17
DA:45,17
DA:48,0
DA:52,17
DA:54,0
DA:55,17
DA:63,17
DA:69,17
DA:75,17
DA:77,0
DA:78,17
DA:81,0
DA:83,17
DA:87,17
DA:88,0
DA:92,0
DA:93,0
DA:95,0
LF:27
LH:19
BRDA:93,0,0,0
BRDA:93,0,1,0
BRDA:89,1,0,0
BRDA:89,1,1,0
BRF:4
BRH:0
end_of_record
TN:
SF:apps/portal/src/user/user.module.ts
FN:41,(anonymous_1)
FNF:1
FNH:1
FNDA:5,(anonymous_1)
DA:4,5
DA:5,5
DA:6,5
DA:9,5
DA:10,5
DA:11,5
DA:12,5
DA:13,5
DA:14,5
DA:15,5
DA:16,5
DA:42,5
DA:54,5
LF:13
LH:13
BRF:0
BRH:0
end_of_record
TN:
SF:apps/portal/src/user/user.resolver.ts
FN:16,(anonymous_4)
FN:26,(anonymous_5)
FN:40,(anonymous_6)
FNF:3
FNH:1
FNDA:6,(anonymous_4)
FNDA:0,(anonymous_5)
FNDA:0,(anonymous_6)
DA:4,6
DA:5,6
DA:9,6
DA:10,6
DA:15,6
DA:16,6
DA:26,6
DA:27,0
DA:40,6
DA:41,0
LF:10
LH:8
BRDA:27,0,0,0
BRDA:27,0,1,0
BRDA:41,1,0,0
BRDA:41,1,1,0
BRF:4
BRH:0
end_of_record
TN:
SF:apps/portal/src/user/user.service.ts
FN:27,(anonymous_4)
FN:44,(anonymous_5)
FN:60,(anonymous_6)
FN:82,(anonymous_7)
FN:159,(anonymous_8)
FN:168,(anonymous_9)
FN:176,(anonymous_10)
FN:193,(anonymous_11)
FN:194,(anonymous_12)
FN:100,(anonymous_13)
FN:105,(anonymous_14)
FN:122,(anonymous_15)
FN:143,(anonymous_16)
FN:148,(anonymous_17)
FN:207,(anonymous_18)
FNF:15
FNH:1
FNDA:1,(anonymous_4)
FNDA:0,(anonymous_5)
FNDA:0,(anonymous_6)
FNDA:0,(anonymous_7)
FNDA:0,(anonymous_8)
FNDA:0,(anonymous_9)
FNDA:0,(anonymous_10)
FNDA:0,(anonymous_11)
FNDA:0,(anonymous_12)
FNDA:0,(anonymous_13)
FNDA:0,(anonymous_14)
FNDA:0,(anonymous_15)
FNDA:0,(anonymous_16)
FNDA:0,(anonymous_17)
FNDA:0,(anonymous_18)
DA:4,10
DA:5,10
DA:6,10
DA:7,10
DA:11,10
DA:12,10
DA:13,10
DA:14,10
DA:16,10
DA:18,10
DA:21,10
DA:22,10
DA:26,10
DA:28,1
DA:29,1
DA:30,1
DA:31,1
DA:32,1
DA:34,1
DA:44,1
DA:45,0
DA:47,0
DA:48,0
DA:51,0
DA:60,1
DA:61,0
DA:63,0
DA:64,0
DA:67,0
DA:69,0
DA:82,1
DA:83,0
DA:84,0
DA:85,0
DA:88,0
DA:101,0
DA:105,0
DA:106,0
DA:108,0
DA:111,0
DA:112,0
DA:114,0
DA:118,0
DA:119,0
DA:122,0
DA:123,0
DA:125,0
DA:128,0
DA:129,0
DA:131,0
DA:134,0
DA:143,0
DA:148,0
DA:149,0
DA:159,1
DA:160,0
DA:168,1
DA:176,1
DA:177,0
DA:178,0
DA:180,0
DA:182,0
DA:193,1
DA:194,0
DA:195,0
DA:197,0
DA:208,0
DA:209,0
DA:211,0
DA:212,0
DA:213,0
DA:214,0
DA:216,0
DA:220,0
LF:74
LH:26
BRDA:47,0,0,0
BRDA:47,0,1,0
BRDA:47,1,0,0
BRDA:47,1,1,0
BRDA:60,2,0,0
BRDA:60,3,0,0
BRDA:63,4,0,0
BRDA:63,4,1,0
BRDA:67,5,0,0
BRDA:67,5,1,0
BRDA:82,6,0,0
BRDA:84,7,0,0
BRDA:84,7,1,0
BRDA:111,8,0,0
BRDA:111,8,1,0
BRDA:118,9,0,0
BRDA:118,9,1,0
BRDA:128,10,0,0
BRDA:128,10,1,0
BRDA:135,11,0,0
BRDA:135,11,1,0
BRDA:136,12,0,0
BRDA:136,12,1,0
BRDA:137,13,0,0
BRDA:137,13,1,0
BRDA:144,14,0,0
BRDA:144,14,1,0
BRDA:144,15,0,0
BRDA:144,15,1,0
BRDA:208,16,0,0
BRDA:208,16,1,0
BRDA:208,17,0,0
BRDA:208,17,1,0
BRDA:208,17,2,0
BRDA:208,17,3,0
BRDA:208,17,4,0
BRDA:211,18,0,0
BRDA:211,18,1,0
BRF:38
BRH:0
end_of_record
TN:
SF:apps/synch/src/app.constants.ts
FNF:0
FNH:0
DA:8,16
DA:9,16
LF:2
LH:2
BRF:0
BRH:0
end_of_record
TN:
SF:apps/synch/src/app.controller.ts
FN:14,(anonymous_2)
FN:17,(anonymous_3)
FNF:2
FNH:1
FNDA:1,(anonymous_2)
FNDA:0,(anonymous_3)
DA:4,1
DA:5,1
DA:8,1
DA:9,1
DA:13,1
DA:14,1
DA:17,1
DA:18,0
LF:8
LH:7
BRF:0
BRH:0
end_of_record
TN:
SF:apps/synch/src/app.service.ts
FN:25,(anonymous_2)
FN:34,(anonymous_3)
FN:49,(anonymous_4)
FN:52,(anonymous_5)
FN:61,(anonymous_6)
FN:91,(anonymous_7)
FN:109,(anonymous_8)
FN:110,(anonymous_9)
FN:117,(anonymous_10)
FN:155,(anonymous_11)
FN:159,(anonymous_12)
FN:207,(anonymous_13)
FNF:12
FNH:1
FNDA:1,(anonymous_2)
FNDA:0,(anonymous_3)
FNDA:0,(anonymous_4)
FNDA:0,(anonymous_5)
FNDA:0,(anonymous_6)
FNDA:0,(anonymous_7)
FNDA:0,(anonymous_8)
FNDA:0,(anonymous_9)
FNDA:0,(anonymous_10)
FNDA:0,(anonymous_11)
FNDA:0,(anonymous_12)
FNDA:0,(anonymous_13)
DA:4,2
DA:7,2
DA:8,2
DA:10,2
DA:11,2
DA:13,2
DA:15,2
DA:16,2
DA:17,2
DA:24,2
DA:26,1
DA:27,1
DA:28,1
DA:29,1
DA:30,1
DA:31,1
DA:34,1
DA:37,0
DA:39,0
DA:42,0
DA:43,0
DA:44,0
DA:46,0
DA:47,0
DA:49,0
DA:51,0
DA:52,0
DA:54,0
DA:55,0
DA:56,0
DA:59,0
DA:60,0
DA:61,0
DA:63,0
DA:64,0
DA:65,0
DA:68,0
DA:72,0
DA:73,0
DA:83,0
DA:85,0
DA:88,0
DA:91,1
DA:96,0
DA:100,0
DA:102,0
DA:109,0
DA:110,0
DA:114,0
DA:117,1
DA:118,0
DA:121,0
DA:125,0
DA:126,0
DA:130,0
DA:131,0
DA:133,0
DA:142,0
DA:144,0
DA:145,0
DA:147,0
DA:149,0
DA:152,0
DA:155,0
DA:158,0
DA:159,0
DA:162,0
DA:163,0
DA:165,0
DA:204,0
DA:207,1
DA:208,0
DA:210,0
DA:218,0
LF:74
LH:20
BRDA:39,0,0,0
BRDA:39,0,1,0
BRDA:47,1,0,0
BRDA:47,1,1,0
BRDA:48,2,0,0
BRDA:48,2,1,0
BRDA:54,3,0,0
BRDA:54,3,1,0
BRDA:59,4,0,0
BRDA:59,4,1,0
BRDA:59,5,0,0
BRDA:59,5,1,0
BRDA:63,6,0,0
BRDA:63,6,1,0
BRDA:72,7,0,0
BRDA:72,7,1,0
BRDA:122,8,0,0
BRDA:122,8,1,0
BRDA:121,9,0,0
BRDA:121,9,1,0
BRDA:125,10,0,0
BRDA:125,10,1,0
BRDA:125,11,0,0
BRDA:125,11,1,0
BRDA:136,12,0,0
BRDA:137,13,0,0
BRDA:138,14,0,0
BRDA:139,15,0,0
BRDA:140,16,0,0
BRDA:141,17,0,0
BRDA:145,18,0,0
BRDA:145,18,1,0
BRDA:145,19,0,0
BRDA:145,19,1,0
BRDA:147,20,0,0
BRDA:147,20,1,0
BRDA:149,21,0,0
BRDA:149,21,1,0
BRDA:153,22,0,0
BRDA:153,22,1,0
BRDA:155,23,0,0
BRDA:155,23,1,0
BRDA:159,24,0,0
BRDA:159,24,1,0
BRDA:159,25,0,0
BRDA:159,25,1,0
BRDA:162,26,0,0
BRDA:162,26,1,0
BRDA:163,27,0,0
BRDA:163,27,1,0
BRDA:163,28,0,0
BRDA:163,28,1,0
BRDA:175,29,0,0
BRDA:175,29,1,0
BRDA:175,30,0,0
BRDA:175,30,1,0
BRDA:185,31,0,0
BRDA:185,31,1,0
BRF:58
BRH:0
end_of_record
TN:
SF:libs/cache.interceptor/src/cache.interceptor.ts
FN:15,(anonymous_2)
FN:19,(anonymous_3)
FNF:2
FNH:1
FNDA:1,(anonymous_2)
FNDA:0,(anonymous_3)
DA:4,1
DA:5,1
DA:6,1
DA:10,1
DA:14,1
DA:15,1
DA:16,1
DA:20,0
DA:22,0
DA:23,0
DA:24,0
DA:25,0
DA:26,0
DA:27,0
DA:30,0
DA:31,0
DA:39,0
DA:43,1
LF:18
LH:8
BRDA:22,0,0,0
BRDA:22,0,1,0
BRDA:24,1,0,0
BRDA:24,1,1,0
BRDA:26,2,0,0
BRDA:26,2,1,0
BRDA:26,3,0,0
BRDA:26,3,1,0
BRDA:31,4,0,0
BRDA:31,4,1,0
BRDA:31,5,0,0
BRDA:31,5,1,0
BRF:12
BRH:0
end_of_record
TN:
SF:libs/config/src/config.module.ts
FN:13,(anonymous_1)
FNF:1
FNH:1
FNDA:11,(anonymous_1)
DA:4,37
DA:5,37
DA:12,37
DA:14,11
LF:4
LH:4
BRF:0
BRH:0
end_of_record
TN:
SF:libs/config/src/config.service.ts
FN:19,(anonymous_6)
FN:37,(anonymous_7)
FN:173,(anonymous_8)
FNF:3
FNH:3
FNDA:7,(anonymous_6)
FNDA:7,(anonymous_7)
FNDA:3,(anonymous_8)
DA:4,30
DA:5,30
DA:6,30
DA:7,30
DA:16,30
DA:19,7
DA:20,7
DA:21,7
DA:27,7
DA:29,7
DA:31,7
DA:38,7
DA:166,7
DA:167,7
DA:168,0
DA:170,7
DA:174,3
LF:17
LH:16
BRDA:167,0,0,0
BRDA:167,0,1,7
BRF:2
BRH:1
end_of_record
TN:
SF:libs/config/src/index.ts
FNF:0
FNH:0
DA:3,37
DA:4,37
LF:2
LH:2
BRF:0
BRH:0
end_of_record
TN:
SF:libs/image/src/image.module.ts
FNF:0
FNH:0
DA:4,18
DA:7,18
DA:8,18
DA:17,18
LF:4
LH:4
BRF:0
BRH:0
end_of_record
TN:
SF:libs/image/src/image.service.ts
FN:14,(anonymous_3)
FN:17,(anonymous_4)
FN:22,(anonymous_5)
FNF:3
FNH:1
FNDA:8,(anonymous_3)
FNDA:0,(anonymous_4)
FNDA:0,(anonymous_5)
DA:5,18
DA:6,18
DA:9,18
DA:13,18
DA:14,8
DA:17,8
DA:18,0
DA:23,0
DA:24,0
DA:34,0
LF:10
LH:6
BRDA:17,0,0,0
BRDA:17,1,0,0
BRDA:19,2,0,0
BRDA:19,2,1,0
BRDA:23,3,0,0
BRDA:23,3,1,0
BRF:6
BRH:0
end_of_record
TN:
SF:libs/image/src/index.ts
FNF:0
FNH:0
DA:3,18
DA:4,18
LF:2
LH:2
BRF:0
BRH:0
end_of_record
TN:
SF:libs/ldap/src/index.ts
FNF:0
FNH:0
DA:3,19
DA:4,19
DA:5,19
LF:3
LH:3
BRF:0
BRH:0
end_of_record
TN:
SF:libs/ldap/src/ldap.interface.ts
FNF:0
FNH:0
DA:9,25
DA:10,25
DA:368,25
LF:3
LH:3
BRF:0
BRH:0
end_of_record
TN:
SF:libs/ldap/src/ldap.module.ts
FN:20,(anonymous_1)
FN:27,(anonymous_2)
FN:35,(anonymous_3)
FN:48,(anonymous_4)
FN:58,(anonymous_5)
FNF:5
FNH:3
FNDA:0,(anonymous_1)
FNDA:5,(anonymous_2)
FNDA:5,(anonymous_3)
FNDA:5,(anonymous_4)
FNDA:0,(anonymous_5)
DA:4,20
DA:7,20
DA:8,20
DA:9,20
DA:10,20
DA:19,20
DA:21,0
DA:28,5
DA:36,5
DA:37,5
DA:39,0
DA:49,5
DA:50,5
DA:56,0
DA:58,0
LF:15
LH:11
BRDA:23,0,0,0
BRDA:23,0,1,0
BRDA:30,1,0,5
BRDA:30,1,1,5
BRDA:36,2,0,5
BRDA:36,2,1,0
BRDA:36,3,0,5
BRDA:36,3,1,5
BRDA:49,4,0,5
BRDA:49,4,1,0
BRDA:53,5,0,5
BRDA:53,5,1,5
BRDA:59,6,0,0
BRDA:59,6,1,0
BRF:14
BRH:8
end_of_record
TN:
SF:libs/ldap/src/ldap.service.ts
FN:54,(anonymous_6)
FN:165,(anonymous_7)
FN:255,(anonymous_8)
FN:130,(anonymous_9)
FN:132,(anonymous_10)
FN:143,(anonymous_11)
FN:154,(anonymous_12)
FN:181,(anonymous_13)
FN:195,(anonymous_14)
FN:209,(anonymous_15)
FN:219,(anonymous_16)
FN:229,(anonymous_17)
FN:230,(anonymous_18)
FN:269,(anonymous_19)
FN:271,(anonymous_20)
FN:272,(anonymous_21)
FN:276,(anonymous_22)
FN:289,(anonymous_23)
FN:313,(anonymous_24)
FN:315,(anonymous_25)
FN:339,(anonymous_26)
FN:356,(anonymous_27)
FN:385,(anonymous_28)
FN:386,(anonymous_29)
FN:401,(anonymous_30)
FN:415,(anonymous_31)
FN:436,(anonymous_32)
FN:437,(anonymous_33)
FN:444,(anonymous_34)
FN:456,(anonymous_35)
FN:479,(anonymous_36)
FN:480,(anonymous_37)
FN:495,(anonymous_38)
FN:506,(anonymous_39)
FN:518,(anonymous_40)
FN:531,(anonymous_41)
FN:533,(anonymous_42)
FN:543,(anonymous_43)
FN:558,(anonymous_44)
FN:560,(anonymous_45)
FN:561,(anonymous_46)
FN:562,(anonymous_47)
FN:592,(anonymous_48)
FN:593,(anonymous_49)
FN:595,(anonymous_50)
FN:617,(anonymous_51)
FN:640,(anonymous_52)
FN:652,(anonymous_53)
FN:656,(anonymous_54)
FN:697,(anonymous_55)
FN:700,(anonymous_56)
FN:701,(anonymous_57)
FN:704,(anonymous_58)
FNF:53
FNH:1
FNDA:1,(anonymous_6)
FNDA:0,(anonymous_7)
FNDA:0,(anonymous_8)
FNDA:0,(anonymous_9)
FNDA:0,(anonymous_10)
FNDA:0,(anonymous_11)
FNDA:0,(anonymous_12)
FNDA:0,(anonymous_13)
FNDA:0,(anonymous_14)
FNDA:0,(anonymous_15)
FNDA:0,(anonymous_16)
FNDA:0,(anonymous_17)
FNDA:0,(anonymous_18)
FNDA:0,(anonymous_19)
FNDA:0,(anonymous_20)
FNDA:0,(anonymous_21)
FNDA:0,(anonymous_22)
FNDA:0,(anonymous_23)
FNDA:0,(anonymous_24)
FNDA:0,(anonymous_25)
FNDA:0,(anonymous_26)
FNDA:0,(anonymous_27)
FNDA:0,(anonymous_28)
FNDA:0,(anonymous_29)
FNDA:0,(anonymous_30)
FNDA:0,(anonymous_31)
FNDA:0,(anonymous_32)
FNDA:0,(anonymous_33)
FNDA:0,(anonymous_34)
FNDA:0,(anonymous_35)
FNDA:0,(anonymous_36)
FNDA:0,(anonymous_37)
FNDA:0,(anonymous_38)
FNDA:0,(anonymous_39)
FNDA:0,(anonymous_40)
FNDA:0,(anonymous_41)
FNDA:0,(anonymous_42)
FNDA:0,(anonymous_43)
FNDA:0,(anonymous_44)
FNDA:0,(anonymous_45)
FNDA:0,(anonymous_46)
FNDA:0,(anonymous_47)
FNDA:0,(anonymous_48)
FNDA:0,(anonymous_49)
FNDA:0,(anonymous_50)
FNDA:0,(anonymous_51)
FNDA:0,(anonymous_52)
FNDA:0,(anonymous_53)
FNDA:0,(anonymous_54)
FNDA:0,(anonymous_55)
FNDA:0,(anonymous_56)
FNDA:0,(anonymous_57)
FNDA:0,(anonymous_58)
DA:4,16
DA:5,16
DA:6,16
DA:7,16
DA:8,16
DA:9,16
DA:12,16
DA:13,16
DA:14,16
DA:25,16
DA:55,1
DA:56,1
DA:57,1
DA:59,1
DA:61,1
DA:62,0
DA:63,0
DA:65,0
DA:92,0
DA:98,0
DA:101,1
DA:116,1
DA:117,1
DA:119,1
DA:120,1
DA:121,1
DA:123,1
DA:124,1
DA:126,1
DA:127,1
DA:129,1
DA:130,0
DA:131,0
DA:132,0
DA:136,1
DA:137,1
DA:139,1
DA:140,0
DA:141,0
DA:143,0
DA:144,0
DA:150,0
DA:154,1
DA:165,1
DA:166,0
DA:182,0
DA:183,0
DA:185,0
DA:196,0
DA:197,0
DA:210,0
DA:221,0
DA:222,0
DA:224,0
DA:227,0
DA:229,0
DA:230,0
DA:231,0
DA:232,0
DA:233,0
DA:235,0
DA:238,0
DA:239,0
DA:240,0
DA:241,0
DA:244,0
DA:255,1
DA:270,0
DA:272,0
DA:273,0
DA:277,0
DA:278,0
DA:279,0
DA:281,0
DA:282,0
DA:283,0
DA:288,0
DA:289,0
DA:290,0
DA:292,0
DA:293,0
DA:294,0
DA:295,0
DA:298,0
DA:299,0
DA:301,0
DA:302,0
DA:304,0
DA:305,0
DA:307,0
DA:308,0
DA:309,0
DA:313,0
DA:315,0
DA:316,0
DA:317,0
DA:320,0
DA:323,0
DA:340,0
DA:357,0
DA:358,0
DA:361,0
DA:363,0
DA:364,0
DA:365,0
DA:367,0
DA:371,0
DA:372,0
DA:379,0
DA:380,0
DA:383,0
DA:386,0
DA:387,0
DA:388,0
DA:391,0
DA:393,0
DA:395,0
DA:397,0
DA:402,0
DA:404,0
DA:416,0
DA:417,0
DA:421,0
DA:423,0
DA:430,0
DA:431,0
DA:434,0
DA:437,0
DA:439,0
DA:441,0
DA:445,0
DA:447,0
DA:457,0
DA:459,0
DA:460,0
DA:461,0
DA:463,0
DA:467,0
DA:473,0
DA:474,0
DA:477,0
DA:480,0
DA:481,0
DA:482,0
DA:485,0
DA:487,0
DA:489,0
DA:491,0
DA:496,0
DA:497,0
DA:498,0
DA:500,0
DA:501,0
DA:504,0
DA:507,0
DA:509,0
DA:519,0
DA:526,0
DA:527,0
DA:530,0
DA:532,0
DA:533,0
DA:534,0
DA:536,0
DA:539,0
DA:541,0
DA:544,0
DA:546,0
DA:559,0
DA:561,0
DA:562,0
DA:563,0
DA:564,0
DA:566,0
DA:569,0
DA:571,0
DA:572,0
DA:573,0
DA:575,0
DA:576,0
DA:577,0
DA:581,0
DA:593,0
DA:594,0
DA:595,0
DA:596,0
DA:597,0
DA:598,0
DA:600,0
DA:604,0
DA:618,0
DA:619,0
DA:620,0
DA:623,0
DA:625,0
DA:626,0
DA:633,0
DA:635,0
DA:640,0
DA:641,0
DA:643,0
DA:645,0
DA:646,0
DA:648,0
DA:652,0
DA:653,0
DA:657,0
DA:658,0
DA:660,0
DA:664,0
DA:665,0
DA:667,0
DA:668,0
DA:670,0
DA:680,0
DA:682,0
DA:684,0
DA:700,0
DA:701,0
DA:702,0
DA:704,0
DA:705,0
DA:707,0
LF:223
LH:32
BRDA:255,0,0,0
BRDA:255,0,1,0
BRDA:61,1,0,0
BRDA:61,1,1,1
BRDA:106,2,0,1
BRDA:106,2,1,1
BRDA:107,3,0,1
BRDA:107,3,1,1
BRDA:108,4,0,1
BRDA:108,4,1,1
BRDA:109,5,0,1
BRDA:109,5,1,1
BRDA:111,6,0,1
BRDA:111,6,1,1
BRDA:112,7,0,1
BRDA:112,7,1,1
BRDA:113,8,0,1
BRDA:113,8,1,1
BRDA:129,9,0,0
BRDA:129,9,1,1
BRDA:139,10,0,0
BRDA:139,10,1,1
BRDA:139,11,0,1
BRDA:139,11,1,0
BRDA:140,12,0,0
BRDA:140,12,1,0
BRDA:145,13,0,0
BRDA:145,13,1,0
BRDA:182,14,0,0
BRDA:182,14,1,0
BRDA:196,15,0,0
BRDA:196,15,1,0
BRDA:221,16,0,0
BRDA:221,16,1,0
BRDA:221,17,0,0
BRDA:221,17,1,0
BRDA:231,18,0,0
BRDA:231,18,1,0
BRDA:240,19,0,0
BRDA:240,19,1,0
BRDA:277,20,0,0
BRDA:277,20,1,0
BRDA:281,21,0,0
BRDA:281,21,1,0
BRDA:293,22,0,0
BRDA:293,22,1,0
BRDA:298,23,0,0
BRDA:298,23,1,0
BRDA:301,24,0,0
BRDA:301,24,1,0
BRDA:304,25,0,0
BRDA:304,25,1,0
BRDA:308,26,0,0
BRDA:308,26,1,0
BRDA:316,27,0,0
BRDA:316,27,1,0
BRDA:357,28,0,0
BRDA:357,28,1,0
BRDA:361,29,0,0
BRDA:361,29,1,0
BRDA:364,30,0,0
BRDA:364,30,1,0
BRDA:364,31,0,0
BRDA:364,31,1,0
BRDA:364,31,2,0
BRDA:379,32,0,0
BRDA:379,32,1,0
BRDA:387,33,0,0
BRDA:387,33,1,0
BRDA:392,34,0,0
BRDA:392,34,1,0
BRDA:392,34,2,0
BRDA:416,35,0,0
BRDA:416,35,1,0
BRDA:421,36,0,0
BRDA:421,36,1,0
BRDA:430,37,0,0
BRDA:430,37,1,0
BRDA:434,38,0,0
BRDA:434,38,1,0
BRDA:457,39,0,0
BRDA:457,39,1,0
BRDA:460,40,0,0
BRDA:460,40,1,0
BRDA:460,41,0,0
BRDA:460,41,1,0
BRDA:460,41,2,0
BRDA:473,42,0,0
BRDA:473,42,1,0
BRDA:481,43,0,0
BRDA:481,43,1,0
BRDA:486,44,0,0
BRDA:486,44,1,0
BRDA:486,44,2,0
BRDA:496,45,0,0
BRDA:496,45,1,0
BRDA:496,46,0,0
BRDA:496,46,1,0
BRDA:526,47,0,0
BRDA:526,47,1,0
BRDA:532,48,0,0
BRDA:532,48,1,0
BRDA:563,49,0,0
BRDA:563,49,1,0
BRDA:571,50,0,0
BRDA:571,50,1,0
BRDA:575,51,0,0
BRDA:575,51,1,0
BRDA:594,52,0,0
BRDA:594,52,1,0
BRDA:596,53,0,0
BRDA:596,53,1,0
BRDA:618,54,0,0
BRDA:618,54,1,0
BRDA:618,55,0,0
BRDA:618,55,1,0
BRDA:618,55,2,0
BRDA:623,56,0,0
BRDA:623,56,1,0
BRDA:626,57,0,0
BRDA:626,57,1,0
BRDA:627,58,0,0
BRDA:627,58,1,0
BRDA:627,58,2,0
BRDA:627,58,3,0
BRDA:627,58,4,0
BRDA:645,59,0,0
BRDA:645,59,1,0
BRDA:654,60,0,0
BRDA:654,60,1,0
BRDA:657,61,0,0
BRDA:657,61,1,0
BRDA:667,62,0,0
BRDA:667,62,1,0
BRF:134
BRH:18
end_of_record
TN:
SF:libs/logger/src/index.ts
FNF:0
FNH:0
DA:3,44
DA:4,44
LF:2
LH:2
BRF:0
BRH:0
end_of_record
TN:
SF:libs/logger/src/logger.module.ts
FNF:0
FNH:0
DA:4,44
DA:7,44
DA:15,44
LF:3
LH:3
BRF:0
BRH:0
end_of_record
TN:
SF:libs/logger/src/logger.service.ts
FN:10,(anonymous_0)
FN:23,(anonymous_1)
FN:37,(anonymous_2)
FN:45,(anonymous_3)
FN:53,(anonymous_4)
FN:61,(anonymous_5)
FN:74,(anonymous_6)
FN:81,(anonymous_7)
FN:90,(anonymous_8)
FN:97,(anonymous_9)
FN:101,(anonymous_10)
FN:105,(anonymous_11)
FNF:12
FNH:1
FNDA:12,(anonymous_0)
FNDA:0,(anonymous_1)
FNDA:0,(anonymous_2)
FNDA:0,(anonymous_3)
FNDA:0,(anonymous_4)
FNDA:0,(anonymous_5)
FNDA:0,(anonymous_6)
FNDA:0,(anonymous_7)
FNDA:0,(anonymous_8)
FNDA:0,(anonymous_9)
FNDA:0,(anonymous_10)
FNDA:0,(anonymous_11)
DA:5,32
DA:8,32
DA:10,32
DA:11,12
DA:13,12
DA:24,0
DA:25,0
DA:26,0
DA:27,0
DA:28,0
DA:30,0
DA:31,0
DA:33,0
DA:38,0
DA:39,0
DA:41,0
DA:46,0
DA:47,0
DA:49,0
DA:54,0
DA:55,0
DA:57,0
DA:62,0
DA:63,0
DA:65,0
DA:75,0
DA:82,0
DA:83,0
DA:91,0
DA:98,0
DA:102,0
DA:106,0
LF:32
LH:5
BRDA:26,0,0,0
BRDA:26,0,1,0
BRDA:30,1,0,0
BRDA:30,1,1,0
BRDA:38,2,0,0
BRDA:38,2,1,0
BRDA:46,3,0,0
BRDA:46,3,1,0
BRDA:54,4,0,0
BRDA:54,4,1,0
BRDA:62,5,0,0
BRDA:62,5,1,0
BRDA:82,6,0,0
BRDA:82,6,1,0
BRF:14
BRH:0
end_of_record
TN:
SF:libs/logging.interceptor/src/logging.interceptor.ts
FN:24,(anonymous_2)
FN:28,(anonymous_3)
FN:39,(anonymous_4)
FN:58,(anonymous_5)
FN:81,(anonymous_6)
FNF:5
FNH:1
FNDA:1,(anonymous_2)
FNDA:0,(anonymous_3)
FNDA:0,(anonymous_4)
FNDA:0,(anonymous_5)
FNDA:0,(anonymous_6)
DA:5,1
DA:6,1
DA:7,1
DA:9,1
DA:12,1
DA:13,1
DA:21,1
DA:24,1
DA:25,1
DA:29,0
DA:30,0
DA:32,0
DA:34,0
DA:36,0
DA:40,0
DA:50,0
DA:52,0
DA:53,0
DA:55,0
DA:59,0
DA:67,0
DA:68,0
DA:69,0
DA:70,0
DA:71,0
DA:73,0
DA:74,0
DA:75,0
DA:78,0
DA:82,0
DA:94,1
LF:31
LH:10
BRDA:33,0,0,0
BRDA:33,0,1,0
BRDA:33,0,2,0
BRDA:52,1,0,0
BRDA:52,1,1,0
BRDA:68,2,0,0
BRDA:68,2,1,0
BRDA:71,3,0,0
BRDA:71,3,1,0
BRDA:71,3,2,0
BRDA:74,4,0,0
BRDA:74,4,1,0
BRF:12
BRH:0
end_of_record
TN:
SF:libs/soap/src/index.ts
FNF:0
FNH:0
DA:3,2
DA:4,2
DA:5,2
LF:3
LH:3
BRF:0
BRH:0
end_of_record
TN:
SF:libs/soap/src/soap.interface.ts
FNF:0
FNH:0
DA:11,4
LF:1
LH:1
BRF:0
BRH:0
end_of_record
TN:
SF:libs/soap/src/soap.module.ts
FN:16,(anonymous_1)
FN:23,(anonymous_2)
FN:31,(anonymous_3)
FN:44,(anonymous_4)
FN:54,(anonymous_5)
FNF:5
FNH:3
FNDA:0,(anonymous_1)
FNDA:2,(anonymous_2)
FNDA:2,(anonymous_3)
FNDA:2,(anonymous_4)
FNDA:0,(anonymous_5)
DA:4,3
DA:7,3
DA:8,3
DA:15,3
DA:17,0
DA:24,2
DA:32,2
DA:33,2
DA:35,0
DA:45,2
DA:46,2
DA:52,0
DA:54,0
LF:13
LH:9
BRDA:19,0,0,0
BRDA:19,0,1,0
BRDA:26,1,0,2
BRDA:26,1,1,2
BRDA:32,2,0,2
BRDA:32,2,1,0
BRDA:32,3,0,2
BRDA:32,3,1,2
BRDA:45,4,0,2
BRDA:45,4,1,0
BRDA:49,5,0,2
BRDA:49,5,1,2
BRDA:55,6,0,0
BRDA:55,6,1,0
BRF:14
BRH:8
end_of_record
TN:
SF:libs/soap/src/soap.service.ts
FN:24,(anonymous_4)
FN:30,(anonymous_5)
FN:46,(anonymous_6)
FN:52,(anonymous_7)
FNF:4
FNH:1
FNDA:1,(anonymous_4)
FNDA:0,(anonymous_5)
FNDA:0,(anonymous_6)
FNDA:0,(anonymous_7)
DA:4,3
DA:5,3
DA:8,3
DA:9,3
DA:10,3
DA:17,3
DA:25,1
DA:26,1
DA:27,1
DA:31,0
DA:32,0
DA:45,0
DA:47,0
DA:48,0
DA:50,0
DA:53,0
DA:55,0
LF:17
LH:9
BRDA:31,0,0,0
BRDA:31,0,1,0
BRDA:31,1,0,0
BRDA:31,1,1,0
BRDA:31,1,2,0
BRDA:47,2,0,0
BRDA:47,2,1,0
BRDA:47,3,0,0
BRDA:47,3,1,0
BRDA:47,3,2,0
BRF:10
BRH:0
end_of_record
